[2024-07-15 20:58:05,815][   train_val.py][line:  57][    INFO] args: Namespace(config='./stitch-o_config.yaml', evaluate=False)
[2024-07-15 20:58:05,817][   train_val.py][line:  58][    INFO] config: {'criterion': [{'kwargs': {'weight': 1.0},
                'name': 'FeatureMSELoss',
                'type': 'FeatureMSELoss'}],
 'dataset': {'batch_size': 64,
             'image_reader': {'kwargs': {'image_dir': './chunks/'},
                              'type': 'npy'},
             'input_size': [176, 176],
             'normals': [0],
             'test': {'meta_file': './chunks/metadata/test_metadata.json'},
             'train': {'hflip': False,
                       'meta_file': './chunks/metadata/train_metadata.json',
                       'rebalance': False,
                       'rotate': True,
                       'vflip': False},
             'type': 'custom',
             'workers': 8},
 'evaluator': {'eval_dir': '.\\result_eval_temp',
               'key_metric': 'mean_std_auc',
               'metrics': {'auc': [{'name': 'std'},
                                   {'kwargs': {'avgpool_size': [16, 16]},
                                    'name': 'max'},
                                   {'name': 'mean'}]},
               'save_dir': 'result_eval_temp'},
 'exp_path': '.',
 'frozen_layers': ['backbone'],
 'log_path': '.\\log/',
 'net': [{'frozen': True,
          'kwargs': {'outblocks': [1, 5, 9, 21],
                     'outstrides': [2, 4, 8, 16],
                     'pretrained': True},
          'name': 'backbone',
          'type': 'models.backbones.efficientnet_b4'},
         {'kwargs': {'outplanes': [272], 'outstrides': [16]},
          'name': 'neck',
          'prev': 'backbone',
          'type': 'models.necks.MFCN'},
         {'kwargs': {'activation': 'relu',
                     'dim_feedforward': 1024,
                     'dropout': 0.1,
                     'feature_jitter': {'prob': 1.0, 'scale': 20.0},
                     'feature_size': [11, 11],
                     'hidden_dim': 256,
                     'initializer': {'method': 'xavier_uniform'},
                     'neighbor_mask': {'mask': [True, True, True],
                                       'neighbor_size': [7, 7]},
                     'nhead': 8,
                     'normalize_before': False,
                     'num_decoder_layers': 4,
                     'num_encoder_layers': 4,
                     'pos_embed_type': 'learned',
                     'save_recon': False},
          'name': 'reconstruction',
          'prev': 'neck',
          'type': 'models.reconstructions.UniAD'}],
 'port': 11111,
 'random_seed': 133,
 'save_path': '.\\stitch-o_checkpoint/',
 'saver': {'always_save': False,
           'auto_resume': False,
           'load_path': 'stitch-o_checkpoint/ckpt.pth.tar',
           'log_dir': 'log/',
           'save_dir': 'stitch-o_checkpoint/'},
 'trainer': {'clip_max_norm': 0.1,
             'lr_scheduler': {'kwargs': {'gamma': 0.1, 'step_size': 50},
                              'type': 'StepLR'},
             'max_epoch': 250,
             'optimizer': {'kwargs': {'betas': [0.9, 0.999],
                                      'lr': 0.0001,
                                      'weight_decay': 0.0001},
                           'type': 'AdamW'},
             'print_freq_step': 200,
             'tb_freq_step': 1,
             'val_freq_epoch': 10},
 'version': 'v1.0.0'}
[2024-07-15 20:58:06,062][       utils.py][line: 740][    INFO]  not exist, load from https://github.com/lukemelas/EfficientNet-PyTorch/releases/download/1.0/efficientnet-b4-6ed6700e.pth
[2024-07-15 20:58:06,135][       utils.py][line: 761][    INFO] Loaded ImageNet pretrained efficientnet-b4
[2024-07-15 20:58:06,328][   train_val.py][line:  77][    INFO] layers: ['backbone', 'neck', 'reconstruction']
[2024-07-15 20:58:06,329][   train_val.py][line:  78][    INFO] active layers: ['reconstruction', 'neck']
[2024-07-15 20:58:10,379][custom_dataset.py][line:  38][    INFO] building CustomDataset from: ./chunks/metadata/train_metadata.json
[2024-07-15 20:58:10,460][custom_dataset.py][line:  38][    INFO] building CustomDataset from: ./chunks/metadata/test_metadata.json
[2024-07-15 20:58:41,061][   train_val.py][line: 203][ WARNING] NaN or Inf detected in model output at step 3
[2024-07-15 20:58:42,752][   train_val.py][line: 203][ WARNING] NaN or Inf detected in model output at step 12
[2024-07-15 20:58:48,138][   train_val.py][line: 203][ WARNING] NaN or Inf detected in model output at step 40
[2024-07-15 20:58:49,639][   train_val.py][line: 203][ WARNING] NaN or Inf detected in model output at step 48
[2024-07-15 20:58:52,123][   train_val.py][line: 203][ WARNING] NaN or Inf detected in model output at step 61
[2024-07-15 20:58:52,655][   train_val.py][line: 203][ WARNING] NaN or Inf detected in model output at step 64
[2024-07-15 20:58:53,182][   train_val.py][line: 203][ WARNING] NaN or Inf detected in model output at step 67
[2024-07-15 20:58:53,906][   train_val.py][line: 203][ WARNING] NaN or Inf detected in model output at step 71
[2024-07-15 20:58:55,216][   train_val.py][line: 203][ WARNING] NaN or Inf detected in model output at step 78
[2024-07-15 20:58:55,356][   train_val.py][line: 203][ WARNING] NaN or Inf detected in model output at step 79
[2024-07-15 20:58:56,683][   train_val.py][line: 203][ WARNING] NaN or Inf detected in model output at step 86
[2024-07-15 20:58:59,938][   train_val.py][line: 203][ WARNING] NaN or Inf detected in model output at step 103
[2024-07-15 20:59:05,542][   train_val.py][line: 203][ WARNING] NaN or Inf detected in model output at step 132
[2024-07-15 20:59:06,849][   train_val.py][line: 203][ WARNING] NaN or Inf detected in model output at step 139
[2024-07-15 20:59:06,991][   train_val.py][line: 203][ WARNING] NaN or Inf detected in model output at step 140
[2024-07-15 20:59:07,926][   train_val.py][line: 203][ WARNING] NaN or Inf detected in model output at step 145
[2024-07-15 20:59:12,740][   train_val.py][line: 203][ WARNING] NaN or Inf detected in model output at step 170
[2024-07-15 20:59:13,269][   train_val.py][line: 203][ WARNING] NaN or Inf detected in model output at step 173
[2024-07-15 20:59:17,107][   train_val.py][line: 203][ WARNING] NaN or Inf detected in model output at step 193
[2024-07-15 20:59:18,271][   train_val.py][line: 235][    INFO] Epoch: [1/250]	Iter: [200/69500]	Time 0.19 (0.37)	Data 0.00 (0.15)	Loss 18.86023 (20.35760)	LR 0.00010	
[2024-07-15 20:59:23,489][   train_val.py][line: 203][ WARNING] NaN or Inf detected in model output at step 226
[2024-07-15 20:59:26,171][   train_val.py][line: 203][ WARNING] NaN or Inf detected in model output at step 240
[2024-07-15 20:59:28,069][   train_val.py][line: 203][ WARNING] NaN or Inf detected in model output at step 250
[2024-07-15 21:00:06,317][   train_val.py][line: 203][ WARNING] NaN or Inf detected in model output at step 292
[2024-07-15 21:00:08,020][   train_val.py][line: 203][ WARNING] NaN or Inf detected in model output at step 301
[2024-07-15 21:00:09,524][   train_val.py][line: 203][ WARNING] NaN or Inf detected in model output at step 309
[2024-07-15 21:00:10,052][   train_val.py][line: 203][ WARNING] NaN or Inf detected in model output at step 312
[2024-07-15 21:00:10,776][   train_val.py][line: 203][ WARNING] NaN or Inf detected in model output at step 316
[2024-07-15 21:00:15,973][   train_val.py][line: 203][ WARNING] NaN or Inf detected in model output at step 343
[2024-07-15 21:00:21,191][   train_val.py][line: 203][ WARNING] NaN or Inf detected in model output at step 370
[2024-07-15 21:00:22,888][   train_val.py][line: 203][ WARNING] NaN or Inf detected in model output at step 379
[2024-07-15 21:00:25,756][   train_val.py][line: 203][ WARNING] NaN or Inf detected in model output at step 394
[2024-07-15 21:00:26,724][   train_val.py][line: 235][    INFO] Epoch: [2/250]	Iter: [400/69500]	Time 0.19 (0.46)	Data 0.00 (0.24)	Loss 17.30533 (18.52318)	LR 0.00010	
[2024-07-15 21:00:27,848][   train_val.py][line: 203][ WARNING] NaN or Inf detected in model output at step 405
[2024-07-15 21:00:27,989][   train_val.py][line: 203][ WARNING] NaN or Inf detected in model output at step 406
[2024-07-15 21:00:32,235][   train_val.py][line: 203][ WARNING] NaN or Inf detected in model output at step 428
[2024-07-15 21:00:34,324][   train_val.py][line: 203][ WARNING] NaN or Inf detected in model output at step 439
[2024-07-15 21:00:35,833][   train_val.py][line: 203][ WARNING] NaN or Inf detected in model output at step 447
[2024-07-15 21:00:35,980][   train_val.py][line: 203][ WARNING] NaN or Inf detected in model output at step 448
[2024-07-15 21:00:37,686][   train_val.py][line: 203][ WARNING] NaN or Inf detected in model output at step 457
[2024-07-15 21:00:47,205][   train_val.py][line: 203][ WARNING] NaN or Inf detected in model output at step 506
[2024-07-15 21:00:49,491][   train_val.py][line: 203][ WARNING] NaN or Inf detected in model output at step 518
[2024-07-15 21:00:53,743][   train_val.py][line: 203][ WARNING] NaN or Inf detected in model output at step 540
[2024-07-15 21:00:55,048][   train_val.py][line: 203][ WARNING] NaN or Inf detected in model output at step 547
[2024-07-15 21:00:55,575][   train_val.py][line: 203][ WARNING] NaN or Inf detected in model output at step 550
[2024-07-15 21:01:30,945][   train_val.py][line: 203][ WARNING] NaN or Inf detected in model output at step 584
[2024-07-15 21:01:33,855][   train_val.py][line: 235][    INFO] Epoch: [3/250]	Iter: [600/69500]	Time 0.19 (0.85)	Data 0.00 (0.63)	Loss 16.09684 (18.35247)	LR 0.00010	
[2024-07-15 21:01:34,200][   train_val.py][line: 203][ WARNING] NaN or Inf detected in model output at step 601
[2024-07-15 21:01:34,725][   train_val.py][line: 203][ WARNING] NaN or Inf detected in model output at step 604
[2024-07-15 21:01:38,563][   train_val.py][line: 203][ WARNING] NaN or Inf detected in model output at step 624
[2024-07-15 21:01:39,679][   train_val.py][line: 203][ WARNING] NaN or Inf detected in model output at step 630
[2024-07-15 21:01:44,701][   train_val.py][line: 203][ WARNING] NaN or Inf detected in model output at step 656
[2024-07-15 21:01:45,231][   train_val.py][line: 203][ WARNING] NaN or Inf detected in model output at step 659
[2024-07-15 21:01:46,349][   train_val.py][line: 203][ WARNING] NaN or Inf detected in model output at step 665
[2024-07-15 21:01:47,268][   train_val.py][line: 203][ WARNING] NaN or Inf detected in model output at step 670
[2024-07-15 21:01:48,588][   train_val.py][line: 203][ WARNING] NaN or Inf detected in model output at step 677
[2024-07-15 21:01:49,312][   train_val.py][line: 203][ WARNING] NaN or Inf detected in model output at step 681
[2024-07-15 21:01:51,016][   train_val.py][line: 203][ WARNING] NaN or Inf detected in model output at step 690
[2024-07-15 21:01:52,130][   train_val.py][line: 203][ WARNING] NaN or Inf detected in model output at step 696
[2024-07-15 21:01:54,019][   train_val.py][line: 203][ WARNING] NaN or Inf detected in model output at step 706
[2024-07-15 21:01:55,521][   train_val.py][line: 203][ WARNING] NaN or Inf detected in model output at step 714
[2024-07-15 21:01:57,807][   train_val.py][line: 203][ WARNING] NaN or Inf detected in model output at step 726
[2024-07-15 21:01:58,728][   train_val.py][line: 203][ WARNING] NaN or Inf detected in model output at step 731
[2024-07-15 21:02:02,571][   train_val.py][line: 203][ WARNING] NaN or Inf detected in model output at step 751
[2024-07-15 21:02:04,661][   train_val.py][line: 203][ WARNING] NaN or Inf detected in model output at step 762
[2024-07-15 21:02:05,773][   train_val.py][line: 203][ WARNING] NaN or Inf detected in model output at step 768
[2024-07-15 21:02:05,913][   train_val.py][line: 203][ WARNING] NaN or Inf detected in model output at step 769
[2024-07-15 21:02:11,331][   train_val.py][line: 203][ WARNING] NaN or Inf detected in model output at step 797
[2024-07-15 21:02:11,668][   train_val.py][line: 203][ WARNING] NaN or Inf detected in model output at step 799
[2024-07-15 21:02:12,794][   train_val.py][line: 203][ WARNING] NaN or Inf detected in model output at step 805
[2024-07-15 21:02:15,855][   train_val.py][line: 203][ WARNING] NaN or Inf detected in model output at step 821
[2024-07-15 21:02:53,551][   train_val.py][line: 203][ WARNING] NaN or Inf detected in model output at step 866
[2024-07-15 21:02:54,668][   train_val.py][line: 203][ WARNING] NaN or Inf detected in model output at step 872
[2024-07-15 21:02:55,585][   train_val.py][line: 203][ WARNING] NaN or Inf detected in model output at step 877
[2024-07-15 21:02:58,253][   train_val.py][line: 203][ WARNING] NaN or Inf detected in model output at step 891
[2024-07-15 21:03:09,318][   train_val.py][line: 203][ WARNING] NaN or Inf detected in model output at step 948
[2024-07-15 21:03:10,044][   train_val.py][line: 203][ WARNING] NaN or Inf detected in model output at step 952
[2024-07-15 21:03:14,282][   train_val.py][line: 203][ WARNING] NaN or Inf detected in model output at step 974
[2024-07-15 21:03:14,817][   train_val.py][line: 203][ WARNING] NaN or Inf detected in model output at step 977
[2024-07-15 21:03:19,100][   train_val.py][line: 235][    INFO] Epoch: [4/250]	Iter: [1000/69500]	Time 0.20 (0.38)	Data 0.00 (0.18)	Loss 17.52996 (18.89370)	LR 0.00010	
[2024-07-15 21:03:19,447][   train_val.py][line: 203][ WARNING] NaN or Inf detected in model output at step 1001
[2024-07-15 21:03:19,589][   train_val.py][line: 203][ WARNING] NaN or Inf detected in model output at step 1002
[2024-07-15 21:03:23,447][   train_val.py][line: 203][ WARNING] NaN or Inf detected in model output at step 1022
[2024-07-15 21:03:25,536][   train_val.py][line: 203][ WARNING] NaN or Inf detected in model output at step 1033
[2024-07-15 21:03:27,833][   train_val.py][line: 203][ WARNING] NaN or Inf detected in model output at step 1045
[2024-07-15 21:03:28,168][   train_val.py][line: 203][ WARNING] NaN or Inf detected in model output at step 1047
[2024-07-15 21:03:28,317][   train_val.py][line: 203][ WARNING] NaN or Inf detected in model output at step 1048
[2024-07-15 21:03:28,457][   train_val.py][line: 203][ WARNING] NaN or Inf detected in model output at step 1049
[2024-07-15 21:03:28,605][   train_val.py][line: 203][ WARNING] NaN or Inf detected in model output at step 1050
[2024-07-15 21:03:29,731][   train_val.py][line: 203][ WARNING] NaN or Inf detected in model output at step 1056
[2024-07-15 21:03:30,264][   train_val.py][line: 203][ WARNING] NaN or Inf detected in model output at step 1059
[2024-07-15 21:03:33,718][   train_val.py][line: 203][ WARNING] NaN or Inf detected in model output at step 1077
[2024-07-15 21:03:36,593][   train_val.py][line: 203][ WARNING] NaN or Inf detected in model output at step 1092
[2024-07-15 21:03:36,734][   train_val.py][line: 203][ WARNING] NaN or Inf detected in model output at step 1093
[2024-07-15 21:04:11,584][   train_val.py][line: 203][ WARNING] NaN or Inf detected in model output at step 1124
[2024-07-15 21:04:12,115][   train_val.py][line: 203][ WARNING] NaN or Inf detected in model output at step 1127
[2024-07-15 21:04:12,448][   train_val.py][line: 203][ WARNING] NaN or Inf detected in model output at step 1129
[2024-07-15 21:04:16,106][   train_val.py][line: 203][ WARNING] NaN or Inf detected in model output at step 1148
[2024-07-15 21:04:17,220][   train_val.py][line: 203][ WARNING] NaN or Inf detected in model output at step 1154
[2024-07-15 21:04:18,722][   train_val.py][line: 203][ WARNING] NaN or Inf detected in model output at step 1162
[2024-07-15 21:04:19,253][   train_val.py][line: 203][ WARNING] NaN or Inf detected in model output at step 1165
[2024-07-15 21:04:21,144][   train_val.py][line: 203][ WARNING] NaN or Inf detected in model output at step 1175
[2024-07-15 21:04:21,674][   train_val.py][line: 203][ WARNING] NaN or Inf detected in model output at step 1178
[2024-07-15 21:04:21,819][   train_val.py][line: 203][ WARNING] NaN or Inf detected in model output at step 1179
[2024-07-15 21:04:22,549][   train_val.py][line: 203][ WARNING] NaN or Inf detected in model output at step 1183
[2024-07-15 21:04:23,856][   train_val.py][line: 203][ WARNING] NaN or Inf detected in model output at step 1190
[2024-07-15 21:04:25,609][   train_val.py][line: 235][    INFO] Epoch: [5/250]	Iter: [1200/69500]	Time 0.19 (0.59)	Data 0.00 (0.34)	Loss 16.73097 (17.69061)	LR 0.00010	
[2024-07-15 21:04:29,864][   train_val.py][line: 203][ WARNING] NaN or Inf detected in model output at step 1221
[2024-07-15 21:04:31,562][   train_val.py][line: 203][ WARNING] NaN or Inf detected in model output at step 1230
[2024-07-15 21:04:36,373][   train_val.py][line: 203][ WARNING] NaN or Inf detected in model output at step 1255
[2024-07-15 21:04:38,847][   train_val.py][line: 203][ WARNING] NaN or Inf detected in model output at step 1268
[2024-07-15 21:04:39,378][   train_val.py][line: 203][ WARNING] NaN or Inf detected in model output at step 1271
[2024-07-15 21:04:43,424][   train_val.py][line: 203][ WARNING] NaN or Inf detected in model output at step 1292
[2024-07-15 21:04:44,730][   train_val.py][line: 203][ WARNING] NaN or Inf detected in model output at step 1299
[2024-07-15 21:04:47,998][   train_val.py][line: 203][ WARNING] NaN or Inf detected in model output at step 1316
[2024-07-15 21:04:50,098][   train_val.py][line: 203][ WARNING] NaN or Inf detected in model output at step 1327
[2024-07-15 21:04:50,629][   train_val.py][line: 203][ WARNING] NaN or Inf detected in model output at step 1330
[2024-07-15 21:04:58,184][   train_val.py][line: 203][ WARNING] NaN or Inf detected in model output at step 1369
[2024-07-15 21:05:32,210][   train_val.py][line: 203][ WARNING] NaN or Inf detected in model output at step 1396
[2024-07-15 21:05:32,788][   train_val.py][line: 235][    INFO] Epoch: [6/250]	Iter: [1400/69500]	Time 0.20 (3.33)	Data 0.00 (2.79)	Loss 15.74656 (25.19053)	LR 0.00010	
[2024-07-15 21:05:33,524][   train_val.py][line: 203][ WARNING] NaN or Inf detected in model output at step 1403
[2024-07-15 21:05:34,053][   train_val.py][line: 203][ WARNING] NaN or Inf detected in model output at step 1406
[2024-07-15 21:05:35,749][   train_val.py][line: 203][ WARNING] NaN or Inf detected in model output at step 1415
[2024-07-15 21:05:36,473][   train_val.py][line: 203][ WARNING] NaN or Inf detected in model output at step 1419
[2024-07-15 21:05:43,056][   train_val.py][line: 203][ WARNING] NaN or Inf detected in model output at step 1453
[2024-07-15 21:05:44,382][   train_val.py][line: 203][ WARNING] NaN or Inf detected in model output at step 1460
[2024-07-15 21:05:45,884][   train_val.py][line: 203][ WARNING] NaN or Inf detected in model output at step 1468
[2024-07-15 21:05:46,818][   train_val.py][line: 203][ WARNING] NaN or Inf detected in model output at step 1473
[2024-07-15 21:05:47,939][   train_val.py][line: 203][ WARNING] NaN or Inf detected in model output at step 1479
[2024-07-15 21:05:49,639][   train_val.py][line: 203][ WARNING] NaN or Inf detected in model output at step 1488
[2024-07-15 21:05:52,155][   train_val.py][line: 203][ WARNING] NaN or Inf detected in model output at step 1501
[2024-07-15 21:05:58,162][   train_val.py][line: 203][ WARNING] NaN or Inf detected in model output at step 1532
[2024-07-15 21:06:00,119][   train_val.py][line: 203][ WARNING] NaN or Inf detected in model output at step 1542
[2024-07-15 21:06:00,694][   train_val.py][line: 203][ WARNING] NaN or Inf detected in model output at step 1545
[2024-07-15 21:06:10,851][   train_val.py][line: 203][ WARNING] NaN or Inf detected in model output at step 1595
[2024-07-15 21:06:11,744][   train_val.py][line: 235][    INFO] Epoch: [6/250]	Iter: [1600/69500]	Time 0.22 (0.36)	Data 0.00 (0.01)	Loss 15.71806 (18.68973)	LR 0.00010	
[2024-07-15 21:06:13,394][   train_val.py][line: 203][ WARNING] NaN or Inf detected in model output at step 1607
[2024-07-15 21:06:13,754][   train_val.py][line: 203][ WARNING] NaN or Inf detected in model output at step 1609
[2024-07-15 21:06:18,336][   train_val.py][line: 203][ WARNING] NaN or Inf detected in model output at step 1630
[2024-07-15 21:06:20,371][   train_val.py][line: 203][ WARNING] NaN or Inf detected in model output at step 1640
[2024-07-15 21:06:59,753][   train_val.py][line: 203][ WARNING] NaN or Inf detected in model output at step 1691
[2024-07-15 21:06:59,924][   train_val.py][line: 203][ WARNING] NaN or Inf detected in model output at step 1692
[2024-07-15 21:07:02,752][   train_val.py][line: 203][ WARNING] NaN or Inf detected in model output at step 1706
[2024-07-15 21:07:02,910][   train_val.py][line: 203][ WARNING] NaN or Inf detected in model output at step 1707
[2024-07-15 21:07:04,699][   train_val.py][line: 203][ WARNING] NaN or Inf detected in model output at step 1716
[2024-07-15 21:07:06,067][   train_val.py][line: 203][ WARNING] NaN or Inf detected in model output at step 1723
[2024-07-15 21:07:06,235][   train_val.py][line: 203][ WARNING] NaN or Inf detected in model output at step 1724
[2024-07-15 21:07:09,086][   train_val.py][line: 203][ WARNING] NaN or Inf detected in model output at step 1738
[2024-07-15 21:07:15,242][   train_val.py][line: 203][ WARNING] NaN or Inf detected in model output at step 1768
[2024-07-15 21:07:16,011][   train_val.py][line: 203][ WARNING] NaN or Inf detected in model output at step 1772
[2024-07-15 21:07:16,171][   train_val.py][line: 203][ WARNING] NaN or Inf detected in model output at step 1773
[2024-07-15 21:07:20,433][   train_val.py][line: 203][ WARNING] NaN or Inf detected in model output at step 1794
[2024-07-15 21:07:21,434][   train_val.py][line: 235][    INFO] Epoch: [7/250]	Iter: [1800/69500]	Time 0.20 (0.46)	Data 0.00 (0.23)	Loss 15.92388 (18.61217)	LR 0.00010	
[2024-07-15 21:07:24,193][   train_val.py][line: 203][ WARNING] NaN or Inf detected in model output at step 1813
[2024-07-15 21:07:26,137][   train_val.py][line: 203][ WARNING] NaN or Inf detected in model output at step 1823
[2024-07-15 21:07:32,751][   train_val.py][line: 203][ WARNING] NaN or Inf detected in model output at step 1856
[2024-07-15 21:07:35,485][   train_val.py][line: 203][ WARNING] NaN or Inf detected in model output at step 1870
[2024-07-15 21:07:35,643][   train_val.py][line: 203][ WARNING] NaN or Inf detected in model output at step 1871
[2024-07-15 21:07:36,604][   train_val.py][line: 203][ WARNING] NaN or Inf detected in model output at step 1876
[2024-07-15 21:07:38,014][   train_val.py][line: 203][ WARNING] NaN or Inf detected in model output at step 1883
[2024-07-15 21:07:45,243][   train_val.py][line: 203][ WARNING] NaN or Inf detected in model output at step 1919
[2024-07-15 21:07:46,798][   train_val.py][line: 203][ WARNING] NaN or Inf detected in model output at step 1927
[2024-07-15 21:07:46,940][   train_val.py][line: 203][ WARNING] NaN or Inf detected in model output at step 1928
[2024-07-15 21:07:47,686][   train_val.py][line: 203][ WARNING] NaN or Inf detected in model output at step 1932
[2024-07-15 21:08:20,976][   train_val.py][line: 203][ WARNING] NaN or Inf detected in model output at step 1951
[2024-07-15 21:08:21,332][   train_val.py][line: 203][ WARNING] NaN or Inf detected in model output at step 1953
[2024-07-15 21:08:24,555][   train_val.py][line: 203][ WARNING] NaN or Inf detected in model output at step 1969
[2024-07-15 21:08:25,954][   train_val.py][line: 203][ WARNING] NaN or Inf detected in model output at step 1976
[2024-07-15 21:08:27,554][   train_val.py][line: 203][ WARNING] NaN or Inf detected in model output at step 1984
[2024-07-15 21:08:28,115][   train_val.py][line: 203][ WARNING] NaN or Inf detected in model output at step 1987
[2024-07-15 21:08:28,478][   train_val.py][line: 203][ WARNING] NaN or Inf detected in model output at step 1989
[2024-07-15 21:08:30,511][   train_val.py][line: 235][    INFO] Epoch: [8/250]	Iter: [2000/69500]	Time 0.21 (0.84)	Data 0.00 (0.55)	Loss 18.48895 (17.26866)	LR 0.00010	
[2024-07-15 21:08:33,739][   train_val.py][line: 203][ WARNING] NaN or Inf detected in model output at step 2015
[2024-07-15 21:08:36,384][   train_val.py][line: 203][ WARNING] NaN or Inf detected in model output at step 2028
[2024-07-15 21:08:37,530][   train_val.py][line: 203][ WARNING] NaN or Inf detected in model output at step 2034
[2024-07-15 21:08:39,118][   train_val.py][line: 203][ WARNING] NaN or Inf detected in model output at step 2042
[2024-07-15 21:08:42,767][   train_val.py][line: 203][ WARNING] NaN or Inf detected in model output at step 2060
[2024-07-15 21:08:43,117][   train_val.py][line: 203][ WARNING] NaN or Inf detected in model output at step 2062
[2024-07-15 21:08:46,393][   train_val.py][line: 203][ WARNING] NaN or Inf detected in model output at step 2078
[2024-07-15 21:08:46,988][   train_val.py][line: 203][ WARNING] NaN or Inf detected in model output at step 2081
[2024-07-15 21:08:49,311][   train_val.py][line: 203][ WARNING] NaN or Inf detected in model output at step 2092
[2024-07-15 21:08:50,539][   train_val.py][line: 203][ WARNING] NaN or Inf detected in model output at step 2098
[2024-07-15 21:08:50,705][   train_val.py][line: 203][ WARNING] NaN or Inf detected in model output at step 2099
[2024-07-15 21:08:59,418][   train_val.py][line: 203][ WARNING] NaN or Inf detected in model output at step 2139
[2024-07-15 21:09:01,281][   train_val.py][line: 203][ WARNING] NaN or Inf detected in model output at step 2148
[2024-07-15 21:09:02,566][   train_val.py][line: 203][ WARNING] NaN or Inf detected in model output at step 2154
[2024-07-15 21:09:07,916][   train_val.py][line: 203][ WARNING] NaN or Inf detected in model output at step 2179
[2024-07-15 21:09:10,013][   train_val.py][line: 203][ WARNING] NaN or Inf detected in model output at step 2189
[2024-07-15 21:09:10,188][   train_val.py][line: 203][ WARNING] NaN or Inf detected in model output at step 2190
[2024-07-15 21:09:12,145][   train_val.py][line: 235][    INFO] Epoch: [8/250]	Iter: [2200/69500]	Time 0.21 (0.23)	Data 0.00 (0.02)	Loss 14.93406 (18.01073)	LR 0.00010	
[2024-07-15 21:09:14,822][   train_val.py][line: 203][ WARNING] NaN or Inf detected in model output at step 2212
[2024-07-15 21:09:48,179][   train_val.py][line: 203][ WARNING] NaN or Inf detected in model output at step 2224
[2024-07-15 21:09:49,201][   train_val.py][line: 203][ WARNING] NaN or Inf detected in model output at step 2229
[2024-07-15 21:09:53,962][   train_val.py][line: 203][ WARNING] NaN or Inf detected in model output at step 2251
[2024-07-15 21:09:55,641][   train_val.py][line: 203][ WARNING] NaN or Inf detected in model output at step 2259
[2024-07-15 21:10:03,187][   train_val.py][line: 203][ WARNING] NaN or Inf detected in model output at step 2294
[2024-07-15 21:10:03,565][   train_val.py][line: 203][ WARNING] NaN or Inf detected in model output at step 2296
[2024-07-15 21:10:05,237][   train_val.py][line: 203][ WARNING] NaN or Inf detected in model output at step 2304
[2024-07-15 21:10:12,662][   train_val.py][line: 203][ WARNING] NaN or Inf detected in model output at step 2338
[2024-07-15 21:10:13,057][   train_val.py][line: 203][ WARNING] NaN or Inf detected in model output at step 2340
[2024-07-15 21:10:16,449][   train_val.py][line: 203][ WARNING] NaN or Inf detected in model output at step 2356
[2024-07-15 21:10:17,265][   train_val.py][line: 203][ WARNING] NaN or Inf detected in model output at step 2360
[2024-07-15 21:10:21,687][   train_val.py][line: 203][ WARNING] NaN or Inf detected in model output at step 2381
[2024-07-15 21:10:23,325][   train_val.py][line: 203][ WARNING] NaN or Inf detected in model output at step 2389
[2024-07-15 21:10:24,951][   train_val.py][line: 203][ WARNING] NaN or Inf detected in model output at step 2397
[2024-07-15 21:10:25,371][   train_val.py][line: 235][    INFO] Epoch: [9/250]	Iter: [2400/69500]	Time 0.20 (0.42)	Data 0.00 (0.35)	Loss 15.47263 (17.22882)	LR 0.00010	
[2024-07-15 21:10:29,131][   train_val.py][line: 203][ WARNING] NaN or Inf detected in model output at step 2417
[2024-07-15 21:10:30,162][   train_val.py][line: 203][ WARNING] NaN or Inf detected in model output at step 2422
[2024-07-15 21:10:35,373][   train_val.py][line: 203][ WARNING] NaN or Inf detected in model output at step 2447
[2024-07-15 21:10:35,758][   train_val.py][line: 203][ WARNING] NaN or Inf detected in model output at step 2449
[2024-07-15 21:10:38,062][   train_val.py][line: 203][ WARNING] NaN or Inf detected in model output at step 2460
[2024-07-15 21:10:40,367][   train_val.py][line: 203][ WARNING] NaN or Inf detected in model output at step 2471
[2024-07-15 21:10:41,607][   train_val.py][line: 203][ WARNING] NaN or Inf detected in model output at step 2477
[2024-07-15 21:10:44,276][   train_val.py][line: 203][ WARNING] NaN or Inf detected in model output at step 2490
[2024-07-15 21:10:44,653][   train_val.py][line: 203][ WARNING] NaN or Inf detected in model output at step 2492
[2024-07-15 21:10:45,015][   train_val.py][line: 203][ WARNING] NaN or Inf detected in model output at step 2494
[2024-07-15 21:10:45,364][   train_val.py][line: 203][ WARNING] NaN or Inf detected in model output at step 2496
[2024-07-15 21:11:17,308][   train_val.py][line: 203][ WARNING] NaN or Inf detected in model output at step 2502
[2024-07-15 21:11:18,536][   train_val.py][line: 203][ WARNING] NaN or Inf detected in model output at step 2508
[2024-07-15 21:11:19,141][   train_val.py][line: 203][ WARNING] NaN or Inf detected in model output at step 2511
[2024-07-15 21:11:25,994][   train_val.py][line: 203][ WARNING] NaN or Inf detected in model output at step 2543
[2024-07-15 21:11:27,033][   train_val.py][line: 203][ WARNING] NaN or Inf detected in model output at step 2548
[2024-07-15 21:11:28,940][   train_val.py][line: 203][ WARNING] NaN or Inf detected in model output at step 2557
[2024-07-15 21:11:29,549][   train_val.py][line: 203][ WARNING] NaN or Inf detected in model output at step 2560
[2024-07-15 21:11:30,157][   train_val.py][line: 203][ WARNING] NaN or Inf detected in model output at step 2563
[2024-07-15 21:11:31,177][   train_val.py][line: 203][ WARNING] NaN or Inf detected in model output at step 2568
[2024-07-15 21:11:37,883][   train_val.py][line: 235][    INFO] Epoch: [10/250]	Iter: [2600/69500]	Time 0.20 (0.57)	Data 0.00 (0.62)	Loss 16.55919 (17.04675)	LR 0.00010	
[2024-07-15 21:11:39,984][   train_val.py][line: 203][ WARNING] NaN or Inf detected in model output at step 2609
[2024-07-15 21:11:41,239][   train_val.py][line: 203][ WARNING] NaN or Inf detected in model output at step 2615
[2024-07-15 21:11:43,570][   train_val.py][line: 203][ WARNING] NaN or Inf detected in model output at step 2626
[2024-07-15 21:11:44,387][   train_val.py][line: 203][ WARNING] NaN or Inf detected in model output at step 2630
[2024-07-15 21:11:44,550][   train_val.py][line: 203][ WARNING] NaN or Inf detected in model output at step 2631
[2024-07-15 21:11:48,835][   train_val.py][line: 203][ WARNING] NaN or Inf detected in model output at step 2651
[2024-07-15 21:11:50,104][   train_val.py][line: 203][ WARNING] NaN or Inf detected in model output at step 2657
[2024-07-15 21:11:52,466][   train_val.py][line: 203][ WARNING] NaN or Inf detected in model output at step 2668
[2024-07-15 21:11:54,170][   train_val.py][line: 203][ WARNING] NaN or Inf detected in model output at step 2676
[2024-07-15 21:11:56,572][   train_val.py][line: 203][ WARNING] NaN or Inf detected in model output at step 2687
[2024-07-15 21:11:57,423][   train_val.py][line: 203][ WARNING] NaN or Inf detected in model output at step 2691
[2024-07-15 21:11:58,217][   train_val.py][line: 203][ WARNING] NaN or Inf detected in model output at step 2695
[2024-07-15 21:11:59,254][   train_val.py][line: 203][ WARNING] NaN or Inf detected in model output at step 2700
[2024-07-15 21:12:05,724][   train_val.py][line: 203][ WARNING] NaN or Inf detected in model output at step 2730
[2024-07-15 21:12:07,409][   train_val.py][line: 203][ WARNING] NaN or Inf detected in model output at step 2738
[2024-07-15 21:12:08,007][   train_val.py][line: 203][ WARNING] NaN or Inf detected in model output at step 2741
[2024-07-15 21:12:12,999][   train_val.py][line: 203][ WARNING] NaN or Inf detected in model output at step 2764
[2024-07-15 21:12:57,980][   train_val.py][line: 298][    INFO] Gathering final results ...
[2024-07-15 21:12:57,980][   train_val.py][line: 300][    INFO]  * Loss 35.58555	total_num=2039.0
[2024-07-15 21:13:17,988][ eval_helper.py][line: 224][    INFO] 
|  clsname  |   max    |   mean   |   std    |
|:---------:|:--------:|:--------:|:--------:|
| UOG_1996  | 0.633759 | 0.594077 | 0.674653 |
| UOG_2057  | 0.607896 | 0.50664  | 0.588126 |
| UOG_1676  | 0.938517 | 0.969841 | 0.714262 |
|   mean    | 0.726724 | 0.690186 | 0.659014 |
[2024-07-15 21:13:18,008][   train_val.py][line: 135][    INFO] best_metric = 0.6590137730708793
[2024-07-15 21:13:52,602][   train_val.py][line: 203][ WARNING] NaN or Inf detected in model output at step 2799
[2024-07-15 21:13:53,218][   train_val.py][line: 203][ WARNING] NaN or Inf detected in model output at step 2802
[2024-07-15 21:13:58,207][   train_val.py][line: 203][ WARNING] NaN or Inf detected in model output at step 2825
[2024-07-15 21:13:58,823][   train_val.py][line: 203][ WARNING] NaN or Inf detected in model output at step 2828
[2024-07-15 21:13:58,998][   train_val.py][line: 203][ WARNING] NaN or Inf detected in model output at step 2829
[2024-07-15 21:13:59,800][   train_val.py][line: 203][ WARNING] NaN or Inf detected in model output at step 2833
[2024-07-15 21:14:03,934][   train_val.py][line: 203][ WARNING] NaN or Inf detected in model output at step 2852
[2024-07-15 21:14:04,108][   train_val.py][line: 203][ WARNING] NaN or Inf detected in model output at step 2853
[2024-07-15 21:14:04,484][   train_val.py][line: 203][ WARNING] NaN or Inf detected in model output at step 2855
[2024-07-15 21:14:04,650][   train_val.py][line: 203][ WARNING] NaN or Inf detected in model output at step 2856
[2024-07-15 21:14:08,895][   train_val.py][line: 203][ WARNING] NaN or Inf detected in model output at step 2876
[2024-07-15 21:14:10,771][   train_val.py][line: 203][ WARNING] NaN or Inf detected in model output at step 2885
[2024-07-15 21:14:12,002][   train_val.py][line: 203][ WARNING] NaN or Inf detected in model output at step 2891
[2024-07-15 21:14:12,605][   train_val.py][line: 203][ WARNING] NaN or Inf detected in model output at step 2894
[2024-07-15 21:14:15,348][   train_val.py][line: 203][ WARNING] NaN or Inf detected in model output at step 2907
[2024-07-15 21:14:19,206][   train_val.py][line: 203][ WARNING] NaN or Inf detected in model output at step 2925
[2024-07-15 21:14:19,585][   train_val.py][line: 203][ WARNING] NaN or Inf detected in model output at step 2927
[2024-07-15 21:14:23,813][   train_val.py][line: 203][ WARNING] NaN or Inf detected in model output at step 2947
[2024-07-15 21:14:24,632][   train_val.py][line: 203][ WARNING] NaN or Inf detected in model output at step 2951
[2024-07-15 21:14:25,248][   train_val.py][line: 203][ WARNING] NaN or Inf detected in model output at step 2954
[2024-07-15 21:14:25,623][   train_val.py][line: 203][ WARNING] NaN or Inf detected in model output at step 2956
[2024-07-15 21:14:25,783][   train_val.py][line: 203][ WARNING] NaN or Inf detected in model output at step 2957
[2024-07-15 21:14:32,153][   train_val.py][line: 203][ WARNING] NaN or Inf detected in model output at step 2987
[2024-07-15 21:14:33,382][   train_val.py][line: 203][ WARNING] NaN or Inf detected in model output at step 2993
[2024-07-15 21:14:34,696][   train_val.py][line: 235][    INFO] Epoch: [11/250]	Iter: [3000/69500]	Time 0.21 (0.39)	Data 0.00 (0.02)	Loss 14.58858 (17.72183)	LR 0.00010	
[2024-07-15 21:14:35,718][   train_val.py][line: 203][ WARNING] NaN or Inf detected in model output at step 3004
[2024-07-15 21:14:37,833][   train_val.py][line: 203][ WARNING] NaN or Inf detected in model output at step 3014
[2024-07-15 21:14:38,445][   train_val.py][line: 203][ WARNING] NaN or Inf detected in model output at step 3017
[2024-07-15 21:14:39,243][   train_val.py][line: 203][ WARNING] NaN or Inf detected in model output at step 3021
[2024-07-15 21:14:44,496][   train_val.py][line: 203][ WARNING] NaN or Inf detected in model output at step 3046
[2024-07-15 21:15:19,525][   train_val.py][line: 203][ WARNING] NaN or Inf detected in model output at step 3066
[2024-07-15 21:15:20,103][   train_val.py][line: 203][ WARNING] NaN or Inf detected in model output at step 3069
[2024-07-15 21:15:20,273][   train_val.py][line: 203][ WARNING] NaN or Inf detected in model output at step 3070
[2024-07-15 21:15:22,365][   train_val.py][line: 203][ WARNING] NaN or Inf detected in model output at step 3080
[2024-07-15 21:15:30,733][   train_val.py][line: 203][ WARNING] NaN or Inf detected in model output at step 3119
[2024-07-15 21:15:31,768][   train_val.py][line: 203][ WARNING] NaN or Inf detected in model output at step 3124
[2024-07-15 21:15:32,794][   train_val.py][line: 203][ WARNING] NaN or Inf detected in model output at step 3129
[2024-07-15 21:15:33,173][   train_val.py][line: 203][ WARNING] NaN or Inf detected in model output at step 3131
[2024-07-15 21:15:33,781][   train_val.py][line: 203][ WARNING] NaN or Inf detected in model output at step 3134
[2024-07-15 21:15:34,378][   train_val.py][line: 203][ WARNING] NaN or Inf detected in model output at step 3137
[2024-07-15 21:15:35,615][   train_val.py][line: 203][ WARNING] NaN or Inf detected in model output at step 3143
[2024-07-15 21:15:35,990][   train_val.py][line: 203][ WARNING] NaN or Inf detected in model output at step 3145
[2024-07-15 21:15:39,807][   train_val.py][line: 203][ WARNING] NaN or Inf detected in model output at step 3163
[2024-07-15 21:15:40,630][   train_val.py][line: 203][ WARNING] NaN or Inf detected in model output at step 3167
[2024-07-15 21:15:43,831][   train_val.py][line: 203][ WARNING] NaN or Inf detected in model output at step 3182
[2024-07-15 21:15:44,869][   train_val.py][line: 203][ WARNING] NaN or Inf detected in model output at step 3187
[2024-07-15 21:15:46,144][   train_val.py][line: 203][ WARNING] NaN or Inf detected in model output at step 3193
[2024-07-15 21:15:46,304][   train_val.py][line: 203][ WARNING] NaN or Inf detected in model output at step 3194
[2024-07-15 21:15:47,119][   train_val.py][line: 203][ WARNING] NaN or Inf detected in model output at step 3198
[2024-07-15 21:15:47,327][   train_val.py][line: 235][    INFO] Epoch: [12/250]	Iter: [3200/69500]	Time 0.37 (0.49)	Data 0.17 (0.23)	Loss 14.83836 (17.27154)	LR 0.00010	
[2024-07-15 21:15:47,720][   train_val.py][line: 203][ WARNING] NaN or Inf detected in model output at step 3201
[2024-07-15 21:15:54,543][   train_val.py][line: 203][ WARNING] NaN or Inf detected in model output at step 3233
[2024-07-15 21:15:55,807][   train_val.py][line: 203][ WARNING] NaN or Inf detected in model output at step 3239
[2024-07-15 21:15:57,458][   train_val.py][line: 203][ WARNING] NaN or Inf detected in model output at step 3247
[2024-07-15 21:16:00,004][   train_val.py][line: 203][ WARNING] NaN or Inf detected in model output at step 3259
[2024-07-15 21:16:01,470][   train_val.py][line: 203][ WARNING] NaN or Inf detected in model output at step 3266
[2024-07-15 21:16:07,200][   train_val.py][line: 203][ WARNING] NaN or Inf detected in model output at step 3293
[2024-07-15 21:16:07,791][   train_val.py][line: 203][ WARNING] NaN or Inf detected in model output at step 3296
[2024-07-15 21:16:08,169][   train_val.py][line: 203][ WARNING] NaN or Inf detected in model output at step 3298
[2024-07-15 21:16:47,215][   train_val.py][line: 203][ WARNING] NaN or Inf detected in model output at step 3338
[2024-07-15 21:16:47,598][   train_val.py][line: 203][ WARNING] NaN or Inf detected in model output at step 3340
[2024-07-15 21:16:50,341][   train_val.py][line: 203][ WARNING] NaN or Inf detected in model output at step 3353
[2024-07-15 21:16:51,176][   train_val.py][line: 203][ WARNING] NaN or Inf detected in model output at step 3357
[2024-07-15 21:16:56,701][   train_val.py][line: 203][ WARNING] NaN or Inf detected in model output at step 3383
[2024-07-15 21:16:57,086][   train_val.py][line: 203][ WARNING] NaN or Inf detected in model output at step 3385
[2024-07-15 21:16:57,449][   train_val.py][line: 203][ WARNING] NaN or Inf detected in model output at step 3387
[2024-07-15 21:16:58,514][   train_val.py][line: 203][ WARNING] NaN or Inf detected in model output at step 3392
[2024-07-15 21:17:00,041][   train_val.py][line: 235][    INFO] Epoch: [13/250]	Iter: [3400/69500]	Time 0.22 (0.77)	Data 0.00 (0.48)	Loss 15.23194 (16.63961)	LR 0.00010	
[2024-07-15 21:17:00,212][   train_val.py][line: 203][ WARNING] NaN or Inf detected in model output at step 3400
[2024-07-15 21:17:00,590][   train_val.py][line: 203][ WARNING] NaN or Inf detected in model output at step 3402
[2024-07-15 21:17:03,597][   train_val.py][line: 203][ WARNING] NaN or Inf detected in model output at step 3416
[2024-07-15 21:17:07,407][   train_val.py][line: 203][ WARNING] NaN or Inf detected in model output at step 3434
[2024-07-15 21:17:10,116][   train_val.py][line: 203][ WARNING] NaN or Inf detected in model output at step 3447
[2024-07-15 21:17:10,284][   train_val.py][line: 203][ WARNING] NaN or Inf detected in model output at step 3448
[2024-07-15 21:17:11,737][   train_val.py][line: 203][ WARNING] NaN or Inf detected in model output at step 3455
[2024-07-15 21:17:13,656][   train_val.py][line: 203][ WARNING] NaN or Inf detected in model output at step 3464
[2024-07-15 21:17:13,829][   train_val.py][line: 203][ WARNING] NaN or Inf detected in model output at step 3465
[2024-07-15 21:17:15,062][   train_val.py][line: 203][ WARNING] NaN or Inf detected in model output at step 3471
[2024-07-15 21:17:15,654][   train_val.py][line: 203][ WARNING] NaN or Inf detected in model output at step 3474
[2024-07-15 21:17:18,615][   train_val.py][line: 203][ WARNING] NaN or Inf detected in model output at step 3488
[2024-07-15 21:17:19,855][   train_val.py][line: 203][ WARNING] NaN or Inf detected in model output at step 3494
[2024-07-15 21:17:20,657][   train_val.py][line: 203][ WARNING] NaN or Inf detected in model output at step 3498
[2024-07-15 21:17:23,607][   train_val.py][line: 203][ WARNING] NaN or Inf detected in model output at step 3512
[2024-07-15 21:17:27,449][   train_val.py][line: 203][ WARNING] NaN or Inf detected in model output at step 3530
[2024-07-15 21:17:28,892][   train_val.py][line: 203][ WARNING] NaN or Inf detected in model output at step 3537
[2024-07-15 21:17:29,281][   train_val.py][line: 203][ WARNING] NaN or Inf detected in model output at step 3539
[2024-07-15 21:17:35,023][   train_val.py][line: 203][ WARNING] NaN or Inf detected in model output at step 3566
[2024-07-15 21:17:39,399][   train_val.py][line: 203][ WARNING] NaN or Inf detected in model output at step 3587
[2024-07-15 21:17:40,211][   train_val.py][line: 203][ WARNING] NaN or Inf detected in model output at step 3591
[2024-07-15 21:17:41,656][   train_val.py][line: 203][ WARNING] NaN or Inf detected in model output at step 3598
[2024-07-15 21:17:41,858][   train_val.py][line: 235][    INFO] Epoch: [13/250]	Iter: [3600/69500]	Time 0.35 (0.24)	Data 0.15 (0.02)	Loss 13.95551 (16.78031)	LR 0.00010	
[2024-07-15 21:17:43,648][   train_val.py][line: 203][ WARNING] NaN or Inf detected in model output at step 3608
[2024-07-15 21:18:15,980][   train_val.py][line: 203][ WARNING] NaN or Inf detected in model output at step 3615
[2024-07-15 21:18:16,783][   train_val.py][line: 203][ WARNING] NaN or Inf detected in model output at step 3619
[2024-07-15 21:18:18,247][   train_val.py][line: 203][ WARNING] NaN or Inf detected in model output at step 3626
[2024-07-15 21:18:19,260][   train_val.py][line: 203][ WARNING] NaN or Inf detected in model output at step 3631
[2024-07-15 21:18:20,718][   train_val.py][line: 203][ WARNING] NaN or Inf detected in model output at step 3638
[2024-07-15 21:18:21,724][   train_val.py][line: 203][ WARNING] NaN or Inf detected in model output at step 3643
[2024-07-15 21:18:23,382][   train_val.py][line: 203][ WARNING] NaN or Inf detected in model output at step 3651
[2024-07-15 21:18:23,775][   train_val.py][line: 203][ WARNING] NaN or Inf detected in model output at step 3653
[2024-07-15 21:18:26,985][   train_val.py][line: 203][ WARNING] NaN or Inf detected in model output at step 3668
[2024-07-15 21:18:28,233][   train_val.py][line: 203][ WARNING] NaN or Inf detected in model output at step 3674
[2024-07-15 21:18:28,830][   train_val.py][line: 203][ WARNING] NaN or Inf detected in model output at step 3677
[2024-07-15 21:18:35,885][   train_val.py][line: 203][ WARNING] NaN or Inf detected in model output at step 3710
[2024-07-15 21:18:40,778][   train_val.py][line: 203][ WARNING] NaN or Inf detected in model output at step 3733
[2024-07-15 21:18:44,165][   train_val.py][line: 203][ WARNING] NaN or Inf detected in model output at step 3749
[2024-07-15 21:18:45,815][   train_val.py][line: 203][ WARNING] NaN or Inf detected in model output at step 3757
[2024-07-15 21:18:46,388][   train_val.py][line: 203][ WARNING] NaN or Inf detected in model output at step 3760
[2024-07-15 21:18:46,776][   train_val.py][line: 203][ WARNING] NaN or Inf detected in model output at step 3762
[2024-07-15 21:18:50,170][   train_val.py][line: 203][ WARNING] NaN or Inf detected in model output at step 3778
[2024-07-15 21:18:51,810][   train_val.py][line: 203][ WARNING] NaN or Inf detected in model output at step 3786
[2024-07-15 21:18:53,472][   train_val.py][line: 203][ WARNING] NaN or Inf detected in model output at step 3794
[2024-07-15 21:18:54,292][   train_val.py][line: 203][ WARNING] NaN or Inf detected in model output at step 3798
[2024-07-15 21:18:54,506][   train_val.py][line: 235][    INFO] Epoch: [14/250]	Iter: [3800/69500]	Time 0.38 (0.42)	Data 0.17 (0.18)	Loss 13.70490 (17.10493)	LR 0.00010	
[2024-07-15 21:18:56,652][   train_val.py][line: 203][ WARNING] NaN or Inf detected in model output at step 3809
[2024-07-15 21:18:58,828][   train_val.py][line: 203][ WARNING] NaN or Inf detected in model output at step 3819
[2024-07-15 21:19:03,049][   train_val.py][line: 203][ WARNING] NaN or Inf detected in model output at step 3838
[2024-07-15 21:19:05,322][   train_val.py][line: 203][ WARNING] NaN or Inf detected in model output at step 3849
[2024-07-15 21:19:06,759][   train_val.py][line: 203][ WARNING] NaN or Inf detected in model output at step 3856
[2024-07-15 21:19:10,342][   train_val.py][line: 203][ WARNING] NaN or Inf detected in model output at step 3873
[2024-07-15 21:19:12,347][   train_val.py][line: 203][ WARNING] NaN or Inf detected in model output at step 3883
[2024-07-15 21:19:13,829][   train_val.py][line: 203][ WARNING] NaN or Inf detected in model output at step 3891
[2024-07-15 21:19:45,344][   train_val.py][line: 203][ WARNING] NaN or Inf detected in model output at step 3893
[2024-07-15 21:19:50,263][   train_val.py][line: 203][ WARNING] NaN or Inf detected in model output at step 3916
[2024-07-15 21:19:50,438][   train_val.py][line: 203][ WARNING] NaN or Inf detected in model output at step 3917
[2024-07-15 21:19:58,565][   train_val.py][line: 203][ WARNING] NaN or Inf detected in model output at step 3955
[2024-07-15 21:20:00,448][   train_val.py][line: 203][ WARNING] NaN or Inf detected in model output at step 3964
[2024-07-15 21:20:01,468][   train_val.py][line: 203][ WARNING] NaN or Inf detected in model output at step 3969
[2024-07-15 21:20:02,485][   train_val.py][line: 203][ WARNING] NaN or Inf detected in model output at step 3974
[2024-07-15 21:20:03,505][   train_val.py][line: 203][ WARNING] NaN or Inf detected in model output at step 3979
[2024-07-15 21:20:07,799][   train_val.py][line: 235][    INFO] Epoch: [15/250]	Iter: [4000/69500]	Time 0.21 (0.53)	Data 0.00 (0.29)	Loss 14.34715 (16.67144)	LR 0.00010	
[2024-07-15 21:20:11,416][   train_val.py][line: 203][ WARNING] NaN or Inf detected in model output at step 4016
[2024-07-15 21:20:14,389][   train_val.py][line: 203][ WARNING] NaN or Inf detected in model output at step 4030
[2024-07-15 21:20:16,069][   train_val.py][line: 203][ WARNING] NaN or Inf detected in model output at step 4038
[2024-07-15 21:20:17,528][   train_val.py][line: 203][ WARNING] NaN or Inf detected in model output at step 4045
[2024-07-15 21:20:24,568][   train_val.py][line: 203][ WARNING] NaN or Inf detected in model output at step 4078
[2024-07-15 21:20:26,380][   train_val.py][line: 203][ WARNING] NaN or Inf detected in model output at step 4087
[2024-07-15 21:20:26,970][   train_val.py][line: 203][ WARNING] NaN or Inf detected in model output at step 4090
[2024-07-15 21:20:30,131][   train_val.py][line: 203][ WARNING] NaN or Inf detected in model output at step 4105
[2024-07-15 21:20:30,288][   train_val.py][line: 203][ WARNING] NaN or Inf detected in model output at step 4106
[2024-07-15 21:20:30,889][   train_val.py][line: 203][ WARNING] NaN or Inf detected in model output at step 4109
[2024-07-15 21:20:32,931][   train_val.py][line: 203][ WARNING] NaN or Inf detected in model output at step 4119
[2024-07-15 21:20:33,306][   train_val.py][line: 203][ WARNING] NaN or Inf detected in model output at step 4121
[2024-07-15 21:20:33,707][   train_val.py][line: 203][ WARNING] NaN or Inf detected in model output at step 4123
[2024-07-15 21:20:34,089][   train_val.py][line: 203][ WARNING] NaN or Inf detected in model output at step 4125
[2024-07-15 21:20:36,868][   train_val.py][line: 203][ WARNING] NaN or Inf detected in model output at step 4138
[2024-07-15 21:21:17,486][   train_val.py][line: 203][ WARNING] NaN or Inf detected in model output at step 4185
[2024-07-15 21:21:20,404][   train_val.py][line: 235][    INFO] Epoch: [16/250]	Iter: [4200/69500]	Time 0.20 (1.25)	Data 0.00 (0.99)	Loss 13.09252 (15.17392)	LR 0.00010	
[2024-07-15 21:21:21,384][   train_val.py][line: 203][ WARNING] NaN or Inf detected in model output at step 4204
[2024-07-15 21:21:25,000][   train_val.py][line: 203][ WARNING] NaN or Inf detected in model output at step 4222
[2024-07-15 21:21:25,343][   train_val.py][line: 203][ WARNING] NaN or Inf detected in model output at step 4224
[2024-07-15 21:21:30,381][   train_val.py][line: 203][ WARNING] NaN or Inf detected in model output at step 4249
[2024-07-15 21:21:32,562][   train_val.py][line: 203][ WARNING] NaN or Inf detected in model output at step 4260
[2024-07-15 21:21:35,792][   train_val.py][line: 203][ WARNING] NaN or Inf detected in model output at step 4276
[2024-07-15 21:21:37,384][   train_val.py][line: 203][ WARNING] NaN or Inf detected in model output at step 4284
[2024-07-15 21:21:39,615][   train_val.py][line: 203][ WARNING] NaN or Inf detected in model output at step 4295
[2024-07-15 21:21:40,810][   train_val.py][line: 203][ WARNING] NaN or Inf detected in model output at step 4301
[2024-07-15 21:21:42,597][   train_val.py][line: 203][ WARNING] NaN or Inf detected in model output at step 4310
[2024-07-15 21:21:45,420][   train_val.py][line: 203][ WARNING] NaN or Inf detected in model output at step 4324
[2024-07-15 21:21:47,013][   train_val.py][line: 203][ WARNING] NaN or Inf detected in model output at step 4332
[2024-07-15 21:21:50,292][   train_val.py][line: 203][ WARNING] NaN or Inf detected in model output at step 4348
[2024-07-15 21:21:50,891][   train_val.py][line: 203][ WARNING] NaN or Inf detected in model output at step 4351
[2024-07-15 21:21:53,122][   train_val.py][line: 203][ WARNING] NaN or Inf detected in model output at step 4362
[2024-07-15 21:21:54,685][   train_val.py][line: 203][ WARNING] NaN or Inf detected in model output at step 4370
[2024-07-15 21:21:56,243][   train_val.py][line: 203][ WARNING] NaN or Inf detected in model output at step 4378
[2024-07-15 21:21:59,625][   train_val.py][line: 203][ WARNING] NaN or Inf detected in model output at step 4395
[2024-07-15 21:22:00,431][   train_val.py][line: 235][    INFO] Epoch: [16/250]	Iter: [4400/69500]	Time 0.20 (0.22)	Data 0.00 (0.01)	Loss 13.39252 (15.42580)	LR 0.00010	
[2024-07-15 21:22:03,220][   train_val.py][line: 203][ WARNING] NaN or Inf detected in model output at step 4413
[2024-07-15 21:22:05,824][   train_val.py][line: 203][ WARNING] NaN or Inf detected in model output at step 4426
[2024-07-15 21:22:07,990][   train_val.py][line: 203][ WARNING] NaN or Inf detected in model output at step 4437
[2024-07-15 21:22:08,531][   train_val.py][line: 203][ WARNING] NaN or Inf detected in model output at step 4440
[2024-07-15 21:22:09,066][   train_val.py][line: 203][ WARNING] NaN or Inf detected in model output at step 4443
[2024-07-15 21:22:40,515][   train_val.py][line: 203][ WARNING] NaN or Inf detected in model output at step 4455
[2024-07-15 21:22:44,127][   train_val.py][line: 203][ WARNING] NaN or Inf detected in model output at step 4473
[2024-07-15 21:22:44,696][   train_val.py][line: 203][ WARNING] NaN or Inf detected in model output at step 4476
[2024-07-15 21:22:45,649][   train_val.py][line: 203][ WARNING] NaN or Inf detected in model output at step 4481
[2024-07-15 21:22:45,805][   train_val.py][line: 203][ WARNING] NaN or Inf detected in model output at step 4482
[2024-07-15 21:22:46,406][   train_val.py][line: 203][ WARNING] NaN or Inf detected in model output at step 4485
[2024-07-15 21:22:46,769][   train_val.py][line: 203][ WARNING] NaN or Inf detected in model output at step 4487
[2024-07-15 21:22:47,715][   train_val.py][line: 203][ WARNING] NaN or Inf detected in model output at step 4492
[2024-07-15 21:22:55,081][   train_val.py][line: 203][ WARNING] NaN or Inf detected in model output at step 4528
[2024-07-15 21:23:01,634][   train_val.py][line: 203][ WARNING] NaN or Inf detected in model output at step 4560
[2024-07-15 21:23:04,268][   train_val.py][line: 203][ WARNING] NaN or Inf detected in model output at step 4573
[2024-07-15 21:23:04,843][   train_val.py][line: 203][ WARNING] NaN or Inf detected in model output at step 4576
[2024-07-15 21:23:05,607][   train_val.py][line: 203][ WARNING] NaN or Inf detected in model output at step 4580
[2024-07-15 21:23:06,396][   train_val.py][line: 203][ WARNING] NaN or Inf detected in model output at step 4584
[2024-07-15 21:23:06,950][   train_val.py][line: 203][ WARNING] NaN or Inf detected in model output at step 4587
[2024-07-15 21:23:09,444][   train_val.py][line: 235][    INFO] Epoch: [17/250]	Iter: [4600/69500]	Time 0.21 (0.43)	Data 0.00 (0.20)	Loss 13.70915 (15.43314)	LR 0.00010	
[2024-07-15 21:23:12,532][   train_val.py][line: 203][ WARNING] NaN or Inf detected in model output at step 4614
[2024-07-15 21:23:15,145][   train_val.py][line: 203][ WARNING] NaN or Inf detected in model output at step 4627
[2024-07-15 21:23:15,937][   train_val.py][line: 203][ WARNING] NaN or Inf detected in model output at step 4631
[2024-07-15 21:23:18,119][   train_val.py][line: 203][ WARNING] NaN or Inf detected in model output at step 4642
[2024-07-15 21:23:19,886][   train_val.py][line: 203][ WARNING] NaN or Inf detected in model output at step 4651
[2024-07-15 21:23:21,411][   train_val.py][line: 203][ WARNING] NaN or Inf detected in model output at step 4659
[2024-07-15 21:23:21,569][   train_val.py][line: 203][ WARNING] NaN or Inf detected in model output at step 4660
[2024-07-15 21:23:22,972][   train_val.py][line: 203][ WARNING] NaN or Inf detected in model output at step 4667
[2024-07-15 21:23:25,354][   train_val.py][line: 203][ WARNING] NaN or Inf detected in model output at step 4679
[2024-07-15 21:23:26,293][   train_val.py][line: 203][ WARNING] NaN or Inf detected in model output at step 4684
[2024-07-15 21:23:26,881][   train_val.py][line: 203][ WARNING] NaN or Inf detected in model output at step 4687
[2024-07-15 21:23:31,120][   train_val.py][line: 203][ WARNING] NaN or Inf detected in model output at step 4708
[2024-07-15 21:24:06,270][   train_val.py][line: 203][ WARNING] NaN or Inf detected in model output at step 4738
[2024-07-15 21:24:08,077][   train_val.py][line: 203][ WARNING] NaN or Inf detected in model output at step 4747
[2024-07-15 21:24:16,060][   train_val.py][line: 203][ WARNING] NaN or Inf detected in model output at step 4786
[2024-07-15 21:24:17,448][   train_val.py][line: 203][ WARNING] NaN or Inf detected in model output at step 4793
[2024-07-15 21:24:18,697][   train_val.py][line: 235][    INFO] Epoch: [18/250]	Iter: [4800/69500]	Time 0.21 (0.62)	Data 0.00 (0.39)	Loss 12.19297 (15.11567)	LR 0.00010	
[2024-07-15 21:24:24,385][   train_val.py][line: 203][ WARNING] NaN or Inf detected in model output at step 4827
[2024-07-15 21:24:30,104][   train_val.py][line: 203][ WARNING] NaN or Inf detected in model output at step 4855
[2024-07-15 21:24:33,161][   train_val.py][line: 203][ WARNING] NaN or Inf detected in model output at step 4870
[2024-07-15 21:24:34,758][   train_val.py][line: 203][ WARNING] NaN or Inf detected in model output at step 4878
[2024-07-15 21:24:35,110][   train_val.py][line: 203][ WARNING] NaN or Inf detected in model output at step 4880
[2024-07-15 21:24:35,899][   train_val.py][line: 203][ WARNING] NaN or Inf detected in model output at step 4884
[2024-07-15 21:24:36,283][   train_val.py][line: 203][ WARNING] NaN or Inf detected in model output at step 4886
[2024-07-15 21:24:38,308][   train_val.py][line: 203][ WARNING] NaN or Inf detected in model output at step 4896
[2024-07-15 21:24:39,855][   train_val.py][line: 203][ WARNING] NaN or Inf detected in model output at step 4904
[2024-07-15 21:24:40,024][   train_val.py][line: 203][ WARNING] NaN or Inf detected in model output at step 4905
[2024-07-15 21:24:41,589][   train_val.py][line: 203][ WARNING] NaN or Inf detected in model output at step 4913
[2024-07-15 21:24:42,143][   train_val.py][line: 203][ WARNING] NaN or Inf detected in model output at step 4916
[2024-07-15 21:24:43,309][   train_val.py][line: 203][ WARNING] NaN or Inf detected in model output at step 4922
[2024-07-15 21:24:50,583][   train_val.py][line: 203][ WARNING] NaN or Inf detected in model output at step 4958
[2024-07-15 21:24:55,017][   train_val.py][line: 203][ WARNING] NaN or Inf detected in model output at step 4980
[2024-07-15 21:24:55,374][   train_val.py][line: 203][ WARNING] NaN or Inf detected in model output at step 4982
[2024-07-15 21:24:55,928][   train_val.py][line: 203][ WARNING] NaN or Inf detected in model output at step 4985
[2024-07-15 21:24:58,683][   train_val.py][line: 235][    INFO] Epoch: [18/250]	Iter: [5000/69500]	Time 0.19 (0.22)	Data 0.00 (0.01)	Loss 14.64469 (14.76290)	LR 0.00010	
[2024-07-15 21:24:59,031][   train_val.py][line: 203][ WARNING] NaN or Inf detected in model output at step 5001
[2024-07-15 21:24:59,283][   train_val.py][line: 203][ WARNING] NaN or Inf detected in model output at step 5003
[2024-07-15 21:25:29,628][   train_val.py][line: 203][ WARNING] NaN or Inf detected in model output at step 5008
[2024-07-15 21:25:33,219][   train_val.py][line: 203][ WARNING] NaN or Inf detected in model output at step 5026
[2024-07-15 21:25:40,729][   train_val.py][line: 203][ WARNING] NaN or Inf detected in model output at step 5063
[2024-07-15 21:25:42,145][   train_val.py][line: 203][ WARNING] NaN or Inf detected in model output at step 5070
[2024-07-15 21:25:42,935][   train_val.py][line: 203][ WARNING] NaN or Inf detected in model output at step 5074
[2024-07-15 21:25:44,733][   train_val.py][line: 203][ WARNING] NaN or Inf detected in model output at step 5083
[2024-07-15 21:25:46,111][   train_val.py][line: 203][ WARNING] NaN or Inf detected in model output at step 5090
[2024-07-15 21:25:52,432][   train_val.py][line: 203][ WARNING] NaN or Inf detected in model output at step 5121
[2024-07-15 21:25:54,677][   train_val.py][line: 203][ WARNING] NaN or Inf detected in model output at step 5132
[2024-07-15 21:25:54,844][   train_val.py][line: 203][ WARNING] NaN or Inf detected in model output at step 5133
[2024-07-15 21:25:55,832][   train_val.py][line: 203][ WARNING] NaN or Inf detected in model output at step 5138
[2024-07-15 21:25:56,186][   train_val.py][line: 203][ WARNING] NaN or Inf detected in model output at step 5140
[2024-07-15 21:25:56,738][   train_val.py][line: 203][ WARNING] NaN or Inf detected in model output at step 5143
[2024-07-15 21:26:02,867][   train_val.py][line: 203][ WARNING] NaN or Inf detected in model output at step 5173
[2024-07-15 21:26:04,846][   train_val.py][line: 203][ WARNING] NaN or Inf detected in model output at step 5183
[2024-07-15 21:26:07,631][   train_val.py][line: 203][ WARNING] NaN or Inf detected in model output at step 5197
[2024-07-15 21:26:08,064][   train_val.py][line: 235][    INFO] Epoch: [19/250]	Iter: [5200/69500]	Time 0.22 (0.38)	Data 0.00 (0.16)	Loss 19.59393 (14.41625)	LR 0.00010	
[2024-07-15 21:26:09,247][   train_val.py][line: 203][ WARNING] NaN or Inf detected in model output at step 5205
[2024-07-15 21:26:11,376][   train_val.py][line: 203][ WARNING] NaN or Inf detected in model output at step 5216
[2024-07-15 21:26:13,759][   train_val.py][line: 203][ WARNING] NaN or Inf detected in model output at step 5228
[2024-07-15 21:26:17,909][   train_val.py][line: 203][ WARNING] NaN or Inf detected in model output at step 5249
[2024-07-15 21:26:21,480][   train_val.py][line: 203][ WARNING] NaN or Inf detected in model output at step 5267
[2024-07-15 21:26:23,177][   train_val.py][line: 203][ WARNING] NaN or Inf detected in model output at step 5276
[2024-07-15 21:26:54,435][   train_val.py][line: 203][ WARNING] NaN or Inf detected in model output at step 5288
[2024-07-15 21:26:59,111][   train_val.py][line: 203][ WARNING] NaN or Inf detected in model output at step 5311
[2024-07-15 21:27:00,271][   train_val.py][line: 203][ WARNING] NaN or Inf detected in model output at step 5317
[2024-07-15 21:27:01,052][   train_val.py][line: 203][ WARNING] NaN or Inf detected in model output at step 5321
[2024-07-15 21:27:03,478][   train_val.py][line: 203][ WARNING] NaN or Inf detected in model output at step 5333
[2024-07-15 21:27:05,497][   train_val.py][line: 203][ WARNING] NaN or Inf detected in model output at step 5343
[2024-07-15 21:27:12,185][   train_val.py][line: 203][ WARNING] NaN or Inf detected in model output at step 5376
[2024-07-15 21:27:16,964][   train_val.py][line: 235][    INFO] Epoch: [20/250]	Iter: [5400/69500]	Time 0.21 (0.47)	Data 0.00 (0.24)	Loss 12.75755 (14.58008)	LR 0.00010	
[2024-07-15 21:27:23,768][   train_val.py][line: 203][ WARNING] NaN or Inf detected in model output at step 5432
[2024-07-15 21:27:27,269][   train_val.py][line: 203][ WARNING] NaN or Inf detected in model output at step 5449
[2024-07-15 21:27:28,021][   train_val.py][line: 203][ WARNING] NaN or Inf detected in model output at step 5453
[2024-07-15 21:27:29,244][   train_val.py][line: 203][ WARNING] NaN or Inf detected in model output at step 5459
[2024-07-15 21:27:30,648][   train_val.py][line: 203][ WARNING] NaN or Inf detected in model output at step 5466
[2024-07-15 21:27:33,328][   train_val.py][line: 203][ WARNING] NaN or Inf detected in model output at step 5479
[2024-07-15 21:27:34,074][   train_val.py][line: 203][ WARNING] NaN or Inf detected in model output at step 5483
[2024-07-15 21:27:34,672][   train_val.py][line: 203][ WARNING] NaN or Inf detected in model output at step 5486
[2024-07-15 21:27:35,035][   train_val.py][line: 203][ WARNING] NaN or Inf detected in model output at step 5488
[2024-07-15 21:27:41,032][   train_val.py][line: 203][ WARNING] NaN or Inf detected in model output at step 5517
[2024-07-15 21:27:41,399][   train_val.py][line: 203][ WARNING] NaN or Inf detected in model output at step 5519
[2024-07-15 21:27:45,254][   train_val.py][line: 203][ WARNING] NaN or Inf detected in model output at step 5538
[2024-07-15 21:27:46,451][   train_val.py][line: 203][ WARNING] NaN or Inf detected in model output at step 5544
[2024-07-15 21:27:46,986][   train_val.py][line: 203][ WARNING] NaN or Inf detected in model output at step 5547
[2024-07-15 21:28:29,958][   train_val.py][line: 298][    INFO] Gathering final results ...
[2024-07-15 21:28:29,958][   train_val.py][line: 300][    INFO]  * Loss 28.88564	total_num=2039.0
[2024-07-15 21:28:48,536][ eval_helper.py][line: 224][    INFO] 
|  clsname  |   max    |   mean   |   std    |
|:---------:|:--------:|:--------:|:--------:|
| UOG_1996  | 0.638678 | 0.582188 | 0.68739  |
| UOG_2057  | 0.601917 | 0.523707 | 0.591972 |
| UOG_1676  | 0.935829 | 0.964231 | 0.716817 |
|   mean    | 0.725475 | 0.690042 | 0.665393 |
[2024-07-15 21:28:48,577][   train_val.py][line: 135][    INFO] best_metric = 0.6653927079240618
[2024-07-15 21:29:18,528][   train_val.py][line: 203][ WARNING] NaN or Inf detected in model output at step 5560
[2024-07-15 21:29:21,205][   train_val.py][line: 203][ WARNING] NaN or Inf detected in model output at step 5573
[2024-07-15 21:29:22,841][   train_val.py][line: 203][ WARNING] NaN or Inf detected in model output at step 5581
[2024-07-15 21:29:26,451][   train_val.py][line: 203][ WARNING] NaN or Inf detected in model output at step 5599
[2024-07-15 21:29:29,363][   train_val.py][line: 203][ WARNING] NaN or Inf detected in model output at step 5614
[2024-07-15 21:29:32,096][   train_val.py][line: 203][ WARNING] NaN or Inf detected in model output at step 5628
[2024-07-15 21:29:33,243][   train_val.py][line: 203][ WARNING] NaN or Inf detected in model output at step 5634
