[2024-07-15 19:13:19,872][   train_val.py][line:  57][    INFO] args: Namespace(config='./stitch-o_config.yaml', evaluate=False)
[2024-07-15 19:13:19,873][   train_val.py][line:  58][    INFO] config: {'criterion': [{'kwargs': {'weight': 1.0},
                'name': 'FeatureMSELoss',
                'type': 'FeatureMSELoss'}],
 'dataset': {'batch_size': 64,
             'image_reader': {'kwargs': {'image_dir': './chunks/'},
                              'type': 'npy'},
             'input_size': [176, 176],
             'normals': [0],
             'test': {'meta_file': './chunks/metadata/test_metadata.json'},
             'train': {'hflip': False,
                       'meta_file': './chunks/metadata/train_metadata.json',
                       'rebalance': False,
                       'rotate': True,
                       'vflip': False},
             'type': 'custom',
             'workers': 8},
 'evaluator': {'eval_dir': '.\\result_eval_temp',
               'key_metric': 'mean_std_auc',
               'metrics': {'auc': [{'name': 'std'},
                                   {'kwargs': {'avgpool_size': [16, 16]},
                                    'name': 'max'},
                                   {'name': 'mean'}]},
               'save_dir': 'result_eval_temp'},
 'exp_path': '.',
 'frozen_layers': ['backbone'],
 'log_path': '.\\log/',
 'net': [{'frozen': True,
          'kwargs': {'outblocks': [1, 5, 9, 21],
                     'outstrides': [2, 4, 8, 16],
                     'pretrained': True},
          'name': 'backbone',
          'type': 'models.backbones.efficientnet_b4'},
         {'kwargs': {'outplanes': [272], 'outstrides': [16]},
          'name': 'neck',
          'prev': 'backbone',
          'type': 'models.necks.MFCN'},
         {'kwargs': {'activation': 'relu',
                     'dim_feedforward': 1024,
                     'dropout': 0.1,
                     'feature_jitter': {'prob': 1.0, 'scale': 20.0},
                     'feature_size': [11, 11],
                     'hidden_dim': 256,
                     'initializer': {'method': 'xavier_uniform'},
                     'neighbor_mask': {'mask': [True, True, True],
                                       'neighbor_size': [7, 7]},
                     'nhead': 8,
                     'normalize_before': False,
                     'num_decoder_layers': 4,
                     'num_encoder_layers': 4,
                     'pos_embed_type': 'learned',
                     'save_recon': False},
          'name': 'reconstruction',
          'prev': 'neck',
          'type': 'models.reconstructions.UniAD'}],
 'port': 11111,
 'random_seed': 133,
 'save_path': '.\\stitch-o_checkpoint/',
 'saver': {'always_save': False,
           'auto_resume': False,
           'load_path': 'stitch-o_checkpoint/ckpt.pth.tar',
           'log_dir': 'log/',
           'save_dir': 'stitch-o_checkpoint/'},
 'trainer': {'clip_max_norm': 0.1,
             'lr_scheduler': {'kwargs': {'gamma': 0.1, 'step_size': 50},
                              'type': 'StepLR'},
             'max_epoch': 250,
             'optimizer': {'kwargs': {'betas': [0.9, 0.999],
                                      'lr': 0.0001,
                                      'weight_decay': 0.0001},
                           'type': 'AdamW'},
             'print_freq_step': 200,
             'tb_freq_step': 1,
             'val_freq_epoch': 10},
 'version': 'v1.0.0'}
[2024-07-15 19:13:20,159][       utils.py][line: 740][    INFO]  not exist, load from https://github.com/lukemelas/EfficientNet-PyTorch/releases/download/1.0/efficientnet-b4-6ed6700e.pth
[2024-07-15 19:13:20,236][       utils.py][line: 761][    INFO] Loaded ImageNet pretrained efficientnet-b4
[2024-07-15 19:13:20,453][   train_val.py][line:  77][    INFO] layers: ['backbone', 'neck', 'reconstruction']
[2024-07-15 19:13:20,453][   train_val.py][line:  78][    INFO] active layers: ['reconstruction', 'neck']
[2024-07-15 19:13:20,455][custom_dataset.py][line:  38][    INFO] building CustomDataset from: ./chunks/metadata/train_metadata.json
[2024-07-15 19:13:20,639][custom_dataset.py][line:  38][    INFO] building CustomDataset from: ./chunks/metadata/test_metadata.json
[2024-07-15 19:14:35,593][   train_val.py][line: 239][    INFO] Epoch: [1/250]	Iter: [200/69500]	Time 0.23 (0.37)	Data 0.00 (0.15)	Loss 34.46754 (40.40211)	LR 0.00010	
[2024-07-15 19:15:51,258][   train_val.py][line: 239][    INFO] Epoch: [2/250]	Iter: [400/69500]	Time 0.21 (0.47)	Data 0.00 (0.25)	Loss 16.62271 (24.72387)	LR 0.00010	
[2024-07-15 19:17:04,780][   train_val.py][line: 239][    INFO] Epoch: [3/250]	Iter: [600/69500]	Time 0.20 (0.89)	Data 0.00 (0.68)	Loss 20.98423 (15.54393)	LR 0.00010	
[2024-07-15 19:17:47,464][   train_val.py][line: 239][    INFO] Epoch: [3/250]	Iter: [800/69500]	Time 0.23 (0.21)	Data 0.00 (0.00)	Loss 8.64103 (12.56448)	LR 0.00010	
[2024-07-15 19:18:58,872][   train_val.py][line: 239][    INFO] Epoch: [4/250]	Iter: [1000/69500]	Time 0.20 (0.38)	Data 0.00 (0.18)	Loss 4.75176 (8.58566)	LR 0.00010	
[2024-07-15 19:20:09,296][   train_val.py][line: 239][    INFO] Epoch: [5/250]	Iter: [1200/69500]	Time 0.20 (0.54)	Data 0.00 (0.34)	Loss 4.69787 (5.48294)	LR 0.00010	
[2024-07-15 19:21:18,917][   train_val.py][line: 239][    INFO] Epoch: [6/250]	Iter: [1400/69500]	Time 0.19 (3.12)	Data 0.00 (2.88)	Loss 2.95787 (4.12511)	LR 0.00010	
[2024-07-15 19:21:58,813][   train_val.py][line: 239][    INFO] Epoch: [6/250]	Iter: [1600/69500]	Time 0.20 (0.20)	Data 0.00 (0.00)	Loss 1.57804 (3.01994)	LR 0.00010	
