[2024-07-16 14:47:25,515][   train_val.py][line:  52][    INFO] args: Namespace(config='./stitch-o_config.yaml', evaluate=False)
[2024-07-16 14:47:25,517][   train_val.py][line:  53][    INFO] config: {'criterion': [{'kwargs': {'weight': 1.0},
                'name': 'FeatureMSELoss',
                'type': 'FeatureMSELoss'}],
 'dataset': {'batch_size': 64,
             'image_reader': {'kwargs': {'image_dir': './chunks1/'},
                              'type': 'npy'},
             'input_size': [176, 176],
             'normals': [0],
             'test': {'meta_file': './chunks1/metadata/test_metadata.json'},
             'train': {'hflip': False,
                       'meta_file': './chunks1/metadata/train_metadata.json',
                       'rebalance': False,
                       'rotate': True,
                       'vflip': False},
             'type': 'custom',
             'workers': 8},
 'evaluator': {'eval_dir': '.\\result_eval_temp',
               'key_metric': 'mean_std_auc',
               'metrics': {'auc': [{'name': 'std'},
                                   {'kwargs': {'avgpool_size': [16, 16]},
                                    'name': 'max'},
                                   {'name': 'mean'}]},
               'save_dir': 'result_eval_temp'},
 'exp_path': '.',
 'frozen_layers': ['backbone'],
 'log_path': '.\\log/',
 'net': [{'frozen': True,
          'kwargs': {'outblocks': [1, 5, 9, 21],
                     'outstrides': [2, 4, 8, 16],
                     'pretrained': True},
          'name': 'backbone',
          'type': 'models.backbones.efficientnet_b4'},
         {'kwargs': {'outplanes': [272], 'outstrides': [16]},
          'name': 'neck',
          'prev': 'backbone',
          'type': 'models.necks.MFCN'},
         {'kwargs': {'activation': 'relu',
                     'dim_feedforward': 1024,
                     'dropout': 0.1,
                     'feature_jitter': {'prob': 1.0, 'scale': 20.0},
                     'feature_size': [11, 11],
                     'hidden_dim': 256,
                     'initializer': {'method': 'xavier_uniform'},
                     'neighbor_mask': {'mask': [True, True, True],
                                       'neighbor_size': [7, 7]},
                     'nhead': 8,
                     'normalize_before': False,
                     'num_decoder_layers': 4,
                     'num_encoder_layers': 4,
                     'pos_embed_type': 'learned',
                     'save_recon': False},
          'name': 'reconstruction',
          'prev': 'neck',
          'type': 'models.reconstructions.UniAD'}],
 'port': 11111,
 'random_seed': 133,
 'save_path': '.\\stitch-o_checkpoint/',
 'saver': {'always_save': False,
           'auto_resume': False,
           'load_path': 'stitch-o_checkpoint/ckpt.pth.tar',
           'log_dir': 'log/',
           'save_dir': 'stitch-o_checkpoint/'},
 'trainer': {'clip_max_norm': 0.1,
             'lr_scheduler': {'kwargs': {'gamma': 0.1, 'step_size': 50},
                              'type': 'StepLR'},
             'max_epoch': 250,
             'optimizer': {'kwargs': {'betas': [0.9, 0.999],
                                      'lr': 0.0001,
                                      'weight_decay': 0.0001},
                           'type': 'AdamW'},
             'print_freq_step': 200,
             'tb_freq_step': 1,
             'val_freq_epoch': 10},
 'version': 'v1.0.0'}
[2024-07-16 14:47:25,772][       utils.py][line: 740][    INFO]  not exist, load from https://github.com/lukemelas/EfficientNet-PyTorch/releases/download/1.0/efficientnet-b4-6ed6700e.pth
[2024-07-16 14:47:25,847][       utils.py][line: 761][    INFO] Loaded ImageNet pretrained efficientnet-b4
[2024-07-16 14:47:26,056][   train_val.py][line:  72][    INFO] layers: ['backbone', 'neck', 'reconstruction']
[2024-07-16 14:47:26,056][   train_val.py][line:  73][    INFO] active layers: ['neck', 'reconstruction']
[2024-07-16 14:47:26,059][custom_dataset.py][line:  38][    INFO] building CustomDataset from: ./chunks1/metadata/train_metadata.json
[2024-07-16 14:47:26,112][custom_dataset.py][line:  38][    INFO] building CustomDataset from: ./chunks1/metadata/test_metadata.json
[2024-07-16 14:48:33,427][   train_val.py][line: 219][    INFO] Epoch: [1/250]	Iter: [200/69500]	Time 0.17 (0.34)	Data 0.00 (0.15)	Loss 28.54671 (31.68680)	LR 0.00010	
[2024-07-16 14:49:40,180][   train_val.py][line: 219][    INFO] Epoch: [2/250]	Iter: [400/69500]	Time 0.17 (0.42)	Data 0.00 (0.25)	Loss 30.96246 (26.98339)	LR 0.00010	
[2024-07-16 14:50:45,272][   train_val.py][line: 219][    INFO] Epoch: [3/250]	Iter: [600/69500]	Time 0.17 (0.85)	Data 0.00 (0.68)	Loss 24.36759 (25.47022)	LR 0.00010	
[2024-07-16 14:51:18,862][   train_val.py][line: 219][    INFO] Epoch: [3/250]	Iter: [800/69500]	Time 0.16 (0.17)	Data 0.00 (0.00)	Loss 33.60658 (24.69762)	LR 0.00010	
[2024-07-16 14:52:22,893][   train_val.py][line: 219][    INFO] Epoch: [4/250]	Iter: [1000/69500]	Time 0.16 (0.35)	Data 0.00 (0.18)	Loss 21.37164 (23.70787)	LR 0.00010	
[2024-07-16 14:53:26,097][   train_val.py][line: 219][    INFO] Epoch: [5/250]	Iter: [1200/69500]	Time 0.16 (0.50)	Data 0.00 (0.33)	Loss 22.85963 (23.09143)	LR 0.00010	
[2024-07-16 14:54:29,493][   train_val.py][line: 219][    INFO] Epoch: [6/250]	Iter: [1400/69500]	Time 0.16 (3.15)	Data 0.00 (2.96)	Loss 20.89817 (22.31512)	LR 0.00010	
[2024-07-16 14:55:02,234][   train_val.py][line: 219][    INFO] Epoch: [6/250]	Iter: [1600/69500]	Time 0.16 (0.16)	Data 0.00 (0.00)	Loss 22.24450 (22.09392)	LR 0.00010	
