[2024-07-15 19:51:47,506][   train_val.py][line:  57][    INFO] args: Namespace(config='./stitch-o_config.yaml', evaluate=False)
[2024-07-15 19:51:47,508][   train_val.py][line:  58][    INFO] config: {'criterion': [{'kwargs': {'weight': 1.0},
                'name': 'FeatureMSELoss',
                'type': 'FeatureMSELoss'}],
 'dataset': {'batch_size': 64,
             'image_reader': {'kwargs': {'image_dir': './chunks/'},
                              'type': 'npy'},
             'input_size': [176, 176],
             'normals': [0],
             'test': {'meta_file': './chunks/metadata/test_metadata.json'},
             'train': {'hflip': False,
                       'meta_file': './chunks/metadata/train_metadata.json',
                       'rebalance': False,
                       'rotate': True,
                       'vflip': False},
             'type': 'custom',
             'workers': 8},
 'evaluator': {'eval_dir': '.\\result_eval_temp',
               'key_metric': 'mean_std_auc',
               'metrics': {'auc': [{'name': 'std'},
                                   {'kwargs': {'avgpool_size': [16, 16]},
                                    'name': 'max'},
                                   {'name': 'mean'}]},
               'save_dir': 'result_eval_temp'},
 'exp_path': '.',
 'frozen_layers': ['backbone'],
 'log_path': '.\\log/',
 'net': [{'frozen': True,
          'kwargs': {'outblocks': [1, 5, 9, 21],
                     'outstrides': [2, 4, 8, 16],
                     'pretrained': True},
          'name': 'backbone',
          'type': 'models.backbones.efficientnet_b4'},
         {'kwargs': {'outplanes': [272], 'outstrides': [16]},
          'name': 'neck',
          'prev': 'backbone',
          'type': 'models.necks.MFCN'},
         {'kwargs': {'activation': 'relu',
                     'dim_feedforward': 1024,
                     'dropout': 0.1,
                     'feature_jitter': {'prob': 1.0, 'scale': 20.0},
                     'feature_size': [11, 11],
                     'hidden_dim': 256,
                     'initializer': {'method': 'xavier_uniform'},
                     'neighbor_mask': {'mask': [True, True, True],
                                       'neighbor_size': [7, 7]},
                     'nhead': 8,
                     'normalize_before': False,
                     'num_decoder_layers': 4,
                     'num_encoder_layers': 4,
                     'pos_embed_type': 'learned',
                     'save_recon': False},
          'name': 'reconstruction',
          'prev': 'neck',
          'type': 'models.reconstructions.UniAD'}],
 'port': 11111,
 'random_seed': 133,
 'save_path': '.\\stitch-o_checkpoint/',
 'saver': {'always_save': False,
           'auto_resume': False,
           'load_path': 'stitch-o_checkpoint/ckpt.pth.tar',
           'log_dir': 'log/',
           'save_dir': 'stitch-o_checkpoint/'},
 'trainer': {'clip_max_norm': 0.1,
             'lr_scheduler': {'kwargs': {'gamma': 0.1, 'step_size': 50},
                              'type': 'StepLR'},
             'max_epoch': 250,
             'optimizer': {'kwargs': {'betas': [0.9, 0.999],
                                      'lr': 0.0001,
                                      'weight_decay': 0.0001},
                           'type': 'AdamW'},
             'print_freq_step': 200,
             'tb_freq_step': 1,
             'val_freq_epoch': 10},
 'version': 'v1.0.0'}
[2024-07-15 19:51:47,775][       utils.py][line: 740][    INFO]  not exist, load from https://github.com/lukemelas/EfficientNet-PyTorch/releases/download/1.0/efficientnet-b4-6ed6700e.pth
[2024-07-15 19:51:47,850][       utils.py][line: 761][    INFO] Loaded ImageNet pretrained efficientnet-b4
[2024-07-15 19:51:48,031][   train_val.py][line:  77][    INFO] layers: ['backbone', 'neck', 'reconstruction']
[2024-07-15 19:51:48,031][   train_val.py][line:  78][    INFO] active layers: ['reconstruction', 'neck']
[2024-07-15 19:51:48,034][custom_dataset.py][line:  38][    INFO] building CustomDataset from: ./chunks/metadata/train_metadata.json
[2024-07-15 19:51:48,206][custom_dataset.py][line:  38][    INFO] building CustomDataset from: ./chunks/metadata/test_metadata.json
[2024-07-15 19:52:57,694][   train_val.py][line: 239][    INFO] Epoch: [1/250]	Iter: [200/69500]	Time 0.20 (0.35)	Data 0.00 (0.14)	Loss 27.73488 (31.67113)	LR 0.00010	
[2024-07-15 19:54:10,800][   train_val.py][line: 239][    INFO] Epoch: [2/250]	Iter: [400/69500]	Time 0.21 (0.45)	Data 0.00 (0.24)	Loss 31.06934 (26.94140)	LR 0.00010	
[2024-07-15 19:55:22,869][   train_val.py][line: 239][    INFO] Epoch: [3/250]	Iter: [600/69500]	Time 0.20 (0.88)	Data 0.00 (0.67)	Loss 24.43013 (25.17453)	LR 0.00010	
[2024-07-15 19:56:02,949][   train_val.py][line: 239][    INFO] Epoch: [3/250]	Iter: [800/69500]	Time 0.20 (0.20)	Data 0.00 (0.00)	Loss 31.63548 (24.77791)	LR 0.00010	
[2024-07-15 19:57:13,324][   train_val.py][line: 239][    INFO] Epoch: [4/250]	Iter: [1000/69500]	Time 0.20 (0.38)	Data 0.00 (0.17)	Loss 21.96087 (23.71662)	LR 0.00010	
[2024-07-15 19:58:24,454][   train_val.py][line: 239][    INFO] Epoch: [5/250]	Iter: [1200/69500]	Time 0.20 (0.54)	Data 0.00 (0.33)	Loss 23.09392 (23.20622)	LR 0.00010	
[2024-07-15 19:59:36,003][   train_val.py][line: 239][    INFO] Epoch: [6/250]	Iter: [1400/69500]	Time 0.21 (3.18)	Data 0.00 (2.94)	Loss 20.94297 (22.32929)	LR 0.00010	
[2024-07-15 20:00:17,801][   train_val.py][line: 239][    INFO] Epoch: [6/250]	Iter: [1600/69500]	Time 0.21 (0.21)	Data 0.00 (0.00)	Loss 21.61538 (22.09080)	LR 0.00010	
[2024-07-15 20:01:28,405][   train_val.py][line: 239][    INFO] Epoch: [7/250]	Iter: [1800/69500]	Time 0.22 (0.42)	Data 0.00 (0.22)	Loss 20.10978 (21.55963)	LR 0.00010	
[2024-07-15 20:02:38,835][   train_val.py][line: 239][    INFO] Epoch: [8/250]	Iter: [2000/69500]	Time 0.20 (0.73)	Data 0.00 (0.52)	Loss 21.54183 (21.48630)	LR 0.00010	
[2024-07-15 20:03:19,865][   train_val.py][line: 239][    INFO] Epoch: [8/250]	Iter: [2200/69500]	Time 0.20 (0.21)	Data 0.00 (0.00)	Loss 19.27180 (20.74003)	LR 0.00010	
[2024-07-15 20:04:30,188][   train_val.py][line: 239][    INFO] Epoch: [9/250]	Iter: [2400/69500]	Time 0.20 (0.37)	Data 0.00 (0.16)	Loss 18.61846 (20.37008)	LR 0.00010	
[2024-07-15 20:05:42,523][   train_val.py][line: 239][    INFO] Epoch: [10/250]	Iter: [2600/69500]	Time 0.22 (0.51)	Data 0.00 (0.30)	Loss 19.19394 (20.02404)	LR 0.00010	
[2024-07-15 20:07:01,743][   train_val.py][line: 302][    INFO] Gathering final results ...
[2024-07-15 20:07:01,743][   train_val.py][line: 304][    INFO]  * Loss 27.73366	total_num=2039.0
[2024-07-15 20:07:21,621][ eval_helper.py][line: 224][    INFO] 
|  clsname  |   std    |   max    |   mean   |
|:---------:|:--------:|:--------:|:--------:|
| UOG_1996  | 0.634638 | 0.625165 | 0.675026 |
| UOG_2057  | 0.708731 | 0.691575 | 0.522264 |
| UOG_1676  | 0.778582 | 0.936409 | 0.985164 |
|   mean    | 0.707317 | 0.75105  | 0.727485 |
[2024-07-15 20:07:21,644][   train_val.py][line: 135][    INFO] best_metric = 0.7073174262552197
