[2024-07-16 11:00:38,896][   train_val.py][line:  52][    INFO] args: Namespace(config='./stitch-o_config.yaml', evaluate=False)
[2024-07-16 11:00:38,898][   train_val.py][line:  53][    INFO] config: {'criterion': [{'kwargs': {'weight': 1.0},
                'name': 'FeatureMSELoss',
                'type': 'FeatureMSELoss'}],
 'dataset': {'batch_size': 32,
             'image_reader': {'kwargs': {'image_dir': './chunks/'},
                              'type': 'npy'},
             'input_size': [176, 176],
             'normals': [0],
             'test': {'meta_file': './chunks/metadata/test_metadata.json'},
             'train': {'hflip': False,
                       'meta_file': './chunks/metadata/train_metadata.json',
                       'rebalance': False,
                       'rotate': True,
                       'vflip': False},
             'type': 'custom',
             'workers': 8},
 'evaluator': {'eval_dir': '.\\result_eval_temp',
               'key_metric': 'mean_std_auc',
               'metrics': {'auc': [{'name': 'std'},
                                   {'kwargs': {'avgpool_size': [16, 16]},
                                    'name': 'max'},
                                   {'name': 'mean'}]},
               'save_dir': 'result_eval_temp'},
 'exp_path': '.',
 'frozen_layers': ['backbone'],
 'log_path': '.\\log/',
 'net': [{'frozen': True,
          'kwargs': {'outblocks': [1, 5, 9, 21],
                     'outstrides': [2, 4, 8, 16],
                     'pretrained': True},
          'name': 'backbone',
          'type': 'models.backbones.efficientnet_b4'},
         {'kwargs': {'outplanes': [272], 'outstrides': [16]},
          'name': 'neck',
          'prev': 'backbone',
          'type': 'models.necks.MFCN'},
         {'kwargs': {'activation': 'relu',
                     'dim_feedforward': 1024,
                     'dropout': 0.1,
                     'feature_jitter': {'prob': 1.0, 'scale': 20.0},
                     'feature_size': [11, 11],
                     'hidden_dim': 256,
                     'initializer': {'method': 'xavier_uniform'},
                     'neighbor_mask': {'mask': [True, True, True],
                                       'neighbor_size': [7, 7]},
                     'nhead': 8,
                     'normalize_before': False,
                     'num_decoder_layers': 4,
                     'num_encoder_layers': 4,
                     'pos_embed_type': 'learned',
                     'save_recon': False},
          'name': 'reconstruction',
          'prev': 'neck',
          'type': 'models.reconstructions.UniAD'}],
 'port': 11111,
 'random_seed': 133,
 'save_path': '.\\stitch-o_checkpoint/',
 'saver': {'always_save': False,
           'auto_resume': False,
           'load_path': 'stitch-o_checkpoint/ckpt.pth.tar',
           'log_dir': 'log/',
           'save_dir': 'stitch-o_checkpoint/'},
 'trainer': {'clip_max_norm': 0.1,
             'lr_scheduler': {'kwargs': {'gamma': 0.1, 'step_size': 50},
                              'type': 'StepLR'},
             'max_epoch': 250,
             'optimizer': {'kwargs': {'betas': [0.9, 0.999],
                                      'lr': 0.0001,
                                      'weight_decay': 0.0001},
                           'type': 'AdamW'},
             'print_freq_step': 200,
             'tb_freq_step': 1,
             'val_freq_epoch': 10},
 'version': 'v1.0.0'}
[2024-07-16 11:00:39,256][       utils.py][line: 740][    INFO]  not exist, load from https://github.com/lukemelas/EfficientNet-PyTorch/releases/download/1.0/efficientnet-b4-6ed6700e.pth
[2024-07-16 11:00:39,352][       utils.py][line: 761][    INFO] Loaded ImageNet pretrained efficientnet-b4
[2024-07-16 11:00:39,576][   train_val.py][line:  72][    INFO] layers: ['backbone', 'neck', 'reconstruction']
[2024-07-16 11:00:39,576][   train_val.py][line:  73][    INFO] active layers: ['neck', 'reconstruction']
[2024-07-16 11:00:43,643][custom_dataset.py][line:  38][    INFO] building CustomDataset from: ./chunks/metadata/train_metadata.json
[2024-07-16 11:00:43,695][custom_dataset.py][line:  38][    INFO] building CustomDataset from: ./chunks/metadata/test_metadata.json
[2024-07-16 11:01:39,474][   train_val.py][line: 219][    INFO] Epoch: [1/250]	Iter: [200/138750]	Time 0.11 (0.28)	Data 0.00 (0.15)	Loss 6.68193 (6.69620)	LR 0.00010	
[2024-07-16 11:02:02,328][   train_val.py][line: 219][    INFO] Epoch: [1/250]	Iter: [400/138750]	Time 0.15 (0.11)	Data 0.00 (0.00)	Loss 6.33685 (6.59773)	LR 0.00010	
[2024-07-16 11:02:59,127][   train_val.py][line: 219][    INFO] Epoch: [2/250]	Iter: [600/138750]	Time 0.09 (0.81)	Data 0.00 (0.71)	Loss 6.46370 (6.57450)	LR 0.00010	
[2024-07-16 11:03:19,456][   train_val.py][line: 219][    INFO] Epoch: [2/250]	Iter: [800/138750]	Time 0.10 (0.10)	Data 0.00 (0.00)	Loss 6.72988 (6.53639)	LR 0.00010	
[2024-07-16 11:03:39,780][   train_val.py][line: 219][    INFO] Epoch: [2/250]	Iter: [1000/138750]	Time 0.10 (0.10)	Data 0.00 (0.00)	Loss 6.53404 (6.53002)	LR 0.00010	
[2024-07-16 11:04:27,292][   train_val.py][line: 219][    INFO] Epoch: [3/250]	Iter: [1200/138750]	Time 0.10 (0.40)	Data 0.00 (0.30)	Loss 6.41219 (6.51341)	LR 0.00010	
[2024-07-16 11:04:46,465][   train_val.py][line: 219][    INFO] Epoch: [3/250]	Iter: [1400/138750]	Time 0.10 (0.10)	Data 0.00 (0.00)	Loss 6.52831 (6.48232)	LR 0.00010	
[2024-07-16 11:05:04,912][   train_val.py][line: 219][    INFO] Epoch: [3/250]	Iter: [1600/138750]	Time 0.08 (0.09)	Data 0.00 (0.00)	Loss 6.54178 (6.49458)	LR 0.00010	
[2024-07-16 11:05:51,736][   train_val.py][line: 219][    INFO] Epoch: [4/250]	Iter: [1800/138750]	Time 0.09 (0.30)	Data 0.00 (0.20)	Loss 6.56894 (6.47382)	LR 0.00010	
[2024-07-16 11:06:11,126][   train_val.py][line: 219][    INFO] Epoch: [4/250]	Iter: [2000/138750]	Time 0.10 (0.10)	Data 0.00 (0.00)	Loss 6.70712 (6.44723)	LR 0.00010	
[2024-07-16 11:06:31,675][   train_val.py][line: 219][    INFO] Epoch: [4/250]	Iter: [2200/138750]	Time 0.10 (0.10)	Data 0.00 (0.00)	Loss 6.88101 (6.47829)	LR 0.00010	
[2024-07-16 11:07:21,180][   train_val.py][line: 219][    INFO] Epoch: [5/250]	Iter: [2400/138750]	Time 0.11 (0.26)	Data 0.00 (0.16)	Loss 6.21644 (6.45951)	LR 0.00010	
[2024-07-16 11:07:40,829][   train_val.py][line: 219][    INFO] Epoch: [5/250]	Iter: [2600/138750]	Time 0.10 (0.10)	Data 0.00 (0.00)	Loss 6.40990 (6.42962)	LR 0.00010	
[2024-07-16 11:08:28,668][   train_val.py][line: 219][    INFO] Epoch: [6/250]	Iter: [2800/138750]	Time 0.08 (1.22)	Data 0.00 (1.11)	Loss 6.55681 (6.42897)	LR 0.00010	
[2024-07-16 11:08:47,523][   train_val.py][line: 219][    INFO] Epoch: [6/250]	Iter: [3000/138750]	Time 0.13 (0.09)	Data 0.00 (0.00)	Loss 6.52699 (6.40945)	LR 0.00010	
[2024-07-16 11:09:05,952][   train_val.py][line: 219][    INFO] Epoch: [6/250]	Iter: [3200/138750]	Time 0.08 (0.09)	Data 0.00 (0.00)	Loss 6.53590 (6.42449)	LR 0.00010	
[2024-07-16 11:09:52,633][   train_val.py][line: 219][    INFO] Epoch: [7/250]	Iter: [3400/138750]	Time 0.09 (0.49)	Data 0.00 (0.39)	Loss 6.48040 (6.43225)	LR 0.00010	
[2024-07-16 11:10:11,142][   train_val.py][line: 219][    INFO] Epoch: [7/250]	Iter: [3600/138750]	Time 0.09 (0.09)	Data 0.00 (0.00)	Loss 6.55966 (6.41794)	LR 0.00010	
[2024-07-16 11:10:29,630][   train_val.py][line: 219][    INFO] Epoch: [7/250]	Iter: [3800/138750]	Time 0.14 (0.09)	Data 0.00 (0.00)	Loss 6.54201 (6.39466)	LR 0.00010	
[2024-07-16 11:11:16,146][   train_val.py][line: 219][    INFO] Epoch: [8/250]	Iter: [4000/138750]	Time 0.09 (0.33)	Data 0.00 (0.24)	Loss 6.53674 (6.41333)	LR 0.00010	
[2024-07-16 11:11:34,622][   train_val.py][line: 219][    INFO] Epoch: [8/250]	Iter: [4200/138750]	Time 0.09 (0.09)	Data 0.00 (0.00)	Loss 6.48835 (6.38638)	LR 0.00010	
[2024-07-16 11:11:52,857][   train_val.py][line: 219][    INFO] Epoch: [8/250]	Iter: [4400/138750]	Time 0.12 (0.09)	Data 0.00 (0.00)	Loss 6.43363 (6.38584)	LR 0.00010	
[2024-07-16 11:12:39,732][   train_val.py][line: 219][    INFO] Epoch: [9/250]	Iter: [4600/138750]	Time 0.09 (0.27)	Data 0.00 (0.17)	Loss 6.29242 (6.41577)	LR 0.00010	
[2024-07-16 11:12:58,343][   train_val.py][line: 219][    INFO] Epoch: [9/250]	Iter: [4800/138750]	Time 0.08 (0.09)	Data 0.00 (0.00)	Loss 6.31441 (6.37144)	LR 0.00010	
[2024-07-16 11:13:44,869][   train_val.py][line: 219][    INFO] Epoch: [10/250]	Iter: [5000/138750]	Time 0.10 (5.61)	Data 0.00 (5.47)	Loss 6.27980 (6.40325)	LR 0.00010	
[2024-07-16 11:14:03,373][   train_val.py][line: 219][    INFO] Epoch: [10/250]	Iter: [5200/138750]	Time 0.08 (0.09)	Data 0.00 (0.00)	Loss 6.39209 (6.36700)	LR 0.00010	
[2024-07-16 11:14:21,877][   train_val.py][line: 219][    INFO] Epoch: [10/250]	Iter: [5400/138750]	Time 0.10 (0.09)	Data 0.00 (0.00)	Loss 6.37809 (6.36504)	LR 0.00010	
[2024-07-16 11:15:14,073][   train_val.py][line: 282][    INFO] Gathering final results ...
[2024-07-16 11:15:14,073][   train_val.py][line: 284][    INFO]  * Loss 4.91439	total_num=2039.0
[2024-07-16 11:15:32,150][ eval_helper.py][line: 224][    INFO] 
|  clsname  |   std    |   mean   |   max    |
|:---------:|:--------:|:--------:|:--------:|
| UOG_2057  | 0.573673 | 0.62971  | 0.604771 |
| UOG_1676  | 0.577904 | 0.566565 | 0.561981 |
| UOG_1996  | 0.615807 | 0.519972 | 0.58321  |
|   mean    | 0.589128 | 0.572082 | 0.583321 |
[2024-07-16 11:15:32,167][   train_val.py][line: 130][    INFO] best_metric = 0.5891281619020212
[2024-07-16 11:16:04,452][   train_val.py][line: 219][    INFO] Epoch: [11/250]	Iter: [5600/138750]	Time 0.09 (0.64)	Data 0.00 (0.54)	Loss 6.29285 (6.35166)	LR 0.00010	
[2024-07-16 11:16:23,649][   train_val.py][line: 219][    INFO] Epoch: [11/250]	Iter: [5800/138750]	Time 0.10 (0.10)	Data 0.00 (0.00)	Loss 6.44044 (6.36400)	LR 0.00010	
[2024-07-16 11:16:42,052][   train_val.py][line: 219][    INFO] Epoch: [11/250]	Iter: [6000/138750]	Time 0.08 (0.09)	Data 0.00 (0.00)	Loss 6.37491 (6.37073)	LR 0.00010	
[2024-07-16 11:17:28,729][   train_val.py][line: 219][    INFO] Epoch: [12/250]	Iter: [6200/138750]	Time 0.08 (0.38)	Data 0.00 (0.29)	Loss 6.30472 (6.34804)	LR 0.00010	
[2024-07-16 11:17:47,449][   train_val.py][line: 219][    INFO] Epoch: [12/250]	Iter: [6400/138750]	Time 0.09 (0.09)	Data 0.00 (0.00)	Loss 6.55903 (6.33075)	LR 0.00010	
[2024-07-16 11:18:05,710][   train_val.py][line: 219][    INFO] Epoch: [12/250]	Iter: [6600/138750]	Time 0.09 (0.09)	Data 0.00 (0.00)	Loss 6.25410 (6.35746)	LR 0.00010	
[2024-07-16 11:18:52,676][   train_val.py][line: 219][    INFO] Epoch: [13/250]	Iter: [6800/138750]	Time 0.09 (0.29)	Data 0.00 (0.20)	Loss 6.44253 (6.32445)	LR 0.00010	
[2024-07-16 11:19:11,407][   train_val.py][line: 219][    INFO] Epoch: [13/250]	Iter: [7000/138750]	Time 0.09 (0.09)	Data 0.00 (0.00)	Loss 6.32823 (6.34289)	LR 0.00010	
[2024-07-16 11:19:29,923][   train_val.py][line: 219][    INFO] Epoch: [13/250]	Iter: [7200/138750]	Time 0.11 (0.09)	Data 0.00 (0.00)	Loss 6.64073 (6.33944)	LR 0.00010	
[2024-07-16 11:20:17,046][   train_val.py][line: 219][    INFO] Epoch: [14/250]	Iter: [7400/138750]	Time 0.09 (0.24)	Data 0.00 (0.15)	Loss 6.13414 (6.33267)	LR 0.00010	
[2024-07-16 11:20:35,525][   train_val.py][line: 219][    INFO] Epoch: [14/250]	Iter: [7600/138750]	Time 0.08 (0.09)	Data 0.00 (0.00)	Loss 6.43093 (6.31981)	LR 0.00010	
[2024-07-16 11:21:22,386][   train_val.py][line: 219][    INFO] Epoch: [15/250]	Iter: [7800/138750]	Time 0.09 (1.02)	Data 0.00 (0.91)	Loss 6.38623 (6.32643)	LR 0.00010	
[2024-07-16 11:21:41,120][   train_val.py][line: 219][    INFO] Epoch: [15/250]	Iter: [8000/138750]	Time 0.09 (0.09)	Data 0.00 (0.00)	Loss 6.25080 (6.32730)	LR 0.00010	
[2024-07-16 11:21:59,775][   train_val.py][line: 219][    INFO] Epoch: [15/250]	Iter: [8200/138750]	Time 0.11 (0.09)	Data 0.00 (0.00)	Loss 6.50330 (6.30792)	LR 0.00010	
[2024-07-16 11:22:46,587][   train_val.py][line: 219][    INFO] Epoch: [16/250]	Iter: [8400/138750]	Time 0.09 (0.46)	Data 0.00 (0.37)	Loss 6.36275 (6.28674)	LR 0.00010	
[2024-07-16 11:23:05,565][   train_val.py][line: 219][    INFO] Epoch: [16/250]	Iter: [8600/138750]	Time 0.10 (0.09)	Data 0.00 (0.00)	Loss 5.97243 (6.31062)	LR 0.00010	
[2024-07-16 11:23:24,376][   train_val.py][line: 219][    INFO] Epoch: [16/250]	Iter: [8800/138750]	Time 0.08 (0.09)	Data 0.00 (0.00)	Loss 6.45475 (6.30133)	LR 0.00010	
[2024-07-16 11:24:11,244][   train_val.py][line: 219][    INFO] Epoch: [17/250]	Iter: [9000/138750]	Time 0.09 (0.32)	Data 0.00 (0.23)	Loss 6.16722 (6.27460)	LR 0.00010	
[2024-07-16 11:24:30,669][   train_val.py][line: 219][    INFO] Epoch: [17/250]	Iter: [9200/138750]	Time 0.10 (0.10)	Data 0.00 (0.00)	Loss 6.24593 (6.29471)	LR 0.00010	
[2024-07-16 11:24:49,660][   train_val.py][line: 219][    INFO] Epoch: [17/250]	Iter: [9400/138750]	Time 0.09 (0.09)	Data 0.00 (0.00)	Loss 6.22891 (6.30067)	LR 0.00010	
[2024-07-16 11:25:36,826][   train_val.py][line: 219][    INFO] Epoch: [18/250]	Iter: [9600/138750]	Time 0.09 (0.26)	Data 0.00 (0.18)	Loss 6.32763 (6.29418)	LR 0.00010	
