[2024-07-15 19:02:56,757][   train_val.py][line:  57][    INFO] args: Namespace(config='./stitch-o_config.yaml', evaluate=False)
[2024-07-15 19:02:56,760][   train_val.py][line:  58][    INFO] config: {'criterion': [{'kwargs': {'weight': 1.0},
                'name': 'FeatureMSELoss',
                'type': 'FeatureMSELoss'}],
 'dataset': {'batch_size': 64,
             'image_reader': {'kwargs': {'image_dir': './chunks/'},
                              'type': 'npy'},
             'input_size': [176, 176],
             'normals': [0],
             'test': {'meta_file': './chunks/metadata/test_metadata.json'},
             'train': {'hflip': False,
                       'meta_file': './chunks/metadata/train_metadata.json',
                       'rebalance': False,
                       'rotate': True,
                       'vflip': False},
             'type': 'custom',
             'workers': 8},
 'evaluator': {'eval_dir': '.\\result_eval_temp',
               'key_metric': 'mean_std_auc',
               'metrics': {'auc': [{'name': 'std'},
                                   {'kwargs': {'avgpool_size': [16, 16]},
                                    'name': 'max'},
                                   {'name': 'mean'}]},
               'save_dir': 'result_eval_temp'},
 'exp_path': '.',
 'frozen_layers': ['backbone'],
 'log_path': '.\\log/',
 'net': [{'frozen': True,
          'kwargs': {'outblocks': [1, 5, 9, 21],
                     'outstrides': [2, 4, 8, 16],
                     'pretrained': True},
          'name': 'backbone',
          'type': 'models.backbones.efficientnet_b4'},
         {'kwargs': {'outplanes': [272], 'outstrides': [16]},
          'name': 'neck',
          'prev': 'backbone',
          'type': 'models.necks.MFCN'},
         {'kwargs': {'activation': 'relu',
                     'dim_feedforward': 1024,
                     'dropout': 0.1,
                     'feature_jitter': {'prob': 1.0, 'scale': 20.0},
                     'feature_size': [11, 11],
                     'hidden_dim': 256,
                     'initializer': {'method': 'xavier_uniform'},
                     'neighbor_mask': {'mask': [True, True, True],
                                       'neighbor_size': [7, 7]},
                     'nhead': 8,
                     'normalize_before': False,
                     'num_decoder_layers': 4,
                     'num_encoder_layers': 4,
                     'pos_embed_type': 'learned',
                     'save_recon': False},
          'name': 'reconstruction',
          'prev': 'neck',
          'type': 'models.reconstructions.UniAD'}],
 'port': 11111,
 'random_seed': 133,
 'save_path': '.\\stitch-o_checkpoint/',
 'saver': {'always_save': False,
           'auto_resume': False,
           'load_path': 'stitch-o_checkpoint/ckpt.pth.tar',
           'log_dir': 'log/',
           'save_dir': 'stitch-o_checkpoint/'},
 'trainer': {'clip_max_norm': 0.1,
             'lr_scheduler': {'kwargs': {'gamma': 0.1, 'step_size': 50},
                              'type': 'StepLR'},
             'max_epoch': 250,
             'optimizer': {'kwargs': {'betas': [0.9, 0.999],
                                      'lr': 0.0001,
                                      'weight_decay': 0.0001},
                           'type': 'AdamW'},
             'print_freq_step': 200,
             'tb_freq_step': 1,
             'val_freq_epoch': 10},
 'version': 'v1.0.0'}
[2024-07-15 19:02:57,164][       utils.py][line: 740][    INFO]  not exist, load from https://github.com/lukemelas/EfficientNet-PyTorch/releases/download/1.0/efficientnet-b4-6ed6700e.pth
[2024-07-15 19:02:57,263][       utils.py][line: 761][    INFO] Loaded ImageNet pretrained efficientnet-b4
[2024-07-15 19:02:57,495][   train_val.py][line:  77][    INFO] layers: ['backbone', 'neck', 'reconstruction']
[2024-07-15 19:02:57,495][   train_val.py][line:  78][    INFO] active layers: ['reconstruction', 'neck']
[2024-07-15 19:02:57,498][custom_dataset.py][line:  38][    INFO] building CustomDataset from: ./chunks/metadata/train_metadata.json
[2024-07-15 19:02:57,675][custom_dataset.py][line:  38][    INFO] building CustomDataset from: ./chunks/metadata/test_metadata.json
[2024-07-15 19:03:30,769][   train_val.py][line: 203][ WARNING] NaN or Inf detected in model output at step 0
[2024-07-15 19:03:30,941][   train_val.py][line: 203][ WARNING] NaN or Inf detected in model output at step 1
[2024-07-15 19:03:31,106][   train_val.py][line: 203][ WARNING] NaN or Inf detected in model output at step 2
[2024-07-15 19:03:31,274][   train_val.py][line: 203][ WARNING] NaN or Inf detected in model output at step 3
[2024-07-15 19:03:31,447][   train_val.py][line: 203][ WARNING] NaN or Inf detected in model output at step 4
[2024-07-15 19:03:31,600][   train_val.py][line: 203][ WARNING] NaN or Inf detected in model output at step 5
[2024-07-15 19:03:31,764][   train_val.py][line: 203][ WARNING] NaN or Inf detected in model output at step 6
[2024-07-15 19:03:31,937][   train_val.py][line: 203][ WARNING] NaN or Inf detected in model output at step 7
[2024-07-15 19:03:32,104][   train_val.py][line: 203][ WARNING] NaN or Inf detected in model output at step 8
[2024-07-15 19:03:32,271][   train_val.py][line: 203][ WARNING] NaN or Inf detected in model output at step 9
[2024-07-15 19:03:32,440][   train_val.py][line: 203][ WARNING] NaN or Inf detected in model output at step 10
[2024-07-15 19:03:32,605][   train_val.py][line: 203][ WARNING] NaN or Inf detected in model output at step 11
[2024-07-15 19:03:32,770][   train_val.py][line: 203][ WARNING] NaN or Inf detected in model output at step 12
[2024-07-15 19:03:32,937][   train_val.py][line: 203][ WARNING] NaN or Inf detected in model output at step 13
[2024-07-15 19:03:33,106][   train_val.py][line: 203][ WARNING] NaN or Inf detected in model output at step 14
[2024-07-15 19:03:33,275][   train_val.py][line: 203][ WARNING] NaN or Inf detected in model output at step 15
[2024-07-15 19:03:33,441][   train_val.py][line: 203][ WARNING] NaN or Inf detected in model output at step 16
[2024-07-15 19:03:33,609][   train_val.py][line: 203][ WARNING] NaN or Inf detected in model output at step 17
[2024-07-15 19:03:33,773][   train_val.py][line: 203][ WARNING] NaN or Inf detected in model output at step 18
[2024-07-15 19:03:33,938][   train_val.py][line: 203][ WARNING] NaN or Inf detected in model output at step 19
[2024-07-15 19:03:34,107][   train_val.py][line: 203][ WARNING] NaN or Inf detected in model output at step 20
[2024-07-15 19:03:34,278][   train_val.py][line: 203][ WARNING] NaN or Inf detected in model output at step 21
[2024-07-15 19:03:34,448][   train_val.py][line: 203][ WARNING] NaN or Inf detected in model output at step 22
[2024-07-15 19:03:34,613][   train_val.py][line: 203][ WARNING] NaN or Inf detected in model output at step 23
[2024-07-15 19:03:34,766][   train_val.py][line: 203][ WARNING] NaN or Inf detected in model output at step 24
[2024-07-15 19:03:34,934][   train_val.py][line: 203][ WARNING] NaN or Inf detected in model output at step 25
[2024-07-15 19:03:35,094][   train_val.py][line: 203][ WARNING] NaN or Inf detected in model output at step 26
[2024-07-15 19:03:35,248][   train_val.py][line: 203][ WARNING] NaN or Inf detected in model output at step 27
[2024-07-15 19:03:35,416][   train_val.py][line: 203][ WARNING] NaN or Inf detected in model output at step 28
[2024-07-15 19:03:35,583][   train_val.py][line: 203][ WARNING] NaN or Inf detected in model output at step 29
[2024-07-15 19:03:35,749][   train_val.py][line: 203][ WARNING] NaN or Inf detected in model output at step 30
[2024-07-15 19:03:35,915][   train_val.py][line: 203][ WARNING] NaN or Inf detected in model output at step 31
[2024-07-15 19:03:36,082][   train_val.py][line: 203][ WARNING] NaN or Inf detected in model output at step 32
[2024-07-15 19:03:36,251][   train_val.py][line: 203][ WARNING] NaN or Inf detected in model output at step 33
[2024-07-15 19:03:36,417][   train_val.py][line: 203][ WARNING] NaN or Inf detected in model output at step 34
[2024-07-15 19:03:36,583][   train_val.py][line: 203][ WARNING] NaN or Inf detected in model output at step 35
[2024-07-15 19:03:36,750][   train_val.py][line: 203][ WARNING] NaN or Inf detected in model output at step 36
[2024-07-15 19:03:36,918][   train_val.py][line: 203][ WARNING] NaN or Inf detected in model output at step 37
[2024-07-15 19:03:37,073][   train_val.py][line: 203][ WARNING] NaN or Inf detected in model output at step 38
[2024-07-15 19:03:37,249][   train_val.py][line: 203][ WARNING] NaN or Inf detected in model output at step 39
[2024-07-15 19:03:37,416][   train_val.py][line: 203][ WARNING] NaN or Inf detected in model output at step 40
[2024-07-15 19:03:37,580][   train_val.py][line: 203][ WARNING] NaN or Inf detected in model output at step 41
[2024-07-15 19:03:37,746][   train_val.py][line: 203][ WARNING] NaN or Inf detected in model output at step 42
[2024-07-15 19:03:37,911][   train_val.py][line: 203][ WARNING] NaN or Inf detected in model output at step 43
[2024-07-15 19:03:38,080][   train_val.py][line: 203][ WARNING] NaN or Inf detected in model output at step 44
[2024-07-15 19:03:38,247][   train_val.py][line: 203][ WARNING] NaN or Inf detected in model output at step 45
[2024-07-15 19:03:38,420][   train_val.py][line: 203][ WARNING] NaN or Inf detected in model output at step 46
[2024-07-15 19:03:38,589][   train_val.py][line: 203][ WARNING] NaN or Inf detected in model output at step 47
[2024-07-15 19:03:38,755][   train_val.py][line: 203][ WARNING] NaN or Inf detected in model output at step 48
[2024-07-15 19:03:38,918][   train_val.py][line: 203][ WARNING] NaN or Inf detected in model output at step 49
[2024-07-15 19:03:39,075][   train_val.py][line: 203][ WARNING] NaN or Inf detected in model output at step 50
[2024-07-15 19:03:39,239][   train_val.py][line: 203][ WARNING] NaN or Inf detected in model output at step 51
[2024-07-15 19:03:39,392][   train_val.py][line: 203][ WARNING] NaN or Inf detected in model output at step 52
[2024-07-15 19:03:39,555][   train_val.py][line: 203][ WARNING] NaN or Inf detected in model output at step 53
[2024-07-15 19:03:39,707][   train_val.py][line: 203][ WARNING] NaN or Inf detected in model output at step 54
[2024-07-15 19:03:39,871][   train_val.py][line: 203][ WARNING] NaN or Inf detected in model output at step 55
[2024-07-15 19:03:40,025][   train_val.py][line: 203][ WARNING] NaN or Inf detected in model output at step 56
[2024-07-15 19:03:40,191][   train_val.py][line: 203][ WARNING] NaN or Inf detected in model output at step 57
[2024-07-15 19:03:40,359][   train_val.py][line: 203][ WARNING] NaN or Inf detected in model output at step 58
[2024-07-15 19:03:40,525][   train_val.py][line: 203][ WARNING] NaN or Inf detected in model output at step 59
[2024-07-15 19:03:40,696][   train_val.py][line: 203][ WARNING] NaN or Inf detected in model output at step 60
[2024-07-15 19:03:40,860][   train_val.py][line: 203][ WARNING] NaN or Inf detected in model output at step 61
[2024-07-15 19:03:41,016][   train_val.py][line: 203][ WARNING] NaN or Inf detected in model output at step 62
[2024-07-15 19:03:41,184][   train_val.py][line: 203][ WARNING] NaN or Inf detected in model output at step 63
[2024-07-15 19:03:41,354][   train_val.py][line: 203][ WARNING] NaN or Inf detected in model output at step 64
[2024-07-15 19:03:41,520][   train_val.py][line: 203][ WARNING] NaN or Inf detected in model output at step 65
[2024-07-15 19:03:41,685][   train_val.py][line: 203][ WARNING] NaN or Inf detected in model output at step 66
[2024-07-15 19:03:41,856][   train_val.py][line: 203][ WARNING] NaN or Inf detected in model output at step 67
[2024-07-15 19:03:42,024][   train_val.py][line: 203][ WARNING] NaN or Inf detected in model output at step 68
[2024-07-15 19:03:42,186][   train_val.py][line: 203][ WARNING] NaN or Inf detected in model output at step 69
[2024-07-15 19:03:42,352][   train_val.py][line: 203][ WARNING] NaN or Inf detected in model output at step 70
[2024-07-15 19:03:42,518][   train_val.py][line: 203][ WARNING] NaN or Inf detected in model output at step 71
[2024-07-15 19:03:42,669][   train_val.py][line: 203][ WARNING] NaN or Inf detected in model output at step 72
[2024-07-15 19:03:42,837][   train_val.py][line: 203][ WARNING] NaN or Inf detected in model output at step 73
[2024-07-15 19:03:43,001][   train_val.py][line: 203][ WARNING] NaN or Inf detected in model output at step 74
[2024-07-15 19:03:43,157][   train_val.py][line: 203][ WARNING] NaN or Inf detected in model output at step 75
[2024-07-15 19:03:43,328][   train_val.py][line: 203][ WARNING] NaN or Inf detected in model output at step 76
[2024-07-15 19:03:43,493][   train_val.py][line: 203][ WARNING] NaN or Inf detected in model output at step 77
[2024-07-15 19:03:43,662][   train_val.py][line: 203][ WARNING] NaN or Inf detected in model output at step 78
[2024-07-15 19:03:43,831][   train_val.py][line: 203][ WARNING] NaN or Inf detected in model output at step 79
[2024-07-15 19:03:43,998][   train_val.py][line: 203][ WARNING] NaN or Inf detected in model output at step 80
[2024-07-15 19:03:44,167][   train_val.py][line: 203][ WARNING] NaN or Inf detected in model output at step 81
[2024-07-15 19:03:44,333][   train_val.py][line: 203][ WARNING] NaN or Inf detected in model output at step 82
[2024-07-15 19:03:44,490][   train_val.py][line: 203][ WARNING] NaN or Inf detected in model output at step 83
[2024-07-15 19:03:44,660][   train_val.py][line: 203][ WARNING] NaN or Inf detected in model output at step 84
[2024-07-15 19:03:44,824][   train_val.py][line: 203][ WARNING] NaN or Inf detected in model output at step 85
[2024-07-15 19:03:44,981][   train_val.py][line: 203][ WARNING] NaN or Inf detected in model output at step 86
[2024-07-15 19:03:45,146][   train_val.py][line: 203][ WARNING] NaN or Inf detected in model output at step 87
[2024-07-15 19:03:45,308][   train_val.py][line: 203][ WARNING] NaN or Inf detected in model output at step 88
[2024-07-15 19:03:45,462][   train_val.py][line: 203][ WARNING] NaN or Inf detected in model output at step 89
[2024-07-15 19:03:45,628][   train_val.py][line: 203][ WARNING] NaN or Inf detected in model output at step 90
[2024-07-15 19:03:45,796][   train_val.py][line: 203][ WARNING] NaN or Inf detected in model output at step 91
[2024-07-15 19:03:45,963][   train_val.py][line: 203][ WARNING] NaN or Inf detected in model output at step 92
[2024-07-15 19:03:46,126][   train_val.py][line: 203][ WARNING] NaN or Inf detected in model output at step 93
[2024-07-15 19:03:46,294][   train_val.py][line: 203][ WARNING] NaN or Inf detected in model output at step 94
[2024-07-15 19:03:46,461][   train_val.py][line: 203][ WARNING] NaN or Inf detected in model output at step 95
[2024-07-15 19:03:46,621][   train_val.py][line: 203][ WARNING] NaN or Inf detected in model output at step 96
[2024-07-15 19:03:46,789][   train_val.py][line: 203][ WARNING] NaN or Inf detected in model output at step 97
[2024-07-15 19:03:46,946][   train_val.py][line: 203][ WARNING] NaN or Inf detected in model output at step 98
[2024-07-15 19:03:47,120][   train_val.py][line: 203][ WARNING] NaN or Inf detected in model output at step 99
[2024-07-15 19:03:47,288][   train_val.py][line: 203][ WARNING] NaN or Inf detected in model output at step 100
[2024-07-15 19:03:47,454][   train_val.py][line: 203][ WARNING] NaN or Inf detected in model output at step 101
[2024-07-15 19:03:47,619][   train_val.py][line: 203][ WARNING] NaN or Inf detected in model output at step 102
[2024-07-15 19:03:47,769][   train_val.py][line: 203][ WARNING] NaN or Inf detected in model output at step 103
[2024-07-15 19:03:47,936][   train_val.py][line: 203][ WARNING] NaN or Inf detected in model output at step 104
[2024-07-15 19:03:48,103][   train_val.py][line: 203][ WARNING] NaN or Inf detected in model output at step 105
[2024-07-15 19:03:48,273][   train_val.py][line: 203][ WARNING] NaN or Inf detected in model output at step 106
[2024-07-15 19:03:48,445][   train_val.py][line: 203][ WARNING] NaN or Inf detected in model output at step 107
[2024-07-15 19:03:48,617][   train_val.py][line: 203][ WARNING] NaN or Inf detected in model output at step 108
[2024-07-15 19:03:48,790][   train_val.py][line: 203][ WARNING] NaN or Inf detected in model output at step 109
[2024-07-15 19:03:48,963][   train_val.py][line: 203][ WARNING] NaN or Inf detected in model output at step 110
[2024-07-15 19:03:49,128][   train_val.py][line: 203][ WARNING] NaN or Inf detected in model output at step 111
[2024-07-15 19:03:49,296][   train_val.py][line: 203][ WARNING] NaN or Inf detected in model output at step 112
[2024-07-15 19:03:49,470][   train_val.py][line: 203][ WARNING] NaN or Inf detected in model output at step 113
[2024-07-15 19:03:49,636][   train_val.py][line: 203][ WARNING] NaN or Inf detected in model output at step 114
[2024-07-15 19:03:49,794][   train_val.py][line: 203][ WARNING] NaN or Inf detected in model output at step 115
[2024-07-15 19:03:49,960][   train_val.py][line: 203][ WARNING] NaN or Inf detected in model output at step 116
[2024-07-15 19:03:50,126][   train_val.py][line: 203][ WARNING] NaN or Inf detected in model output at step 117
[2024-07-15 19:03:50,291][   train_val.py][line: 203][ WARNING] NaN or Inf detected in model output at step 118
[2024-07-15 19:03:50,462][   train_val.py][line: 203][ WARNING] NaN or Inf detected in model output at step 119
[2024-07-15 19:03:50,625][   train_val.py][line: 203][ WARNING] NaN or Inf detected in model output at step 120
[2024-07-15 19:03:50,799][   train_val.py][line: 203][ WARNING] NaN or Inf detected in model output at step 121
[2024-07-15 19:03:50,973][   train_val.py][line: 203][ WARNING] NaN or Inf detected in model output at step 122
[2024-07-15 19:03:51,138][   train_val.py][line: 203][ WARNING] NaN or Inf detected in model output at step 123
[2024-07-15 19:03:51,304][   train_val.py][line: 203][ WARNING] NaN or Inf detected in model output at step 124
[2024-07-15 19:03:51,462][   train_val.py][line: 203][ WARNING] NaN or Inf detected in model output at step 125
[2024-07-15 19:03:51,625][   train_val.py][line: 203][ WARNING] NaN or Inf detected in model output at step 126
[2024-07-15 19:03:51,787][   train_val.py][line: 203][ WARNING] NaN or Inf detected in model output at step 127
[2024-07-15 19:03:51,955][   train_val.py][line: 203][ WARNING] NaN or Inf detected in model output at step 128
[2024-07-15 19:03:52,125][   train_val.py][line: 203][ WARNING] NaN or Inf detected in model output at step 129
[2024-07-15 19:03:52,297][   train_val.py][line: 203][ WARNING] NaN or Inf detected in model output at step 130
[2024-07-15 19:03:52,463][   train_val.py][line: 203][ WARNING] NaN or Inf detected in model output at step 131
[2024-07-15 19:03:52,633][   train_val.py][line: 203][ WARNING] NaN or Inf detected in model output at step 132
[2024-07-15 19:03:52,794][   train_val.py][line: 203][ WARNING] NaN or Inf detected in model output at step 133
[2024-07-15 19:03:52,966][   train_val.py][line: 203][ WARNING] NaN or Inf detected in model output at step 134
[2024-07-15 19:03:53,134][   train_val.py][line: 203][ WARNING] NaN or Inf detected in model output at step 135
[2024-07-15 19:03:53,296][   train_val.py][line: 203][ WARNING] NaN or Inf detected in model output at step 136
[2024-07-15 19:03:53,449][   train_val.py][line: 203][ WARNING] NaN or Inf detected in model output at step 137
[2024-07-15 19:03:53,614][   train_val.py][line: 203][ WARNING] NaN or Inf detected in model output at step 138
[2024-07-15 19:03:53,769][   train_val.py][line: 203][ WARNING] NaN or Inf detected in model output at step 139
[2024-07-15 19:03:53,933][   train_val.py][line: 203][ WARNING] NaN or Inf detected in model output at step 140
[2024-07-15 19:03:54,101][   train_val.py][line: 203][ WARNING] NaN or Inf detected in model output at step 141
[2024-07-15 19:03:54,259][   train_val.py][line: 203][ WARNING] NaN or Inf detected in model output at step 142
[2024-07-15 19:03:54,423][   train_val.py][line: 203][ WARNING] NaN or Inf detected in model output at step 143
[2024-07-15 19:03:54,591][   train_val.py][line: 203][ WARNING] NaN or Inf detected in model output at step 144
[2024-07-15 19:03:54,768][   train_val.py][line: 203][ WARNING] NaN or Inf detected in model output at step 145
[2024-07-15 19:03:54,933][   train_val.py][line: 203][ WARNING] NaN or Inf detected in model output at step 146
[2024-07-15 19:03:55,108][   train_val.py][line: 203][ WARNING] NaN or Inf detected in model output at step 147
[2024-07-15 19:03:55,275][   train_val.py][line: 203][ WARNING] NaN or Inf detected in model output at step 148
[2024-07-15 19:03:55,445][   train_val.py][line: 203][ WARNING] NaN or Inf detected in model output at step 149
[2024-07-15 19:03:55,607][   train_val.py][line: 203][ WARNING] NaN or Inf detected in model output at step 150
[2024-07-15 19:03:55,782][   train_val.py][line: 203][ WARNING] NaN or Inf detected in model output at step 151
[2024-07-15 19:03:55,949][   train_val.py][line: 203][ WARNING] NaN or Inf detected in model output at step 152
[2024-07-15 19:03:56,119][   train_val.py][line: 203][ WARNING] NaN or Inf detected in model output at step 153
[2024-07-15 19:03:56,288][   train_val.py][line: 203][ WARNING] NaN or Inf detected in model output at step 154
[2024-07-15 19:03:56,456][   train_val.py][line: 203][ WARNING] NaN or Inf detected in model output at step 155
[2024-07-15 19:03:56,621][   train_val.py][line: 203][ WARNING] NaN or Inf detected in model output at step 156
[2024-07-15 19:03:56,775][   train_val.py][line: 203][ WARNING] NaN or Inf detected in model output at step 157
[2024-07-15 19:03:56,941][   train_val.py][line: 203][ WARNING] NaN or Inf detected in model output at step 158
[2024-07-15 19:03:57,104][   train_val.py][line: 203][ WARNING] NaN or Inf detected in model output at step 159
[2024-07-15 19:03:57,271][   train_val.py][line: 203][ WARNING] NaN or Inf detected in model output at step 160
[2024-07-15 19:03:57,428][   train_val.py][line: 203][ WARNING] NaN or Inf detected in model output at step 161
[2024-07-15 19:03:57,592][   train_val.py][line: 203][ WARNING] NaN or Inf detected in model output at step 162
[2024-07-15 19:03:57,741][   train_val.py][line: 203][ WARNING] NaN or Inf detected in model output at step 163
[2024-07-15 19:03:57,906][   train_val.py][line: 203][ WARNING] NaN or Inf detected in model output at step 164
[2024-07-15 19:03:58,061][   train_val.py][line: 203][ WARNING] NaN or Inf detected in model output at step 165
[2024-07-15 19:03:58,228][   train_val.py][line: 203][ WARNING] NaN or Inf detected in model output at step 166
[2024-07-15 19:03:58,391][   train_val.py][line: 203][ WARNING] NaN or Inf detected in model output at step 167
[2024-07-15 19:03:58,545][   train_val.py][line: 203][ WARNING] NaN or Inf detected in model output at step 168
[2024-07-15 19:03:58,710][   train_val.py][line: 203][ WARNING] NaN or Inf detected in model output at step 169
[2024-07-15 19:03:58,879][   train_val.py][line: 203][ WARNING] NaN or Inf detected in model output at step 170
[2024-07-15 19:03:59,050][   train_val.py][line: 203][ WARNING] NaN or Inf detected in model output at step 171
[2024-07-15 19:03:59,215][   train_val.py][line: 203][ WARNING] NaN or Inf detected in model output at step 172
[2024-07-15 19:03:59,379][   train_val.py][line: 203][ WARNING] NaN or Inf detected in model output at step 173
[2024-07-15 19:03:59,535][   train_val.py][line: 203][ WARNING] NaN or Inf detected in model output at step 174
[2024-07-15 19:03:59,698][   train_val.py][line: 203][ WARNING] NaN or Inf detected in model output at step 175
[2024-07-15 19:03:59,866][   train_val.py][line: 203][ WARNING] NaN or Inf detected in model output at step 176
[2024-07-15 19:04:00,024][   train_val.py][line: 203][ WARNING] NaN or Inf detected in model output at step 177
[2024-07-15 19:04:00,188][   train_val.py][line: 203][ WARNING] NaN or Inf detected in model output at step 178
[2024-07-15 19:04:00,355][   train_val.py][line: 203][ WARNING] NaN or Inf detected in model output at step 179
[2024-07-15 19:04:00,531][   train_val.py][line: 203][ WARNING] NaN or Inf detected in model output at step 180
[2024-07-15 19:04:00,702][   train_val.py][line: 203][ WARNING] NaN or Inf detected in model output at step 181
[2024-07-15 19:04:00,870][   train_val.py][line: 203][ WARNING] NaN or Inf detected in model output at step 182
[2024-07-15 19:04:01,039][   train_val.py][line: 203][ WARNING] NaN or Inf detected in model output at step 183
[2024-07-15 19:04:01,205][   train_val.py][line: 203][ WARNING] NaN or Inf detected in model output at step 184
[2024-07-15 19:04:01,361][   train_val.py][line: 203][ WARNING] NaN or Inf detected in model output at step 185
[2024-07-15 19:04:01,528][   train_val.py][line: 203][ WARNING] NaN or Inf detected in model output at step 186
[2024-07-15 19:04:01,698][   train_val.py][line: 203][ WARNING] NaN or Inf detected in model output at step 187
[2024-07-15 19:04:01,868][   train_val.py][line: 203][ WARNING] NaN or Inf detected in model output at step 188
[2024-07-15 19:04:02,033][   train_val.py][line: 203][ WARNING] NaN or Inf detected in model output at step 189
[2024-07-15 19:04:02,188][   train_val.py][line: 203][ WARNING] NaN or Inf detected in model output at step 190
[2024-07-15 19:04:02,351][   train_val.py][line: 203][ WARNING] NaN or Inf detected in model output at step 191
[2024-07-15 19:04:02,519][   train_val.py][line: 203][ WARNING] NaN or Inf detected in model output at step 192
[2024-07-15 19:04:02,685][   train_val.py][line: 203][ WARNING] NaN or Inf detected in model output at step 193
[2024-07-15 19:04:02,855][   train_val.py][line: 203][ WARNING] NaN or Inf detected in model output at step 194
[2024-07-15 19:04:03,019][   train_val.py][line: 203][ WARNING] NaN or Inf detected in model output at step 195
[2024-07-15 19:04:03,177][   train_val.py][line: 203][ WARNING] NaN or Inf detected in model output at step 196
[2024-07-15 19:04:03,341][   train_val.py][line: 203][ WARNING] NaN or Inf detected in model output at step 197
[2024-07-15 19:04:03,509][   train_val.py][line: 203][ WARNING] NaN or Inf detected in model output at step 198
[2024-07-15 19:04:03,674][   train_val.py][line: 203][ WARNING] NaN or Inf detected in model output at step 199
[2024-07-15 19:04:03,841][   train_val.py][line: 203][ WARNING] NaN or Inf detected in model output at step 200
[2024-07-15 19:04:04,007][   train_val.py][line: 203][ WARNING] NaN or Inf detected in model output at step 201
[2024-07-15 19:04:04,175][   train_val.py][line: 203][ WARNING] NaN or Inf detected in model output at step 202
[2024-07-15 19:04:04,345][   train_val.py][line: 203][ WARNING] NaN or Inf detected in model output at step 203
[2024-07-15 19:04:04,515][   train_val.py][line: 203][ WARNING] NaN or Inf detected in model output at step 204
[2024-07-15 19:04:04,670][   train_val.py][line: 203][ WARNING] NaN or Inf detected in model output at step 205
[2024-07-15 19:04:04,832][   train_val.py][line: 203][ WARNING] NaN or Inf detected in model output at step 206
[2024-07-15 19:04:04,984][   train_val.py][line: 203][ WARNING] NaN or Inf detected in model output at step 207
[2024-07-15 19:04:05,150][   train_val.py][line: 203][ WARNING] NaN or Inf detected in model output at step 208
[2024-07-15 19:04:05,321][   train_val.py][line: 203][ WARNING] NaN or Inf detected in model output at step 209
[2024-07-15 19:04:05,492][   train_val.py][line: 203][ WARNING] NaN or Inf detected in model output at step 210
[2024-07-15 19:04:05,656][   train_val.py][line: 203][ WARNING] NaN or Inf detected in model output at step 211
[2024-07-15 19:04:05,813][   train_val.py][line: 203][ WARNING] NaN or Inf detected in model output at step 212
[2024-07-15 19:04:05,981][   train_val.py][line: 203][ WARNING] NaN or Inf detected in model output at step 213
[2024-07-15 19:04:06,150][   train_val.py][line: 203][ WARNING] NaN or Inf detected in model output at step 214
[2024-07-15 19:04:06,318][   train_val.py][line: 203][ WARNING] NaN or Inf detected in model output at step 215
[2024-07-15 19:04:06,489][   train_val.py][line: 203][ WARNING] NaN or Inf detected in model output at step 216
[2024-07-15 19:04:06,658][   train_val.py][line: 203][ WARNING] NaN or Inf detected in model output at step 217
[2024-07-15 19:04:06,810][   train_val.py][line: 203][ WARNING] NaN or Inf detected in model output at step 218
[2024-07-15 19:04:06,977][   train_val.py][line: 203][ WARNING] NaN or Inf detected in model output at step 219
[2024-07-15 19:04:07,144][   train_val.py][line: 203][ WARNING] NaN or Inf detected in model output at step 220
[2024-07-15 19:04:07,309][   train_val.py][line: 203][ WARNING] NaN or Inf detected in model output at step 221
[2024-07-15 19:04:07,479][   train_val.py][line: 203][ WARNING] NaN or Inf detected in model output at step 222
[2024-07-15 19:04:07,643][   train_val.py][line: 203][ WARNING] NaN or Inf detected in model output at step 223
[2024-07-15 19:04:07,810][   train_val.py][line: 203][ WARNING] NaN or Inf detected in model output at step 224
[2024-07-15 19:04:07,974][   train_val.py][line: 203][ WARNING] NaN or Inf detected in model output at step 225
[2024-07-15 19:04:08,130][   train_val.py][line: 203][ WARNING] NaN or Inf detected in model output at step 226
[2024-07-15 19:04:08,294][   train_val.py][line: 203][ WARNING] NaN or Inf detected in model output at step 227
[2024-07-15 19:04:08,473][   train_val.py][line: 203][ WARNING] NaN or Inf detected in model output at step 228
[2024-07-15 19:04:08,641][   train_val.py][line: 203][ WARNING] NaN or Inf detected in model output at step 229
[2024-07-15 19:04:08,798][   train_val.py][line: 203][ WARNING] NaN or Inf detected in model output at step 230
[2024-07-15 19:04:08,966][   train_val.py][line: 203][ WARNING] NaN or Inf detected in model output at step 231
[2024-07-15 19:04:09,128][   train_val.py][line: 203][ WARNING] NaN or Inf detected in model output at step 232
[2024-07-15 19:04:09,295][   train_val.py][line: 203][ WARNING] NaN or Inf detected in model output at step 233
[2024-07-15 19:04:09,450][   train_val.py][line: 203][ WARNING] NaN or Inf detected in model output at step 234
[2024-07-15 19:04:09,616][   train_val.py][line: 203][ WARNING] NaN or Inf detected in model output at step 235
[2024-07-15 19:04:09,787][   train_val.py][line: 203][ WARNING] NaN or Inf detected in model output at step 236
[2024-07-15 19:04:09,955][   train_val.py][line: 203][ WARNING] NaN or Inf detected in model output at step 237
[2024-07-15 19:04:10,120][   train_val.py][line: 203][ WARNING] NaN or Inf detected in model output at step 238
[2024-07-15 19:04:10,293][   train_val.py][line: 203][ WARNING] NaN or Inf detected in model output at step 239
[2024-07-15 19:04:10,444][   train_val.py][line: 203][ WARNING] NaN or Inf detected in model output at step 240
[2024-07-15 19:04:10,608][   train_val.py][line: 203][ WARNING] NaN or Inf detected in model output at step 241
[2024-07-15 19:04:10,776][   train_val.py][line: 203][ WARNING] NaN or Inf detected in model output at step 242
[2024-07-15 19:04:10,946][   train_val.py][line: 203][ WARNING] NaN or Inf detected in model output at step 243
[2024-07-15 19:04:11,114][   train_val.py][line: 203][ WARNING] NaN or Inf detected in model output at step 244
[2024-07-15 19:04:11,285][   train_val.py][line: 203][ WARNING] NaN or Inf detected in model output at step 245
[2024-07-15 19:04:11,454][   train_val.py][line: 203][ WARNING] NaN or Inf detected in model output at step 246
[2024-07-15 19:04:11,619][   train_val.py][line: 203][ WARNING] NaN or Inf detected in model output at step 247
[2024-07-15 19:04:11,785][   train_val.py][line: 203][ WARNING] NaN or Inf detected in model output at step 248
[2024-07-15 19:04:11,948][   train_val.py][line: 203][ WARNING] NaN or Inf detected in model output at step 249
[2024-07-15 19:04:12,117][   train_val.py][line: 203][ WARNING] NaN or Inf detected in model output at step 250
[2024-07-15 19:04:12,285][   train_val.py][line: 203][ WARNING] NaN or Inf detected in model output at step 251
[2024-07-15 19:04:12,451][   train_val.py][line: 203][ WARNING] NaN or Inf detected in model output at step 252
[2024-07-15 19:04:12,619][   train_val.py][line: 203][ WARNING] NaN or Inf detected in model output at step 253
[2024-07-15 19:04:12,800][   train_val.py][line: 203][ WARNING] NaN or Inf detected in model output at step 254
[2024-07-15 19:04:12,965][   train_val.py][line: 203][ WARNING] NaN or Inf detected in model output at step 255
[2024-07-15 19:04:13,136][   train_val.py][line: 203][ WARNING] NaN or Inf detected in model output at step 256
[2024-07-15 19:04:13,303][   train_val.py][line: 203][ WARNING] NaN or Inf detected in model output at step 257
[2024-07-15 19:04:13,460][   train_val.py][line: 203][ WARNING] NaN or Inf detected in model output at step 258
[2024-07-15 19:04:13,629][   train_val.py][line: 203][ WARNING] NaN or Inf detected in model output at step 259
[2024-07-15 19:04:13,795][   train_val.py][line: 203][ WARNING] NaN or Inf detected in model output at step 260
[2024-07-15 19:04:13,980][   train_val.py][line: 203][ WARNING] NaN or Inf detected in model output at step 261
[2024-07-15 19:04:14,163][   train_val.py][line: 203][ WARNING] NaN or Inf detected in model output at step 262
[2024-07-15 19:04:14,335][   train_val.py][line: 203][ WARNING] NaN or Inf detected in model output at step 263
[2024-07-15 19:04:14,501][   train_val.py][line: 203][ WARNING] NaN or Inf detected in model output at step 264
[2024-07-15 19:04:14,666][   train_val.py][line: 203][ WARNING] NaN or Inf detected in model output at step 265
[2024-07-15 19:04:14,817][   train_val.py][line: 203][ WARNING] NaN or Inf detected in model output at step 266
[2024-07-15 19:04:14,980][   train_val.py][line: 203][ WARNING] NaN or Inf detected in model output at step 267
[2024-07-15 19:04:15,137][   train_val.py][line: 203][ WARNING] NaN or Inf detected in model output at step 268
[2024-07-15 19:04:15,301][   train_val.py][line: 203][ WARNING] NaN or Inf detected in model output at step 269
[2024-07-15 19:04:15,465][   train_val.py][line: 203][ WARNING] NaN or Inf detected in model output at step 270
[2024-07-15 19:04:15,626][   train_val.py][line: 203][ WARNING] NaN or Inf detected in model output at step 271
[2024-07-15 19:04:15,777][   train_val.py][line: 203][ WARNING] NaN or Inf detected in model output at step 272
[2024-07-15 19:04:15,934][   train_val.py][line: 203][ WARNING] NaN or Inf detected in model output at step 273
[2024-07-15 19:04:16,078][   train_val.py][line: 203][ WARNING] NaN or Inf detected in model output at step 274
[2024-07-15 19:04:16,230][   train_val.py][line: 203][ WARNING] NaN or Inf detected in model output at step 275
[2024-07-15 19:04:16,383][   train_val.py][line: 203][ WARNING] NaN or Inf detected in model output at step 276
[2024-07-15 19:04:17,710][   train_val.py][line: 203][ WARNING] NaN or Inf detected in model output at step 277
[2024-07-15 19:04:47,357][   train_val.py][line: 203][ WARNING] NaN or Inf detected in model output at step 278
[2024-07-15 19:04:47,520][   train_val.py][line: 203][ WARNING] NaN or Inf detected in model output at step 279
[2024-07-15 19:04:47,707][   train_val.py][line: 203][ WARNING] NaN or Inf detected in model output at step 280
[2024-07-15 19:04:47,888][   train_val.py][line: 203][ WARNING] NaN or Inf detected in model output at step 281
[2024-07-15 19:04:48,060][   train_val.py][line: 203][ WARNING] NaN or Inf detected in model output at step 282
[2024-07-15 19:04:48,222][   train_val.py][line: 203][ WARNING] NaN or Inf detected in model output at step 283
[2024-07-15 19:04:48,374][   train_val.py][line: 203][ WARNING] NaN or Inf detected in model output at step 284
[2024-07-15 19:04:48,538][   train_val.py][line: 203][ WARNING] NaN or Inf detected in model output at step 285
[2024-07-15 19:04:48,690][   train_val.py][line: 203][ WARNING] NaN or Inf detected in model output at step 286
[2024-07-15 19:04:48,852][   train_val.py][line: 203][ WARNING] NaN or Inf detected in model output at step 287
[2024-07-15 19:04:48,996][   train_val.py][line: 203][ WARNING] NaN or Inf detected in model output at step 288
[2024-07-15 19:04:49,184][   train_val.py][line: 203][ WARNING] NaN or Inf detected in model output at step 289
[2024-07-15 19:04:49,352][   train_val.py][line: 203][ WARNING] NaN or Inf detected in model output at step 290
[2024-07-15 19:04:49,523][   train_val.py][line: 203][ WARNING] NaN or Inf detected in model output at step 291
[2024-07-15 19:04:49,669][   train_val.py][line: 203][ WARNING] NaN or Inf detected in model output at step 292
[2024-07-15 19:04:49,841][   train_val.py][line: 203][ WARNING] NaN or Inf detected in model output at step 293
[2024-07-15 19:04:50,002][   train_val.py][line: 203][ WARNING] NaN or Inf detected in model output at step 294
[2024-07-15 19:04:50,173][   train_val.py][line: 203][ WARNING] NaN or Inf detected in model output at step 295
[2024-07-15 19:04:50,331][   train_val.py][line: 203][ WARNING] NaN or Inf detected in model output at step 296
[2024-07-15 19:04:50,501][   train_val.py][line: 203][ WARNING] NaN or Inf detected in model output at step 297
[2024-07-15 19:04:50,649][   train_val.py][line: 203][ WARNING] NaN or Inf detected in model output at step 298
[2024-07-15 19:04:50,806][   train_val.py][line: 203][ WARNING] NaN or Inf detected in model output at step 299
[2024-07-15 19:04:50,975][   train_val.py][line: 203][ WARNING] NaN or Inf detected in model output at step 300
[2024-07-15 19:04:51,120][   train_val.py][line: 203][ WARNING] NaN or Inf detected in model output at step 301
[2024-07-15 19:04:51,277][   train_val.py][line: 203][ WARNING] NaN or Inf detected in model output at step 302
[2024-07-15 19:04:51,433][   train_val.py][line: 203][ WARNING] NaN or Inf detected in model output at step 303
[2024-07-15 19:04:51,610][   train_val.py][line: 203][ WARNING] NaN or Inf detected in model output at step 304
[2024-07-15 19:04:51,790][   train_val.py][line: 203][ WARNING] NaN or Inf detected in model output at step 305
[2024-07-15 19:04:51,965][   train_val.py][line: 203][ WARNING] NaN or Inf detected in model output at step 306
[2024-07-15 19:04:52,142][   train_val.py][line: 203][ WARNING] NaN or Inf detected in model output at step 307
[2024-07-15 19:04:52,312][   train_val.py][line: 203][ WARNING] NaN or Inf detected in model output at step 308
[2024-07-15 19:04:52,492][   train_val.py][line: 203][ WARNING] NaN or Inf detected in model output at step 309
[2024-07-15 19:04:52,692][   train_val.py][line: 203][ WARNING] NaN or Inf detected in model output at step 310
[2024-07-15 19:04:52,880][   train_val.py][line: 203][ WARNING] NaN or Inf detected in model output at step 311
[2024-07-15 19:04:53,064][   train_val.py][line: 203][ WARNING] NaN or Inf detected in model output at step 312
[2024-07-15 19:04:53,247][   train_val.py][line: 203][ WARNING] NaN or Inf detected in model output at step 313
[2024-07-15 19:04:53,425][   train_val.py][line: 203][ WARNING] NaN or Inf detected in model output at step 314
[2024-07-15 19:04:53,592][   train_val.py][line: 203][ WARNING] NaN or Inf detected in model output at step 315
[2024-07-15 19:04:53,767][   train_val.py][line: 203][ WARNING] NaN or Inf detected in model output at step 316
[2024-07-15 19:04:53,947][   train_val.py][line: 203][ WARNING] NaN or Inf detected in model output at step 317
[2024-07-15 19:04:54,131][   train_val.py][line: 203][ WARNING] NaN or Inf detected in model output at step 318
[2024-07-15 19:04:54,306][   train_val.py][line: 203][ WARNING] NaN or Inf detected in model output at step 319
[2024-07-15 19:04:54,484][   train_val.py][line: 203][ WARNING] NaN or Inf detected in model output at step 320
[2024-07-15 19:04:54,655][   train_val.py][line: 203][ WARNING] NaN or Inf detected in model output at step 321
[2024-07-15 19:04:54,816][   train_val.py][line: 203][ WARNING] NaN or Inf detected in model output at step 322
[2024-07-15 19:04:54,981][   train_val.py][line: 203][ WARNING] NaN or Inf detected in model output at step 323
[2024-07-15 19:04:55,136][   train_val.py][line: 203][ WARNING] NaN or Inf detected in model output at step 324
[2024-07-15 19:04:55,296][   train_val.py][line: 203][ WARNING] NaN or Inf detected in model output at step 325
[2024-07-15 19:04:55,466][   train_val.py][line: 203][ WARNING] NaN or Inf detected in model output at step 326
[2024-07-15 19:04:55,620][   train_val.py][line: 203][ WARNING] NaN or Inf detected in model output at step 327
[2024-07-15 19:04:55,790][   train_val.py][line: 203][ WARNING] NaN or Inf detected in model output at step 328
[2024-07-15 19:04:55,968][   train_val.py][line: 203][ WARNING] NaN or Inf detected in model output at step 329
[2024-07-15 19:04:56,140][   train_val.py][line: 203][ WARNING] NaN or Inf detected in model output at step 330
[2024-07-15 19:04:56,313][   train_val.py][line: 203][ WARNING] NaN or Inf detected in model output at step 331
[2024-07-15 19:04:56,477][   train_val.py][line: 203][ WARNING] NaN or Inf detected in model output at step 332
[2024-07-15 19:04:56,630][   train_val.py][line: 203][ WARNING] NaN or Inf detected in model output at step 333
[2024-07-15 19:04:56,780][   train_val.py][line: 203][ WARNING] NaN or Inf detected in model output at step 334
[2024-07-15 19:04:56,947][   train_val.py][line: 203][ WARNING] NaN or Inf detected in model output at step 335
[2024-07-15 19:04:57,116][   train_val.py][line: 203][ WARNING] NaN or Inf detected in model output at step 336
[2024-07-15 19:04:57,266][   train_val.py][line: 203][ WARNING] NaN or Inf detected in model output at step 337
[2024-07-15 19:04:57,428][   train_val.py][line: 203][ WARNING] NaN or Inf detected in model output at step 338
[2024-07-15 19:04:57,568][   train_val.py][line: 203][ WARNING] NaN or Inf detected in model output at step 339
[2024-07-15 19:04:57,718][   train_val.py][line: 203][ WARNING] NaN or Inf detected in model output at step 340
[2024-07-15 19:04:57,868][   train_val.py][line: 203][ WARNING] NaN or Inf detected in model output at step 341
[2024-07-15 19:04:58,009][   train_val.py][line: 203][ WARNING] NaN or Inf detected in model output at step 342
[2024-07-15 19:04:58,159][   train_val.py][line: 203][ WARNING] NaN or Inf detected in model output at step 343
[2024-07-15 19:04:58,308][   train_val.py][line: 203][ WARNING] NaN or Inf detected in model output at step 344
[2024-07-15 19:04:58,449][   train_val.py][line: 203][ WARNING] NaN or Inf detected in model output at step 345
[2024-07-15 19:04:58,597][   train_val.py][line: 203][ WARNING] NaN or Inf detected in model output at step 346
[2024-07-15 19:04:58,748][   train_val.py][line: 203][ WARNING] NaN or Inf detected in model output at step 347
[2024-07-15 19:04:58,887][   train_val.py][line: 203][ WARNING] NaN or Inf detected in model output at step 348
[2024-07-15 19:04:59,035][   train_val.py][line: 203][ WARNING] NaN or Inf detected in model output at step 349
[2024-07-15 19:04:59,186][   train_val.py][line: 203][ WARNING] NaN or Inf detected in model output at step 350
[2024-07-15 19:04:59,326][   train_val.py][line: 203][ WARNING] NaN or Inf detected in model output at step 351
[2024-07-15 19:04:59,488][   train_val.py][line: 203][ WARNING] NaN or Inf detected in model output at step 352
[2024-07-15 19:04:59,640][   train_val.py][line: 203][ WARNING] NaN or Inf detected in model output at step 353
[2024-07-15 19:04:59,789][   train_val.py][line: 203][ WARNING] NaN or Inf detected in model output at step 354
[2024-07-15 19:04:59,937][   train_val.py][line: 203][ WARNING] NaN or Inf detected in model output at step 355
[2024-07-15 19:05:00,077][   train_val.py][line: 203][ WARNING] NaN or Inf detected in model output at step 356
[2024-07-15 19:05:00,225][   train_val.py][line: 203][ WARNING] NaN or Inf detected in model output at step 357
[2024-07-15 19:05:00,375][   train_val.py][line: 203][ WARNING] NaN or Inf detected in model output at step 358
[2024-07-15 19:05:00,516][   train_val.py][line: 203][ WARNING] NaN or Inf detected in model output at step 359
[2024-07-15 19:05:00,666][   train_val.py][line: 203][ WARNING] NaN or Inf detected in model output at step 360
[2024-07-15 19:05:00,817][   train_val.py][line: 203][ WARNING] NaN or Inf detected in model output at step 361
[2024-07-15 19:05:00,961][   train_val.py][line: 203][ WARNING] NaN or Inf detected in model output at step 362
[2024-07-15 19:05:01,110][   train_val.py][line: 203][ WARNING] NaN or Inf detected in model output at step 363
[2024-07-15 19:05:01,259][   train_val.py][line: 203][ WARNING] NaN or Inf detected in model output at step 364
[2024-07-15 19:05:01,399][   train_val.py][line: 203][ WARNING] NaN or Inf detected in model output at step 365
[2024-07-15 19:05:01,548][   train_val.py][line: 203][ WARNING] NaN or Inf detected in model output at step 366
[2024-07-15 19:05:01,698][   train_val.py][line: 203][ WARNING] NaN or Inf detected in model output at step 367
[2024-07-15 19:05:01,844][   train_val.py][line: 203][ WARNING] NaN or Inf detected in model output at step 368
[2024-07-15 19:05:01,999][   train_val.py][line: 203][ WARNING] NaN or Inf detected in model output at step 369
[2024-07-15 19:05:02,147][   train_val.py][line: 203][ WARNING] NaN or Inf detected in model output at step 370
[2024-07-15 19:05:02,301][   train_val.py][line: 203][ WARNING] NaN or Inf detected in model output at step 371
[2024-07-15 19:05:02,448][   train_val.py][line: 203][ WARNING] NaN or Inf detected in model output at step 372
[2024-07-15 19:05:02,609][   train_val.py][line: 203][ WARNING] NaN or Inf detected in model output at step 373
[2024-07-15 19:05:02,766][   train_val.py][line: 203][ WARNING] NaN or Inf detected in model output at step 374
[2024-07-15 19:05:02,913][   train_val.py][line: 203][ WARNING] NaN or Inf detected in model output at step 375
[2024-07-15 19:05:03,077][   train_val.py][line: 203][ WARNING] NaN or Inf detected in model output at step 376
[2024-07-15 19:05:03,225][   train_val.py][line: 203][ WARNING] NaN or Inf detected in model output at step 377
[2024-07-15 19:05:03,381][   train_val.py][line: 203][ WARNING] NaN or Inf detected in model output at step 378
[2024-07-15 19:05:03,528][   train_val.py][line: 203][ WARNING] NaN or Inf detected in model output at step 379
[2024-07-15 19:05:03,684][   train_val.py][line: 203][ WARNING] NaN or Inf detected in model output at step 380
[2024-07-15 19:05:03,831][   train_val.py][line: 203][ WARNING] NaN or Inf detected in model output at step 381
[2024-07-15 19:05:03,985][   train_val.py][line: 203][ WARNING] NaN or Inf detected in model output at step 382
[2024-07-15 19:05:04,131][   train_val.py][line: 203][ WARNING] NaN or Inf detected in model output at step 383
[2024-07-15 19:05:04,289][   train_val.py][line: 203][ WARNING] NaN or Inf detected in model output at step 384
[2024-07-15 19:05:04,444][   train_val.py][line: 203][ WARNING] NaN or Inf detected in model output at step 385
[2024-07-15 19:05:04,596][   train_val.py][line: 203][ WARNING] NaN or Inf detected in model output at step 386
[2024-07-15 19:05:04,738][   train_val.py][line: 203][ WARNING] NaN or Inf detected in model output at step 387
[2024-07-15 19:05:04,891][   train_val.py][line: 203][ WARNING] NaN or Inf detected in model output at step 388
[2024-07-15 19:05:05,045][   train_val.py][line: 203][ WARNING] NaN or Inf detected in model output at step 389
[2024-07-15 19:05:05,191][   train_val.py][line: 203][ WARNING] NaN or Inf detected in model output at step 390
[2024-07-15 19:05:05,345][   train_val.py][line: 203][ WARNING] NaN or Inf detected in model output at step 391
[2024-07-15 19:05:05,491][   train_val.py][line: 203][ WARNING] NaN or Inf detected in model output at step 392
[2024-07-15 19:05:05,648][   train_val.py][line: 203][ WARNING] NaN or Inf detected in model output at step 393
[2024-07-15 19:05:05,788][   train_val.py][line: 203][ WARNING] NaN or Inf detected in model output at step 394
[2024-07-15 19:05:05,935][   train_val.py][line: 203][ WARNING] NaN or Inf detected in model output at step 395
[2024-07-15 19:05:06,084][   train_val.py][line: 203][ WARNING] NaN or Inf detected in model output at step 396
[2024-07-15 19:05:06,233][   train_val.py][line: 203][ WARNING] NaN or Inf detected in model output at step 397
[2024-07-15 19:05:06,381][   train_val.py][line: 203][ WARNING] NaN or Inf detected in model output at step 398
[2024-07-15 19:05:06,529][   train_val.py][line: 203][ WARNING] NaN or Inf detected in model output at step 399
[2024-07-15 19:05:06,677][   train_val.py][line: 203][ WARNING] NaN or Inf detected in model output at step 400
[2024-07-15 19:05:06,825][   train_val.py][line: 203][ WARNING] NaN or Inf detected in model output at step 401
[2024-07-15 19:05:06,972][   train_val.py][line: 203][ WARNING] NaN or Inf detected in model output at step 402
[2024-07-15 19:05:07,120][   train_val.py][line: 203][ WARNING] NaN or Inf detected in model output at step 403
[2024-07-15 19:05:07,268][   train_val.py][line: 203][ WARNING] NaN or Inf detected in model output at step 404
[2024-07-15 19:05:07,415][   train_val.py][line: 203][ WARNING] NaN or Inf detected in model output at step 405
[2024-07-15 19:05:07,566][   train_val.py][line: 203][ WARNING] NaN or Inf detected in model output at step 406
[2024-07-15 19:05:07,717][   train_val.py][line: 203][ WARNING] NaN or Inf detected in model output at step 407
[2024-07-15 19:05:07,857][   train_val.py][line: 203][ WARNING] NaN or Inf detected in model output at step 408
[2024-07-15 19:05:08,008][   train_val.py][line: 203][ WARNING] NaN or Inf detected in model output at step 409
[2024-07-15 19:05:08,160][   train_val.py][line: 203][ WARNING] NaN or Inf detected in model output at step 410
[2024-07-15 19:05:08,303][   train_val.py][line: 203][ WARNING] NaN or Inf detected in model output at step 411
[2024-07-15 19:05:08,456][   train_val.py][line: 203][ WARNING] NaN or Inf detected in model output at step 412
[2024-07-15 19:05:08,598][   train_val.py][line: 203][ WARNING] NaN or Inf detected in model output at step 413
[2024-07-15 19:05:08,749][   train_val.py][line: 203][ WARNING] NaN or Inf detected in model output at step 414
[2024-07-15 19:05:08,893][   train_val.py][line: 203][ WARNING] NaN or Inf detected in model output at step 415
[2024-07-15 19:05:09,051][   train_val.py][line: 203][ WARNING] NaN or Inf detected in model output at step 416
[2024-07-15 19:05:09,193][   train_val.py][line: 203][ WARNING] NaN or Inf detected in model output at step 417
[2024-07-15 19:05:09,344][   train_val.py][line: 203][ WARNING] NaN or Inf detected in model output at step 418
[2024-07-15 19:05:09,484][   train_val.py][line: 203][ WARNING] NaN or Inf detected in model output at step 419
[2024-07-15 19:05:09,634][   train_val.py][line: 203][ WARNING] NaN or Inf detected in model output at step 420
[2024-07-15 19:05:09,792][   train_val.py][line: 203][ WARNING] NaN or Inf detected in model output at step 421
[2024-07-15 19:05:09,937][   train_val.py][line: 203][ WARNING] NaN or Inf detected in model output at step 422
[2024-07-15 19:05:10,090][   train_val.py][line: 203][ WARNING] NaN or Inf detected in model output at step 423
[2024-07-15 19:05:10,237][   train_val.py][line: 203][ WARNING] NaN or Inf detected in model output at step 424
[2024-07-15 19:05:10,388][   train_val.py][line: 203][ WARNING] NaN or Inf detected in model output at step 425
[2024-07-15 19:05:10,549][   train_val.py][line: 203][ WARNING] NaN or Inf detected in model output at step 426
[2024-07-15 19:05:10,712][   train_val.py][line: 203][ WARNING] NaN or Inf detected in model output at step 427
[2024-07-15 19:05:10,880][   train_val.py][line: 203][ WARNING] NaN or Inf detected in model output at step 428
[2024-07-15 19:05:11,037][   train_val.py][line: 203][ WARNING] NaN or Inf detected in model output at step 429
[2024-07-15 19:05:11,185][   train_val.py][line: 203][ WARNING] NaN or Inf detected in model output at step 430
[2024-07-15 19:05:11,351][   train_val.py][line: 203][ WARNING] NaN or Inf detected in model output at step 431
[2024-07-15 19:05:11,508][   train_val.py][line: 203][ WARNING] NaN or Inf detected in model output at step 432
[2024-07-15 19:05:11,657][   train_val.py][line: 203][ WARNING] NaN or Inf detected in model output at step 433
[2024-07-15 19:05:11,813][   train_val.py][line: 203][ WARNING] NaN or Inf detected in model output at step 434
[2024-07-15 19:05:11,961][   train_val.py][line: 203][ WARNING] NaN or Inf detected in model output at step 435
[2024-07-15 19:05:12,117][   train_val.py][line: 203][ WARNING] NaN or Inf detected in model output at step 436
[2024-07-15 19:05:12,265][   train_val.py][line: 203][ WARNING] NaN or Inf detected in model output at step 437
[2024-07-15 19:05:12,429][   train_val.py][line: 203][ WARNING] NaN or Inf detected in model output at step 438
[2024-07-15 19:05:12,584][   train_val.py][line: 203][ WARNING] NaN or Inf detected in model output at step 439
[2024-07-15 19:05:12,731][   train_val.py][line: 203][ WARNING] NaN or Inf detected in model output at step 440
[2024-07-15 19:05:12,897][   train_val.py][line: 203][ WARNING] NaN or Inf detected in model output at step 441
[2024-07-15 19:05:13,061][   train_val.py][line: 203][ WARNING] NaN or Inf detected in model output at step 442
[2024-07-15 19:05:13,222][   train_val.py][line: 203][ WARNING] NaN or Inf detected in model output at step 443
[2024-07-15 19:05:13,369][   train_val.py][line: 203][ WARNING] NaN or Inf detected in model output at step 444
[2024-07-15 19:05:13,527][   train_val.py][line: 203][ WARNING] NaN or Inf detected in model output at step 445
[2024-07-15 19:05:13,673][   train_val.py][line: 203][ WARNING] NaN or Inf detected in model output at step 446
[2024-07-15 19:05:13,834][   train_val.py][line: 203][ WARNING] NaN or Inf detected in model output at step 447
[2024-07-15 19:05:13,986][   train_val.py][line: 203][ WARNING] NaN or Inf detected in model output at step 448
[2024-07-15 19:05:14,128][   train_val.py][line: 203][ WARNING] NaN or Inf detected in model output at step 449
[2024-07-15 19:05:14,278][   train_val.py][line: 203][ WARNING] NaN or Inf detected in model output at step 450
[2024-07-15 19:05:14,430][   train_val.py][line: 203][ WARNING] NaN or Inf detected in model output at step 451
[2024-07-15 19:05:14,574][   train_val.py][line: 203][ WARNING] NaN or Inf detected in model output at step 452
[2024-07-15 19:05:14,738][   train_val.py][line: 203][ WARNING] NaN or Inf detected in model output at step 453
[2024-07-15 19:05:14,894][   train_val.py][line: 203][ WARNING] NaN or Inf detected in model output at step 454
[2024-07-15 19:05:15,041][   train_val.py][line: 203][ WARNING] NaN or Inf detected in model output at step 455
[2024-07-15 19:05:15,202][   train_val.py][line: 203][ WARNING] NaN or Inf detected in model output at step 456
[2024-07-15 19:05:15,359][   train_val.py][line: 203][ WARNING] NaN or Inf detected in model output at step 457
[2024-07-15 19:05:15,508][   train_val.py][line: 203][ WARNING] NaN or Inf detected in model output at step 458
[2024-07-15 19:05:15,666][   train_val.py][line: 203][ WARNING] NaN or Inf detected in model output at step 459
[2024-07-15 19:05:15,814][   train_val.py][line: 203][ WARNING] NaN or Inf detected in model output at step 460
[2024-07-15 19:05:15,967][   train_val.py][line: 203][ WARNING] NaN or Inf detected in model output at step 461
[2024-07-15 19:05:16,119][   train_val.py][line: 203][ WARNING] NaN or Inf detected in model output at step 462
[2024-07-15 19:05:16,276][   train_val.py][line: 203][ WARNING] NaN or Inf detected in model output at step 463
[2024-07-15 19:05:16,424][   train_val.py][line: 203][ WARNING] NaN or Inf detected in model output at step 464
[2024-07-15 19:05:16,591][   train_val.py][line: 203][ WARNING] NaN or Inf detected in model output at step 465
[2024-07-15 19:05:16,752][   train_val.py][line: 203][ WARNING] NaN or Inf detected in model output at step 466
[2024-07-15 19:05:16,900][   train_val.py][line: 203][ WARNING] NaN or Inf detected in model output at step 467
[2024-07-15 19:05:17,058][   train_val.py][line: 203][ WARNING] NaN or Inf detected in model output at step 468
[2024-07-15 19:05:17,206][   train_val.py][line: 203][ WARNING] NaN or Inf detected in model output at step 469
[2024-07-15 19:05:17,361][   train_val.py][line: 203][ WARNING] NaN or Inf detected in model output at step 470
[2024-07-15 19:05:17,503][   train_val.py][line: 203][ WARNING] NaN or Inf detected in model output at step 471
[2024-07-15 19:05:17,654][   train_val.py][line: 203][ WARNING] NaN or Inf detected in model output at step 472
[2024-07-15 19:05:17,805][   train_val.py][line: 203][ WARNING] NaN or Inf detected in model output at step 473
[2024-07-15 19:05:17,959][   train_val.py][line: 203][ WARNING] NaN or Inf detected in model output at step 474
[2024-07-15 19:05:18,100][   train_val.py][line: 203][ WARNING] NaN or Inf detected in model output at step 475
[2024-07-15 19:05:18,252][   train_val.py][line: 203][ WARNING] NaN or Inf detected in model output at step 476
[2024-07-15 19:05:18,394][   train_val.py][line: 203][ WARNING] NaN or Inf detected in model output at step 477
[2024-07-15 19:05:18,547][   train_val.py][line: 203][ WARNING] NaN or Inf detected in model output at step 478
[2024-07-15 19:05:18,690][   train_val.py][line: 203][ WARNING] NaN or Inf detected in model output at step 479
[2024-07-15 19:05:18,841][   train_val.py][line: 203][ WARNING] NaN or Inf detected in model output at step 480
[2024-07-15 19:05:18,982][   train_val.py][line: 203][ WARNING] NaN or Inf detected in model output at step 481
[2024-07-15 19:05:19,134][   train_val.py][line: 203][ WARNING] NaN or Inf detected in model output at step 482
[2024-07-15 19:05:19,287][   train_val.py][line: 203][ WARNING] NaN or Inf detected in model output at step 483
[2024-07-15 19:05:19,430][   train_val.py][line: 203][ WARNING] NaN or Inf detected in model output at step 484
[2024-07-15 19:05:19,587][   train_val.py][line: 203][ WARNING] NaN or Inf detected in model output at step 485
[2024-07-15 19:05:19,742][   train_val.py][line: 203][ WARNING] NaN or Inf detected in model output at step 486
[2024-07-15 19:05:19,885][   train_val.py][line: 203][ WARNING] NaN or Inf detected in model output at step 487
[2024-07-15 19:05:20,055][   train_val.py][line: 203][ WARNING] NaN or Inf detected in model output at step 488
[2024-07-15 19:05:20,212][   train_val.py][line: 203][ WARNING] NaN or Inf detected in model output at step 489
[2024-07-15 19:05:20,361][   train_val.py][line: 203][ WARNING] NaN or Inf detected in model output at step 490
[2024-07-15 19:05:20,523][   train_val.py][line: 203][ WARNING] NaN or Inf detected in model output at step 491
[2024-07-15 19:05:20,683][   train_val.py][line: 203][ WARNING] NaN or Inf detected in model output at step 492
[2024-07-15 19:05:20,832][   train_val.py][line: 203][ WARNING] NaN or Inf detected in model output at step 493
[2024-07-15 19:05:20,991][   train_val.py][line: 203][ WARNING] NaN or Inf detected in model output at step 494
[2024-07-15 19:05:21,141][   train_val.py][line: 203][ WARNING] NaN or Inf detected in model output at step 495
[2024-07-15 19:05:21,298][   train_val.py][line: 203][ WARNING] NaN or Inf detected in model output at step 496
[2024-07-15 19:05:21,444][   train_val.py][line: 203][ WARNING] NaN or Inf detected in model output at step 497
[2024-07-15 19:05:21,602][   train_val.py][line: 203][ WARNING] NaN or Inf detected in model output at step 498
[2024-07-15 19:05:21,755][   train_val.py][line: 203][ WARNING] NaN or Inf detected in model output at step 499
[2024-07-15 19:05:21,912][   train_val.py][line: 203][ WARNING] NaN or Inf detected in model output at step 500
[2024-07-15 19:05:22,057][   train_val.py][line: 203][ WARNING] NaN or Inf detected in model output at step 501
[2024-07-15 19:05:22,212][   train_val.py][line: 203][ WARNING] NaN or Inf detected in model output at step 502
[2024-07-15 19:05:22,361][   train_val.py][line: 203][ WARNING] NaN or Inf detected in model output at step 503
[2024-07-15 19:05:22,517][   train_val.py][line: 203][ WARNING] NaN or Inf detected in model output at step 504
[2024-07-15 19:05:22,660][   train_val.py][line: 203][ WARNING] NaN or Inf detected in model output at step 505
[2024-07-15 19:05:22,810][   train_val.py][line: 203][ WARNING] NaN or Inf detected in model output at step 506
[2024-07-15 19:05:22,955][   train_val.py][line: 203][ WARNING] NaN or Inf detected in model output at step 507
[2024-07-15 19:05:23,105][   train_val.py][line: 203][ WARNING] NaN or Inf detected in model output at step 508
[2024-07-15 19:05:23,247][   train_val.py][line: 203][ WARNING] NaN or Inf detected in model output at step 509
[2024-07-15 19:05:23,397][   train_val.py][line: 203][ WARNING] NaN or Inf detected in model output at step 510
[2024-07-15 19:05:23,549][   train_val.py][line: 203][ WARNING] NaN or Inf detected in model output at step 511
[2024-07-15 19:05:23,692][   train_val.py][line: 203][ WARNING] NaN or Inf detected in model output at step 512
[2024-07-15 19:05:23,849][   train_val.py][line: 203][ WARNING] NaN or Inf detected in model output at step 513
[2024-07-15 19:05:24,006][   train_val.py][line: 203][ WARNING] NaN or Inf detected in model output at step 514
[2024-07-15 19:05:24,154][   train_val.py][line: 203][ WARNING] NaN or Inf detected in model output at step 515
[2024-07-15 19:05:24,308][   train_val.py][line: 203][ WARNING] NaN or Inf detected in model output at step 516
[2024-07-15 19:05:24,457][   train_val.py][line: 203][ WARNING] NaN or Inf detected in model output at step 517
[2024-07-15 19:05:24,615][   train_val.py][line: 203][ WARNING] NaN or Inf detected in model output at step 518
[2024-07-15 19:05:24,773][   train_val.py][line: 203][ WARNING] NaN or Inf detected in model output at step 519
[2024-07-15 19:05:24,919][   train_val.py][line: 203][ WARNING] NaN or Inf detected in model output at step 520
[2024-07-15 19:05:25,075][   train_val.py][line: 203][ WARNING] NaN or Inf detected in model output at step 521
[2024-07-15 19:05:25,219][   train_val.py][line: 203][ WARNING] NaN or Inf detected in model output at step 522
[2024-07-15 19:05:25,370][   train_val.py][line: 203][ WARNING] NaN or Inf detected in model output at step 523
[2024-07-15 19:05:25,513][   train_val.py][line: 203][ WARNING] NaN or Inf detected in model output at step 524
[2024-07-15 19:05:25,672][   train_val.py][line: 203][ WARNING] NaN or Inf detected in model output at step 525
[2024-07-15 19:05:25,829][   train_val.py][line: 203][ WARNING] NaN or Inf detected in model output at step 526
[2024-07-15 19:05:25,979][   train_val.py][line: 203][ WARNING] NaN or Inf detected in model output at step 527
[2024-07-15 19:05:26,134][   train_val.py][line: 203][ WARNING] NaN or Inf detected in model output at step 528
[2024-07-15 19:05:26,279][   train_val.py][line: 203][ WARNING] NaN or Inf detected in model output at step 529
[2024-07-15 19:05:26,452][   train_val.py][line: 203][ WARNING] NaN or Inf detected in model output at step 530
[2024-07-15 19:05:26,621][   train_val.py][line: 203][ WARNING] NaN or Inf detected in model output at step 531
[2024-07-15 19:05:26,790][   train_val.py][line: 203][ WARNING] NaN or Inf detected in model output at step 532
[2024-07-15 19:05:26,956][   train_val.py][line: 203][ WARNING] NaN or Inf detected in model output at step 533
[2024-07-15 19:05:27,122][   train_val.py][line: 203][ WARNING] NaN or Inf detected in model output at step 534
[2024-07-15 19:05:27,289][   train_val.py][line: 203][ WARNING] NaN or Inf detected in model output at step 535
[2024-07-15 19:05:27,462][   train_val.py][line: 203][ WARNING] NaN or Inf detected in model output at step 536
[2024-07-15 19:05:27,625][   train_val.py][line: 203][ WARNING] NaN or Inf detected in model output at step 537
[2024-07-15 19:05:27,777][   train_val.py][line: 203][ WARNING] NaN or Inf detected in model output at step 538
[2024-07-15 19:05:27,919][   train_val.py][line: 203][ WARNING] NaN or Inf detected in model output at step 539
[2024-07-15 19:05:28,070][   train_val.py][line: 203][ WARNING] NaN or Inf detected in model output at step 540
[2024-07-15 19:05:28,211][   train_val.py][line: 203][ WARNING] NaN or Inf detected in model output at step 541
[2024-07-15 19:05:28,360][   train_val.py][line: 203][ WARNING] NaN or Inf detected in model output at step 542
[2024-07-15 19:05:28,511][   train_val.py][line: 203][ WARNING] NaN or Inf detected in model output at step 543
[2024-07-15 19:05:28,653][   train_val.py][line: 203][ WARNING] NaN or Inf detected in model output at step 544
[2024-07-15 19:05:28,809][   train_val.py][line: 203][ WARNING] NaN or Inf detected in model output at step 545
[2024-07-15 19:05:28,964][   train_val.py][line: 203][ WARNING] NaN or Inf detected in model output at step 546
[2024-07-15 19:05:29,110][   train_val.py][line: 203][ WARNING] NaN or Inf detected in model output at step 547
[2024-07-15 19:05:29,266][   train_val.py][line: 203][ WARNING] NaN or Inf detected in model output at step 548
[2024-07-15 19:05:29,416][   train_val.py][line: 203][ WARNING] NaN or Inf detected in model output at step 549
[2024-07-15 19:05:29,585][   train_val.py][line: 203][ WARNING] NaN or Inf detected in model output at step 550
[2024-07-15 19:05:29,740][   train_val.py][line: 203][ WARNING] NaN or Inf detected in model output at step 551
[2024-07-15 19:05:29,888][   train_val.py][line: 203][ WARNING] NaN or Inf detected in model output at step 552
[2024-07-15 19:05:30,049][   train_val.py][line: 203][ WARNING] NaN or Inf detected in model output at step 553
[2024-07-15 19:05:30,216][   train_val.py][line: 203][ WARNING] NaN or Inf detected in model output at step 554
[2024-07-15 19:05:30,279][   train_val.py][line: 203][ WARNING] NaN or Inf detected in model output at step 555
[2024-07-15 19:06:01,983][   train_val.py][line: 203][ WARNING] NaN or Inf detected in model output at step 556
[2024-07-15 19:06:02,133][   train_val.py][line: 203][ WARNING] NaN or Inf detected in model output at step 557
[2024-07-15 19:06:02,288][   train_val.py][line: 203][ WARNING] NaN or Inf detected in model output at step 558
[2024-07-15 19:06:02,430][   train_val.py][line: 203][ WARNING] NaN or Inf detected in model output at step 559
[2024-07-15 19:06:02,579][   train_val.py][line: 203][ WARNING] NaN or Inf detected in model output at step 560
[2024-07-15 19:06:02,728][   train_val.py][line: 203][ WARNING] NaN or Inf detected in model output at step 561
[2024-07-15 19:06:02,876][   train_val.py][line: 203][ WARNING] NaN or Inf detected in model output at step 562
[2024-07-15 19:06:03,023][   train_val.py][line: 203][ WARNING] NaN or Inf detected in model output at step 563
[2024-07-15 19:06:03,174][   train_val.py][line: 203][ WARNING] NaN or Inf detected in model output at step 564
[2024-07-15 19:06:03,325][   train_val.py][line: 203][ WARNING] NaN or Inf detected in model output at step 565
[2024-07-15 19:06:03,465][   train_val.py][line: 203][ WARNING] NaN or Inf detected in model output at step 566
[2024-07-15 19:06:03,613][   train_val.py][line: 203][ WARNING] NaN or Inf detected in model output at step 567
[2024-07-15 19:06:03,762][   train_val.py][line: 203][ WARNING] NaN or Inf detected in model output at step 568
[2024-07-15 19:06:03,910][   train_val.py][line: 203][ WARNING] NaN or Inf detected in model output at step 569
[2024-07-15 19:06:04,061][   train_val.py][line: 203][ WARNING] NaN or Inf detected in model output at step 570
[2024-07-15 19:06:04,207][   train_val.py][line: 203][ WARNING] NaN or Inf detected in model output at step 571
[2024-07-15 19:06:04,357][   train_val.py][line: 203][ WARNING] NaN or Inf detected in model output at step 572
[2024-07-15 19:06:04,498][   train_val.py][line: 203][ WARNING] NaN or Inf detected in model output at step 573
[2024-07-15 19:06:04,647][   train_val.py][line: 203][ WARNING] NaN or Inf detected in model output at step 574
[2024-07-15 19:06:04,797][   train_val.py][line: 203][ WARNING] NaN or Inf detected in model output at step 575
[2024-07-15 19:06:04,945][   train_val.py][line: 203][ WARNING] NaN or Inf detected in model output at step 576
[2024-07-15 19:06:05,095][   train_val.py][line: 203][ WARNING] NaN or Inf detected in model output at step 577
[2024-07-15 19:06:05,244][   train_val.py][line: 203][ WARNING] NaN or Inf detected in model output at step 578
[2024-07-15 19:06:05,388][   train_val.py][line: 203][ WARNING] NaN or Inf detected in model output at step 579
[2024-07-15 19:06:05,537][   train_val.py][line: 203][ WARNING] NaN or Inf detected in model output at step 580
[2024-07-15 19:06:05,679][   train_val.py][line: 203][ WARNING] NaN or Inf detected in model output at step 581
[2024-07-15 19:06:05,827][   train_val.py][line: 203][ WARNING] NaN or Inf detected in model output at step 582
[2024-07-15 19:06:05,976][   train_val.py][line: 203][ WARNING] NaN or Inf detected in model output at step 583
[2024-07-15 19:06:06,118][   train_val.py][line: 203][ WARNING] NaN or Inf detected in model output at step 584
[2024-07-15 19:06:06,264][   train_val.py][line: 203][ WARNING] NaN or Inf detected in model output at step 585
[2024-07-15 19:06:06,415][   train_val.py][line: 203][ WARNING] NaN or Inf detected in model output at step 586
[2024-07-15 19:06:06,556][   train_val.py][line: 203][ WARNING] NaN or Inf detected in model output at step 587
[2024-07-15 19:06:06,710][   train_val.py][line: 203][ WARNING] NaN or Inf detected in model output at step 588
[2024-07-15 19:06:06,851][   train_val.py][line: 203][ WARNING] NaN or Inf detected in model output at step 589
[2024-07-15 19:06:06,999][   train_val.py][line: 203][ WARNING] NaN or Inf detected in model output at step 590
[2024-07-15 19:06:07,149][   train_val.py][line: 203][ WARNING] NaN or Inf detected in model output at step 591
[2024-07-15 19:06:07,290][   train_val.py][line: 203][ WARNING] NaN or Inf detected in model output at step 592
[2024-07-15 19:06:07,445][   train_val.py][line: 203][ WARNING] NaN or Inf detected in model output at step 593
[2024-07-15 19:06:07,601][   train_val.py][line: 203][ WARNING] NaN or Inf detected in model output at step 594
[2024-07-15 19:06:07,742][   train_val.py][line: 203][ WARNING] NaN or Inf detected in model output at step 595
[2024-07-15 19:06:07,901][   train_val.py][line: 203][ WARNING] NaN or Inf detected in model output at step 596
[2024-07-15 19:06:08,060][   train_val.py][line: 203][ WARNING] NaN or Inf detected in model output at step 597
[2024-07-15 19:06:08,221][   train_val.py][line: 203][ WARNING] NaN or Inf detected in model output at step 598
[2024-07-15 19:06:08,380][   train_val.py][line: 203][ WARNING] NaN or Inf detected in model output at step 599
[2024-07-15 19:06:08,540][   train_val.py][line: 203][ WARNING] NaN or Inf detected in model output at step 600
[2024-07-15 19:06:08,693][   train_val.py][line: 203][ WARNING] NaN or Inf detected in model output at step 601
[2024-07-15 19:06:08,837][   train_val.py][line: 203][ WARNING] NaN or Inf detected in model output at step 602
[2024-07-15 19:06:08,987][   train_val.py][line: 203][ WARNING] NaN or Inf detected in model output at step 603
[2024-07-15 19:06:09,128][   train_val.py][line: 203][ WARNING] NaN or Inf detected in model output at step 604
[2024-07-15 19:06:09,278][   train_val.py][line: 203][ WARNING] NaN or Inf detected in model output at step 605
[2024-07-15 19:06:09,433][   train_val.py][line: 203][ WARNING] NaN or Inf detected in model output at step 606
[2024-07-15 19:06:09,573][   train_val.py][line: 203][ WARNING] NaN or Inf detected in model output at step 607
[2024-07-15 19:06:09,726][   train_val.py][line: 203][ WARNING] NaN or Inf detected in model output at step 608
[2024-07-15 19:06:09,882][   train_val.py][line: 203][ WARNING] NaN or Inf detected in model output at step 609
[2024-07-15 19:06:10,047][   train_val.py][line: 203][ WARNING] NaN or Inf detected in model output at step 610
[2024-07-15 19:06:10,220][   train_val.py][line: 203][ WARNING] NaN or Inf detected in model output at step 611
[2024-07-15 19:06:10,394][   train_val.py][line: 203][ WARNING] NaN or Inf detected in model output at step 612
[2024-07-15 19:06:10,559][   train_val.py][line: 203][ WARNING] NaN or Inf detected in model output at step 613
[2024-07-15 19:06:10,724][   train_val.py][line: 203][ WARNING] NaN or Inf detected in model output at step 614
[2024-07-15 19:06:10,888][   train_val.py][line: 203][ WARNING] NaN or Inf detected in model output at step 615
[2024-07-15 19:06:11,053][   train_val.py][line: 203][ WARNING] NaN or Inf detected in model output at step 616
[2024-07-15 19:06:11,215][   train_val.py][line: 203][ WARNING] NaN or Inf detected in model output at step 617
[2024-07-15 19:06:11,377][   train_val.py][line: 203][ WARNING] NaN or Inf detected in model output at step 618
[2024-07-15 19:06:11,538][   train_val.py][line: 203][ WARNING] NaN or Inf detected in model output at step 619
[2024-07-15 19:06:11,699][   train_val.py][line: 203][ WARNING] NaN or Inf detected in model output at step 620
[2024-07-15 19:06:11,852][   train_val.py][line: 203][ WARNING] NaN or Inf detected in model output at step 621
[2024-07-15 19:06:11,996][   train_val.py][line: 203][ WARNING] NaN or Inf detected in model output at step 622
[2024-07-15 19:06:12,150][   train_val.py][line: 203][ WARNING] NaN or Inf detected in model output at step 623
[2024-07-15 19:06:12,291][   train_val.py][line: 203][ WARNING] NaN or Inf detected in model output at step 624
[2024-07-15 19:06:12,440][   train_val.py][line: 203][ WARNING] NaN or Inf detected in model output at step 625
[2024-07-15 19:06:12,590][   train_val.py][line: 203][ WARNING] NaN or Inf detected in model output at step 626
[2024-07-15 19:06:12,733][   train_val.py][line: 203][ WARNING] NaN or Inf detected in model output at step 627
[2024-07-15 19:06:12,890][   train_val.py][line: 203][ WARNING] NaN or Inf detected in model output at step 628
[2024-07-15 19:06:13,051][   train_val.py][line: 203][ WARNING] NaN or Inf detected in model output at step 629
[2024-07-15 19:06:13,211][   train_val.py][line: 203][ WARNING] NaN or Inf detected in model output at step 630
[2024-07-15 19:06:13,364][   train_val.py][line: 203][ WARNING] NaN or Inf detected in model output at step 631
[2024-07-15 19:06:13,513][   train_val.py][line: 203][ WARNING] NaN or Inf detected in model output at step 632
[2024-07-15 19:06:13,661][   train_val.py][line: 203][ WARNING] NaN or Inf detected in model output at step 633
[2024-07-15 19:06:13,810][   train_val.py][line: 203][ WARNING] NaN or Inf detected in model output at step 634
[2024-07-15 19:06:13,961][   train_val.py][line: 203][ WARNING] NaN or Inf detected in model output at step 635
[2024-07-15 19:06:14,108][   train_val.py][line: 203][ WARNING] NaN or Inf detected in model output at step 636
[2024-07-15 19:06:14,256][   train_val.py][line: 203][ WARNING] NaN or Inf detected in model output at step 637
[2024-07-15 19:06:14,406][   train_val.py][line: 203][ WARNING] NaN or Inf detected in model output at step 638
[2024-07-15 19:06:14,553][   train_val.py][line: 203][ WARNING] NaN or Inf detected in model output at step 639
[2024-07-15 19:06:14,703][   train_val.py][line: 203][ WARNING] NaN or Inf detected in model output at step 640
[2024-07-15 19:06:14,853][   train_val.py][line: 203][ WARNING] NaN or Inf detected in model output at step 641
[2024-07-15 19:06:14,995][   train_val.py][line: 203][ WARNING] NaN or Inf detected in model output at step 642
[2024-07-15 19:06:15,144][   train_val.py][line: 203][ WARNING] NaN or Inf detected in model output at step 643
[2024-07-15 19:06:15,286][   train_val.py][line: 203][ WARNING] NaN or Inf detected in model output at step 644
[2024-07-15 19:06:15,434][   train_val.py][line: 203][ WARNING] NaN or Inf detected in model output at step 645
[2024-07-15 19:06:15,583][   train_val.py][line: 203][ WARNING] NaN or Inf detected in model output at step 646
[2024-07-15 19:06:15,725][   train_val.py][line: 203][ WARNING] NaN or Inf detected in model output at step 647
[2024-07-15 19:06:15,873][   train_val.py][line: 203][ WARNING] NaN or Inf detected in model output at step 648
[2024-07-15 19:06:16,024][   train_val.py][line: 203][ WARNING] NaN or Inf detected in model output at step 649
[2024-07-15 19:06:16,169][   train_val.py][line: 203][ WARNING] NaN or Inf detected in model output at step 650
[2024-07-15 19:06:16,317][   train_val.py][line: 203][ WARNING] NaN or Inf detected in model output at step 651
[2024-07-15 19:06:16,467][   train_val.py][line: 203][ WARNING] NaN or Inf detected in model output at step 652
[2024-07-15 19:06:16,618][   train_val.py][line: 203][ WARNING] NaN or Inf detected in model output at step 653
[2024-07-15 19:06:16,763][   train_val.py][line: 203][ WARNING] NaN or Inf detected in model output at step 654
[2024-07-15 19:06:16,910][   train_val.py][line: 203][ WARNING] NaN or Inf detected in model output at step 655
[2024-07-15 19:06:17,053][   train_val.py][line: 203][ WARNING] NaN or Inf detected in model output at step 656
[2024-07-15 19:06:17,202][   train_val.py][line: 203][ WARNING] NaN or Inf detected in model output at step 657
[2024-07-15 19:06:17,352][   train_val.py][line: 203][ WARNING] NaN or Inf detected in model output at step 658
[2024-07-15 19:06:17,493][   train_val.py][line: 203][ WARNING] NaN or Inf detected in model output at step 659
[2024-07-15 19:06:17,641][   train_val.py][line: 203][ WARNING] NaN or Inf detected in model output at step 660
[2024-07-15 19:06:17,797][   train_val.py][line: 203][ WARNING] NaN or Inf detected in model output at step 661
[2024-07-15 19:06:17,957][   train_val.py][line: 203][ WARNING] NaN or Inf detected in model output at step 662
[2024-07-15 19:06:18,116][   train_val.py][line: 203][ WARNING] NaN or Inf detected in model output at step 663
[2024-07-15 19:06:18,278][   train_val.py][line: 203][ WARNING] NaN or Inf detected in model output at step 664
[2024-07-15 19:06:18,443][   train_val.py][line: 203][ WARNING] NaN or Inf detected in model output at step 665
[2024-07-15 19:06:18,601][   train_val.py][line: 203][ WARNING] NaN or Inf detected in model output at step 666
[2024-07-15 19:06:18,753][   train_val.py][line: 203][ WARNING] NaN or Inf detected in model output at step 667
[2024-07-15 19:06:18,894][   train_val.py][line: 203][ WARNING] NaN or Inf detected in model output at step 668
[2024-07-15 19:06:19,043][   train_val.py][line: 203][ WARNING] NaN or Inf detected in model output at step 669
[2024-07-15 19:06:19,198][   train_val.py][line: 203][ WARNING] NaN or Inf detected in model output at step 670
[2024-07-15 19:06:19,344][   train_val.py][line: 203][ WARNING] NaN or Inf detected in model output at step 671
[2024-07-15 19:06:19,494][   train_val.py][line: 203][ WARNING] NaN or Inf detected in model output at step 672
[2024-07-15 19:06:19,634][   train_val.py][line: 203][ WARNING] NaN or Inf detected in model output at step 673
[2024-07-15 19:06:19,785][   train_val.py][line: 203][ WARNING] NaN or Inf detected in model output at step 674
[2024-07-15 19:06:19,937][   train_val.py][line: 203][ WARNING] NaN or Inf detected in model output at step 675
[2024-07-15 19:06:20,079][   train_val.py][line: 203][ WARNING] NaN or Inf detected in model output at step 676
[2024-07-15 19:06:20,228][   train_val.py][line: 203][ WARNING] NaN or Inf detected in model output at step 677
[2024-07-15 19:06:20,394][   train_val.py][line: 203][ WARNING] NaN or Inf detected in model output at step 678
[2024-07-15 19:06:20,552][   train_val.py][line: 203][ WARNING] NaN or Inf detected in model output at step 679
[2024-07-15 19:06:20,705][   train_val.py][line: 203][ WARNING] NaN or Inf detected in model output at step 680
[2024-07-15 19:06:20,859][   train_val.py][line: 203][ WARNING] NaN or Inf detected in model output at step 681
[2024-07-15 19:06:21,008][   train_val.py][line: 203][ WARNING] NaN or Inf detected in model output at step 682
[2024-07-15 19:06:21,173][   train_val.py][line: 203][ WARNING] NaN or Inf detected in model output at step 683
[2024-07-15 19:06:21,325][   train_val.py][line: 203][ WARNING] NaN or Inf detected in model output at step 684
[2024-07-15 19:06:21,471][   train_val.py][line: 203][ WARNING] NaN or Inf detected in model output at step 685
[2024-07-15 19:06:21,625][   train_val.py][line: 203][ WARNING] NaN or Inf detected in model output at step 686
[2024-07-15 19:06:21,767][   train_val.py][line: 203][ WARNING] NaN or Inf detected in model output at step 687
[2024-07-15 19:06:21,916][   train_val.py][line: 203][ WARNING] NaN or Inf detected in model output at step 688
[2024-07-15 19:06:22,071][   train_val.py][line: 203][ WARNING] NaN or Inf detected in model output at step 689
[2024-07-15 19:06:22,222][   train_val.py][line: 203][ WARNING] NaN or Inf detected in model output at step 690
[2024-07-15 19:06:22,365][   train_val.py][line: 203][ WARNING] NaN or Inf detected in model output at step 691
[2024-07-15 19:06:22,517][   train_val.py][line: 203][ WARNING] NaN or Inf detected in model output at step 692
[2024-07-15 19:06:22,667][   train_val.py][line: 203][ WARNING] NaN or Inf detected in model output at step 693
[2024-07-15 19:06:22,809][   train_val.py][line: 203][ WARNING] NaN or Inf detected in model output at step 694
[2024-07-15 19:06:22,963][   train_val.py][line: 203][ WARNING] NaN or Inf detected in model output at step 695
[2024-07-15 19:06:23,105][   train_val.py][line: 203][ WARNING] NaN or Inf detected in model output at step 696
[2024-07-15 19:06:23,256][   train_val.py][line: 203][ WARNING] NaN or Inf detected in model output at step 697
[2024-07-15 19:06:23,413][   train_val.py][line: 203][ WARNING] NaN or Inf detected in model output at step 698
[2024-07-15 19:06:23,565][   train_val.py][line: 203][ WARNING] NaN or Inf detected in model output at step 699
[2024-07-15 19:06:23,724][   train_val.py][line: 203][ WARNING] NaN or Inf detected in model output at step 700
[2024-07-15 19:06:23,886][   train_val.py][line: 203][ WARNING] NaN or Inf detected in model output at step 701
[2024-07-15 19:06:24,046][   train_val.py][line: 203][ WARNING] NaN or Inf detected in model output at step 702
[2024-07-15 19:06:24,207][   train_val.py][line: 203][ WARNING] NaN or Inf detected in model output at step 703
[2024-07-15 19:06:24,358][   train_val.py][line: 203][ WARNING] NaN or Inf detected in model output at step 704
[2024-07-15 19:06:24,499][   train_val.py][line: 203][ WARNING] NaN or Inf detected in model output at step 705
[2024-07-15 19:06:24,651][   train_val.py][line: 203][ WARNING] NaN or Inf detected in model output at step 706
[2024-07-15 19:06:24,802][   train_val.py][line: 203][ WARNING] NaN or Inf detected in model output at step 707
[2024-07-15 19:06:24,944][   train_val.py][line: 203][ WARNING] NaN or Inf detected in model output at step 708
[2024-07-15 19:06:25,092][   train_val.py][line: 203][ WARNING] NaN or Inf detected in model output at step 709
[2024-07-15 19:06:25,242][   train_val.py][line: 203][ WARNING] NaN or Inf detected in model output at step 710
[2024-07-15 19:06:25,392][   train_val.py][line: 203][ WARNING] NaN or Inf detected in model output at step 711
[2024-07-15 19:06:25,548][   train_val.py][line: 203][ WARNING] NaN or Inf detected in model output at step 712
[2024-07-15 19:06:25,696][   train_val.py][line: 203][ WARNING] NaN or Inf detected in model output at step 713
[2024-07-15 19:06:25,859][   train_val.py][line: 203][ WARNING] NaN or Inf detected in model output at step 714
[2024-07-15 19:06:26,021][   train_val.py][line: 203][ WARNING] NaN or Inf detected in model output at step 715
[2024-07-15 19:06:26,182][   train_val.py][line: 203][ WARNING] NaN or Inf detected in model output at step 716
[2024-07-15 19:06:26,340][   train_val.py][line: 203][ WARNING] NaN or Inf detected in model output at step 717
[2024-07-15 19:06:26,503][   train_val.py][line: 203][ WARNING] NaN or Inf detected in model output at step 718
[2024-07-15 19:06:26,659][   train_val.py][line: 203][ WARNING] NaN or Inf detected in model output at step 719
[2024-07-15 19:06:26,806][   train_val.py][line: 203][ WARNING] NaN or Inf detected in model output at step 720
[2024-07-15 19:06:26,955][   train_val.py][line: 203][ WARNING] NaN or Inf detected in model output at step 721
[2024-07-15 19:06:27,099][   train_val.py][line: 203][ WARNING] NaN or Inf detected in model output at step 722
[2024-07-15 19:06:27,250][   train_val.py][line: 203][ WARNING] NaN or Inf detected in model output at step 723
[2024-07-15 19:06:27,396][   train_val.py][line: 203][ WARNING] NaN or Inf detected in model output at step 724
[2024-07-15 19:06:27,547][   train_val.py][line: 203][ WARNING] NaN or Inf detected in model output at step 725
[2024-07-15 19:06:27,689][   train_val.py][line: 203][ WARNING] NaN or Inf detected in model output at step 726
[2024-07-15 19:06:27,838][   train_val.py][line: 203][ WARNING] NaN or Inf detected in model output at step 727
[2024-07-15 19:06:27,990][   train_val.py][line: 203][ WARNING] NaN or Inf detected in model output at step 728
[2024-07-15 19:06:28,137][   train_val.py][line: 203][ WARNING] NaN or Inf detected in model output at step 729
[2024-07-15 19:06:28,288][   train_val.py][line: 203][ WARNING] NaN or Inf detected in model output at step 730
[2024-07-15 19:06:28,429][   train_val.py][line: 203][ WARNING] NaN or Inf detected in model output at step 731
[2024-07-15 19:06:28,577][   train_val.py][line: 203][ WARNING] NaN or Inf detected in model output at step 732
[2024-07-15 19:06:28,727][   train_val.py][line: 203][ WARNING] NaN or Inf detected in model output at step 733
[2024-07-15 19:06:28,878][   train_val.py][line: 203][ WARNING] NaN or Inf detected in model output at step 734
[2024-07-15 19:06:29,027][   train_val.py][line: 203][ WARNING] NaN or Inf detected in model output at step 735
[2024-07-15 19:06:29,169][   train_val.py][line: 203][ WARNING] NaN or Inf detected in model output at step 736
[2024-07-15 19:06:29,321][   train_val.py][line: 203][ WARNING] NaN or Inf detected in model output at step 737
[2024-07-15 19:06:29,464][   train_val.py][line: 203][ WARNING] NaN or Inf detected in model output at step 738
[2024-07-15 19:06:29,613][   train_val.py][line: 203][ WARNING] NaN or Inf detected in model output at step 739
[2024-07-15 19:06:29,753][   train_val.py][line: 203][ WARNING] NaN or Inf detected in model output at step 740
[2024-07-15 19:06:29,904][   train_val.py][line: 203][ WARNING] NaN or Inf detected in model output at step 741
[2024-07-15 19:06:30,055][   train_val.py][line: 203][ WARNING] NaN or Inf detected in model output at step 742
[2024-07-15 19:06:30,197][   train_val.py][line: 203][ WARNING] NaN or Inf detected in model output at step 743
[2024-07-15 19:06:30,346][   train_val.py][line: 203][ WARNING] NaN or Inf detected in model output at step 744
[2024-07-15 19:06:30,499][   train_val.py][line: 203][ WARNING] NaN or Inf detected in model output at step 745
[2024-07-15 19:06:30,642][   train_val.py][line: 203][ WARNING] NaN or Inf detected in model output at step 746
[2024-07-15 19:06:30,793][   train_val.py][line: 203][ WARNING] NaN or Inf detected in model output at step 747
[2024-07-15 19:06:30,937][   train_val.py][line: 203][ WARNING] NaN or Inf detected in model output at step 748
[2024-07-15 19:06:31,088][   train_val.py][line: 203][ WARNING] NaN or Inf detected in model output at step 749
[2024-07-15 19:06:31,237][   train_val.py][line: 203][ WARNING] NaN or Inf detected in model output at step 750
[2024-07-15 19:06:31,381][   train_val.py][line: 203][ WARNING] NaN or Inf detected in model output at step 751
[2024-07-15 19:06:31,531][   train_val.py][line: 203][ WARNING] NaN or Inf detected in model output at step 752
[2024-07-15 19:06:31,681][   train_val.py][line: 203][ WARNING] NaN or Inf detected in model output at step 753
[2024-07-15 19:06:31,824][   train_val.py][line: 203][ WARNING] NaN or Inf detected in model output at step 754
[2024-07-15 19:06:31,973][   train_val.py][line: 203][ WARNING] NaN or Inf detected in model output at step 755
[2024-07-15 19:06:32,126][   train_val.py][line: 203][ WARNING] NaN or Inf detected in model output at step 756
[2024-07-15 19:06:32,269][   train_val.py][line: 203][ WARNING] NaN or Inf detected in model output at step 757
[2024-07-15 19:06:32,421][   train_val.py][line: 203][ WARNING] NaN or Inf detected in model output at step 758
[2024-07-15 19:06:32,570][   train_val.py][line: 203][ WARNING] NaN or Inf detected in model output at step 759
[2024-07-15 19:06:32,711][   train_val.py][line: 203][ WARNING] NaN or Inf detected in model output at step 760
[2024-07-15 19:06:32,864][   train_val.py][line: 203][ WARNING] NaN or Inf detected in model output at step 761
[2024-07-15 19:06:33,021][   train_val.py][line: 203][ WARNING] NaN or Inf detected in model output at step 762
[2024-07-15 19:06:33,163][   train_val.py][line: 203][ WARNING] NaN or Inf detected in model output at step 763
[2024-07-15 19:06:33,314][   train_val.py][line: 203][ WARNING] NaN or Inf detected in model output at step 764
[2024-07-15 19:06:33,459][   train_val.py][line: 203][ WARNING] NaN or Inf detected in model output at step 765
[2024-07-15 19:06:33,613][   train_val.py][line: 203][ WARNING] NaN or Inf detected in model output at step 766
[2024-07-15 19:06:33,757][   train_val.py][line: 203][ WARNING] NaN or Inf detected in model output at step 767
[2024-07-15 19:06:33,912][   train_val.py][line: 203][ WARNING] NaN or Inf detected in model output at step 768
[2024-07-15 19:06:34,056][   train_val.py][line: 203][ WARNING] NaN or Inf detected in model output at step 769
[2024-07-15 19:06:34,210][   train_val.py][line: 203][ WARNING] NaN or Inf detected in model output at step 770
[2024-07-15 19:06:34,355][   train_val.py][line: 203][ WARNING] NaN or Inf detected in model output at step 771
[2024-07-15 19:06:34,507][   train_val.py][line: 203][ WARNING] NaN or Inf detected in model output at step 772
[2024-07-15 19:06:34,657][   train_val.py][line: 203][ WARNING] NaN or Inf detected in model output at step 773
[2024-07-15 19:06:34,810][   train_val.py][line: 203][ WARNING] NaN or Inf detected in model output at step 774
[2024-07-15 19:06:34,958][   train_val.py][line: 203][ WARNING] NaN or Inf detected in model output at step 775
[2024-07-15 19:06:35,110][   train_val.py][line: 203][ WARNING] NaN or Inf detected in model output at step 776
[2024-07-15 19:06:35,258][   train_val.py][line: 203][ WARNING] NaN or Inf detected in model output at step 777
[2024-07-15 19:06:35,410][   train_val.py][line: 203][ WARNING] NaN or Inf detected in model output at step 778
[2024-07-15 19:06:35,558][   train_val.py][line: 203][ WARNING] NaN or Inf detected in model output at step 779
[2024-07-15 19:06:35,710][   train_val.py][line: 203][ WARNING] NaN or Inf detected in model output at step 780
[2024-07-15 19:06:35,855][   train_val.py][line: 203][ WARNING] NaN or Inf detected in model output at step 781
[2024-07-15 19:06:36,010][   train_val.py][line: 203][ WARNING] NaN or Inf detected in model output at step 782
[2024-07-15 19:06:36,154][   train_val.py][line: 203][ WARNING] NaN or Inf detected in model output at step 783
[2024-07-15 19:06:36,306][   train_val.py][line: 203][ WARNING] NaN or Inf detected in model output at step 784
[2024-07-15 19:06:36,447][   train_val.py][line: 203][ WARNING] NaN or Inf detected in model output at step 785
[2024-07-15 19:06:36,600][   train_val.py][line: 203][ WARNING] NaN or Inf detected in model output at step 786
[2024-07-15 19:06:36,751][   train_val.py][line: 203][ WARNING] NaN or Inf detected in model output at step 787
[2024-07-15 19:06:36,898][   train_val.py][line: 203][ WARNING] NaN or Inf detected in model output at step 788
[2024-07-15 19:06:37,049][   train_val.py][line: 203][ WARNING] NaN or Inf detected in model output at step 789
[2024-07-15 19:06:37,195][   train_val.py][line: 203][ WARNING] NaN or Inf detected in model output at step 790
[2024-07-15 19:06:37,345][   train_val.py][line: 203][ WARNING] NaN or Inf detected in model output at step 791
[2024-07-15 19:06:37,493][   train_val.py][line: 203][ WARNING] NaN or Inf detected in model output at step 792
[2024-07-15 19:06:37,643][   train_val.py][line: 203][ WARNING] NaN or Inf detected in model output at step 793
[2024-07-15 19:06:37,788][   train_val.py][line: 203][ WARNING] NaN or Inf detected in model output at step 794
[2024-07-15 19:06:37,939][   train_val.py][line: 203][ WARNING] NaN or Inf detected in model output at step 795
[2024-07-15 19:06:38,083][   train_val.py][line: 203][ WARNING] NaN or Inf detected in model output at step 796
[2024-07-15 19:06:38,234][   train_val.py][line: 203][ WARNING] NaN or Inf detected in model output at step 797
[2024-07-15 19:06:38,379][   train_val.py][line: 203][ WARNING] NaN or Inf detected in model output at step 798
[2024-07-15 19:06:38,534][   train_val.py][line: 203][ WARNING] NaN or Inf detected in model output at step 799
[2024-07-15 19:06:38,678][   train_val.py][line: 203][ WARNING] NaN or Inf detected in model output at step 800
[2024-07-15 19:06:38,834][   train_val.py][line: 203][ WARNING] NaN or Inf detected in model output at step 801
[2024-07-15 19:06:38,975][   train_val.py][line: 203][ WARNING] NaN or Inf detected in model output at step 802
[2024-07-15 19:06:39,125][   train_val.py][line: 203][ WARNING] NaN or Inf detected in model output at step 803
[2024-07-15 19:06:39,274][   train_val.py][line: 203][ WARNING] NaN or Inf detected in model output at step 804
[2024-07-15 19:06:39,423][   train_val.py][line: 203][ WARNING] NaN or Inf detected in model output at step 805
[2024-07-15 19:06:39,571][   train_val.py][line: 203][ WARNING] NaN or Inf detected in model output at step 806
[2024-07-15 19:06:39,719][   train_val.py][line: 203][ WARNING] NaN or Inf detected in model output at step 807
[2024-07-15 19:06:39,868][   train_val.py][line: 203][ WARNING] NaN or Inf detected in model output at step 808
[2024-07-15 19:06:40,016][   train_val.py][line: 203][ WARNING] NaN or Inf detected in model output at step 809
[2024-07-15 19:06:40,164][   train_val.py][line: 203][ WARNING] NaN or Inf detected in model output at step 810
[2024-07-15 19:06:40,312][   train_val.py][line: 203][ WARNING] NaN or Inf detected in model output at step 811
[2024-07-15 19:06:40,462][   train_val.py][line: 203][ WARNING] NaN or Inf detected in model output at step 812
[2024-07-15 19:06:40,608][   train_val.py][line: 203][ WARNING] NaN or Inf detected in model output at step 813
[2024-07-15 19:06:40,758][   train_val.py][line: 203][ WARNING] NaN or Inf detected in model output at step 814
[2024-07-15 19:06:40,906][   train_val.py][line: 203][ WARNING] NaN or Inf detected in model output at step 815
[2024-07-15 19:06:41,054][   train_val.py][line: 203][ WARNING] NaN or Inf detected in model output at step 816
[2024-07-15 19:06:41,202][   train_val.py][line: 203][ WARNING] NaN or Inf detected in model output at step 817
[2024-07-15 19:06:41,351][   train_val.py][line: 203][ WARNING] NaN or Inf detected in model output at step 818
[2024-07-15 19:06:41,500][   train_val.py][line: 203][ WARNING] NaN or Inf detected in model output at step 819
[2024-07-15 19:06:41,648][   train_val.py][line: 203][ WARNING] NaN or Inf detected in model output at step 820
[2024-07-15 19:06:41,803][   train_val.py][line: 203][ WARNING] NaN or Inf detected in model output at step 821
[2024-07-15 19:06:41,966][   train_val.py][line: 203][ WARNING] NaN or Inf detected in model output at step 822
[2024-07-15 19:06:42,130][   train_val.py][line: 203][ WARNING] NaN or Inf detected in model output at step 823
[2024-07-15 19:06:42,294][   train_val.py][line: 203][ WARNING] NaN or Inf detected in model output at step 824
[2024-07-15 19:06:42,455][   train_val.py][line: 203][ WARNING] NaN or Inf detected in model output at step 825
[2024-07-15 19:06:42,607][   train_val.py][line: 203][ WARNING] NaN or Inf detected in model output at step 826
[2024-07-15 19:06:42,746][   train_val.py][line: 203][ WARNING] NaN or Inf detected in model output at step 827
[2024-07-15 19:06:42,904][   train_val.py][line: 203][ WARNING] NaN or Inf detected in model output at step 828
[2024-07-15 19:06:43,067][   train_val.py][line: 203][ WARNING] NaN or Inf detected in model output at step 829
[2024-07-15 19:06:43,229][   train_val.py][line: 203][ WARNING] NaN or Inf detected in model output at step 830
[2024-07-15 19:06:43,391][   train_val.py][line: 203][ WARNING] NaN or Inf detected in model output at step 831
[2024-07-15 19:06:43,550][   train_val.py][line: 203][ WARNING] NaN or Inf detected in model output at step 832
[2024-07-15 19:06:43,610][   train_val.py][line: 203][ WARNING] NaN or Inf detected in model output at step 833
