[2024-07-16 12:35:54,969][   train_val.py][line:  52][    INFO] args: Namespace(config='./stitch-o_config.yaml', evaluate=False)
[2024-07-16 12:35:54,970][   train_val.py][line:  53][    INFO] config: {'criterion': [{'kwargs': {'weight': 1.0},
                'name': 'FeatureMSELoss',
                'type': 'FeatureMSELoss'}],
 'dataset': {'batch_size': 32,
             'image_reader': {'kwargs': {'image_dir': './chunks/'},
                              'type': 'npy'},
             'input_size': [176, 176],
             'normals': [0],
             'test': {'meta_file': './chunks/metadata/test_metadata.json'},
             'train': {'hflip': False,
                       'meta_file': './chunks/metadata/train_metadata.json',
                       'rebalance': False,
                       'rotate': True,
                       'vflip': False},
             'type': 'custom',
             'workers': 8},
 'evaluator': {'eval_dir': '.\\result_eval_temp',
               'key_metric': 'mean_std_auc',
               'metrics': {'auc': [{'name': 'std'},
                                   {'kwargs': {'avgpool_size': [16, 16]},
                                    'name': 'max'},
                                   {'name': 'mean'}]},
               'save_dir': 'result_eval_temp'},
 'exp_path': '.',
 'frozen_layers': ['backbone'],
 'log_path': '.\\log/',
 'net': [{'frozen': True,
          'kwargs': {'outblocks': [1, 5, 9, 21],
                     'outstrides': [2, 4, 8, 16],
                     'pretrained': True},
          'name': 'backbone',
          'type': 'models.backbones.efficientnet_b4'},
         {'kwargs': {'outplanes': [272], 'outstrides': [16]},
          'name': 'neck',
          'prev': 'backbone',
          'type': 'models.necks.MFCN'},
         {'kwargs': {'activation': 'relu',
                     'dim_feedforward': 1024,
                     'dropout': 0.1,
                     'feature_jitter': {'prob': 1.0, 'scale': 20.0},
                     'feature_size': [11, 11],
                     'hidden_dim': 256,
                     'initializer': {'method': 'xavier_uniform'},
                     'neighbor_mask': {'mask': [True, True, True],
                                       'neighbor_size': [7, 7]},
                     'nhead': 8,
                     'normalize_before': False,
                     'num_decoder_layers': 4,
                     'num_encoder_layers': 4,
                     'pos_embed_type': 'learned',
                     'save_recon': False},
          'name': 'reconstruction',
          'prev': 'neck',
          'type': 'models.reconstructions.UniAD'}],
 'port': 11111,
 'random_seed': 133,
 'save_path': '.\\stitch-o_checkpoint/',
 'saver': {'always_save': False,
           'auto_resume': False,
           'load_path': 'stitch-o_checkpoint/ckpt.pth.tar',
           'log_dir': 'log/',
           'save_dir': 'stitch-o_checkpoint/'},
 'trainer': {'clip_max_norm': 0.1,
             'lr_scheduler': {'kwargs': {'gamma': 0.1, 'step_size': 50},
                              'type': 'StepLR'},
             'max_epoch': 250,
             'optimizer': {'kwargs': {'betas': [0.9, 0.999],
                                      'lr': 0.0001,
                                      'weight_decay': 0.0001},
                           'type': 'AdamW'},
             'print_freq_step': 200,
             'tb_freq_step': 1,
             'val_freq_epoch': 10},
 'version': 'v1.0.0'}
[2024-07-16 12:35:55,268][       utils.py][line: 740][    INFO]  not exist, load from https://github.com/lukemelas/EfficientNet-PyTorch/releases/download/1.0/efficientnet-b4-6ed6700e.pth
[2024-07-16 12:35:55,344][       utils.py][line: 761][    INFO] Loaded ImageNet pretrained efficientnet-b4
[2024-07-16 12:35:55,563][   train_val.py][line:  72][    INFO] layers: ['backbone', 'neck', 'reconstruction']
[2024-07-16 12:35:55,563][   train_val.py][line:  73][    INFO] active layers: ['reconstruction', 'neck']
[2024-07-16 12:35:55,565][custom_dataset.py][line:  40][    INFO] building CustomDataset from: ./chunks/metadata/train_metadata.json
[2024-07-16 12:35:55,626][custom_dataset.py][line:  40][    INFO] building CustomDataset from: ./chunks/metadata/test_metadata.json
[2024-07-16 12:36:47,700][   train_val.py][line: 219][    INFO] Epoch: [1/250]	Iter: [200/138750]	Time 0.11 (0.26)	Data 0.00 (0.15)	Loss 19.73026 (23.47076)	LR 0.00010	
[2024-07-16 12:37:09,214][   train_val.py][line: 219][    INFO] Epoch: [1/250]	Iter: [400/138750]	Time 0.12 (0.11)	Data 0.00 (0.00)	Loss 17.45496 (18.92032)	LR 0.00010	
[2024-07-16 12:38:03,712][   train_val.py][line: 219][    INFO] Epoch: [2/250]	Iter: [600/138750]	Time 0.10 (0.77)	Data 0.00 (0.65)	Loss 15.70888 (16.79799)	LR 0.00010	
[2024-07-16 12:38:25,781][   train_val.py][line: 219][    INFO] Epoch: [2/250]	Iter: [800/138750]	Time 0.12 (0.11)	Data 0.00 (0.00)	Loss 16.23252 (16.29205)	LR 0.00010	
[2024-07-16 12:38:48,405][   train_val.py][line: 219][    INFO] Epoch: [2/250]	Iter: [1000/138750]	Time 0.13 (0.11)	Data 0.00 (0.00)	Loss 15.35915 (15.56524)	LR 0.00010	
[2024-07-16 12:39:38,494][   train_val.py][line: 219][    INFO] Epoch: [3/250]	Iter: [1200/138750]	Time 0.08 (0.42)	Data 0.00 (0.33)	Loss 14.91317 (14.98994)	LR 0.00010	
[2024-07-16 12:39:56,434][   train_val.py][line: 219][    INFO] Epoch: [3/250]	Iter: [1400/138750]	Time 0.09 (0.09)	Data 0.00 (0.00)	Loss 14.32308 (14.67698)	LR 0.00010	
[2024-07-16 12:40:13,939][   train_val.py][line: 219][    INFO] Epoch: [3/250]	Iter: [1600/138750]	Time 0.09 (0.09)	Data 0.00 (0.00)	Loss 13.81272 (14.24526)	LR 0.00010	
[2024-07-16 12:41:00,166][   train_val.py][line: 219][    INFO] Epoch: [4/250]	Iter: [1800/138750]	Time 0.12 (0.29)	Data 0.00 (0.20)	Loss 13.69407 (13.81191)	LR 0.00010	
[2024-07-16 12:41:17,834][   train_val.py][line: 219][    INFO] Epoch: [4/250]	Iter: [2000/138750]	Time 0.09 (0.09)	Data 0.00 (0.00)	Loss 13.53671 (13.55229)	LR 0.00010	
[2024-07-16 12:41:35,569][   train_val.py][line: 219][    INFO] Epoch: [4/250]	Iter: [2200/138750]	Time 0.09 (0.09)	Data 0.00 (0.00)	Loss 12.94224 (13.22847)	LR 0.00010	
[2024-07-16 12:42:21,918][   train_val.py][line: 219][    INFO] Epoch: [5/250]	Iter: [2400/138750]	Time 0.10 (0.24)	Data 0.00 (0.15)	Loss 13.21891 (12.95428)	LR 0.00010	
[2024-07-16 12:42:40,226][   train_val.py][line: 219][    INFO] Epoch: [5/250]	Iter: [2600/138750]	Time 0.09 (0.09)	Data 0.00 (0.00)	Loss 12.10788 (12.70549)	LR 0.00010	
[2024-07-16 12:43:28,089][   train_val.py][line: 219][    INFO] Epoch: [6/250]	Iter: [2800/138750]	Time 0.10 (1.25)	Data 0.00 (1.13)	Loss 12.92771 (12.55374)	LR 0.00010	
[2024-07-16 12:43:49,874][   train_val.py][line: 219][    INFO] Epoch: [6/250]	Iter: [3000/138750]	Time 0.10 (0.11)	Data 0.00 (0.00)	Loss 11.99154 (12.24145)	LR 0.00010	
[2024-07-16 12:44:12,491][   train_val.py][line: 219][    INFO] Epoch: [6/250]	Iter: [3200/138750]	Time 0.13 (0.11)	Data 0.00 (0.00)	Loss 13.01065 (12.12297)	LR 0.00010	
