[2024-07-15 21:50:02,642][   train_val.py][line:  57][    INFO] args: Namespace(config='./stitch-o_config.yaml', evaluate=False)
[2024-07-15 21:50:02,643][   train_val.py][line:  58][    INFO] config: {'criterion': [{'kwargs': {'weight': 1.0},
                'name': 'FeatureMSELoss',
                'type': 'FeatureMSELoss'}],
 'dataset': {'batch_size': 64,
             'image_reader': {'kwargs': {'image_dir': './chunks/'},
                              'type': 'npy'},
             'input_size': [176, 176],
             'normals': [0],
             'test': {'meta_file': './chunks/metadata/test_metadata.json'},
             'train': {'hflip': False,
                       'meta_file': './chunks/metadata/train_metadata.json',
                       'rebalance': False,
                       'rotate': True,
                       'vflip': False},
             'type': 'custom',
             'workers': 8},
 'evaluator': {'eval_dir': '.\\result_eval_temp',
               'key_metric': 'mean_std_auc',
               'metrics': {'auc': [{'name': 'std'},
                                   {'kwargs': {'avgpool_size': [16, 16]},
                                    'name': 'max'},
                                   {'name': 'mean'}]},
               'save_dir': 'result_eval_temp'},
 'exp_path': '.',
 'frozen_layers': ['backbone'],
 'log_path': '.\\log/',
 'net': [{'frozen': True,
          'kwargs': {'outblocks': [1, 5, 9, 21],
                     'outstrides': [2, 4, 8, 16],
                     'pretrained': True},
          'name': 'backbone',
          'type': 'models.backbones.efficientnet_b4'},
         {'kwargs': {'outplanes': [272], 'outstrides': [16]},
          'name': 'neck',
          'prev': 'backbone',
          'type': 'models.necks.MFCN'},
         {'kwargs': {'activation': 'relu',
                     'dim_feedforward': 1024,
                     'dropout': 0.1,
                     'feature_jitter': {'prob': 1.0, 'scale': 20.0},
                     'feature_size': [11, 11],
                     'hidden_dim': 256,
                     'initializer': {'method': 'xavier_uniform'},
                     'neighbor_mask': {'mask': [True, True, True],
                                       'neighbor_size': [7, 7]},
                     'nhead': 8,
                     'normalize_before': False,
                     'num_decoder_layers': 4,
                     'num_encoder_layers': 4,
                     'pos_embed_type': 'learned',
                     'save_recon': False},
          'name': 'reconstruction',
          'prev': 'neck',
          'type': 'models.reconstructions.UniAD'}],
 'port': 11111,
 'random_seed': 133,
 'save_path': '.\\stitch-o_checkpoint/',
 'saver': {'always_save': False,
           'auto_resume': False,
           'load_path': 'stitch-o_checkpoint/ckpt.pth.tar',
           'log_dir': 'log/',
           'save_dir': 'stitch-o_checkpoint/'},
 'trainer': {'clip_max_norm': 0.1,
             'lr_scheduler': {'kwargs': {'gamma': 0.1, 'step_size': 50},
                              'type': 'StepLR'},
             'max_epoch': 250,
             'optimizer': {'kwargs': {'betas': [0.9, 0.999],
                                      'lr': 0.0001,
                                      'weight_decay': 0.0001},
                           'type': 'AdamW'},
             'print_freq_step': 200,
             'tb_freq_step': 1,
             'val_freq_epoch': 10},
 'version': 'v1.0.0'}
[2024-07-15 21:50:02,902][       utils.py][line: 740][    INFO]  not exist, load from https://github.com/lukemelas/EfficientNet-PyTorch/releases/download/1.0/efficientnet-b4-6ed6700e.pth
[2024-07-15 21:50:02,969][       utils.py][line: 761][    INFO] Loaded ImageNet pretrained efficientnet-b4
[2024-07-15 21:50:03,157][   train_val.py][line:  77][    INFO] layers: ['backbone', 'neck', 'reconstruction']
[2024-07-15 21:50:03,157][   train_val.py][line:  78][    INFO] active layers: ['reconstruction', 'neck']
[2024-07-15 21:50:07,347][custom_dataset.py][line:  38][    INFO] building CustomDataset from: ./chunks/metadata/train_metadata.json
[2024-07-15 21:50:07,426][custom_dataset.py][line:  38][    INFO] building CustomDataset from: ./chunks/metadata/test_metadata.json
[2024-07-15 21:50:53,287][   train_val.py][line: 203][ WARNING] NaN or Inf detected in model output at step 57
[2024-07-15 21:50:54,753][   train_val.py][line: 203][ WARNING] NaN or Inf detected in model output at step 64
[2024-07-15 21:50:56,768][   train_val.py][line: 203][ WARNING] NaN or Inf detected in model output at step 74
[2024-07-15 21:50:58,397][   train_val.py][line: 203][ WARNING] NaN or Inf detected in model output at step 82
[2024-07-15 21:51:04,563][   train_val.py][line: 203][ WARNING] NaN or Inf detected in model output at step 113
[2024-07-15 21:51:11,831][   train_val.py][line: 203][ WARNING] NaN or Inf detected in model output at step 150
[2024-07-15 21:51:14,988][   train_val.py][line: 203][ WARNING] NaN or Inf detected in model output at step 166
[2024-07-15 21:51:18,976][   train_val.py][line: 203][ WARNING] NaN or Inf detected in model output at step 186
[2024-07-15 21:51:21,620][   train_val.py][line: 235][    INFO] Epoch: [1/250]	Iter: [200/69500]	Time 0.20 (0.37)	Data 0.00 (0.15)	Loss 11.46908 (nan)	LR 0.00010	
[2024-07-15 21:51:23,792][   train_val.py][line: 203][ WARNING] NaN or Inf detected in model output at step 210
[2024-07-15 21:51:28,417][   train_val.py][line: 203][ WARNING] NaN or Inf detected in model output at step 233
[2024-07-15 21:51:32,229][   train_val.py][line: 203][ WARNING] NaN or Inf detected in model output at step 252
[2024-07-15 21:51:32,625][   train_val.py][line: 203][ WARNING] NaN or Inf detected in model output at step 254
[2024-07-15 21:51:32,826][   train_val.py][line: 203][ WARNING] NaN or Inf detected in model output at step 255
