[2024-07-15 14:48:26,492][   train_val.py][line:  57][    INFO] args: Namespace(config='./stitch-o_config.yaml', evaluate=False)
[2024-07-15 14:48:26,493][   train_val.py][line:  58][    INFO] config: {'criterion': [{'kwargs': {'weight': 1.0},
                'name': 'FeatureMSELoss',
                'type': 'FeatureMSELoss'}],
 'dataset': {'batch_size': 64,
             'image_reader': {'kwargs': {'image_dir': './chunks/'},
                              'type': 'npy'},
             'input_size': [176, 176],
             'normals': [0],
             'test': {'meta_file': './chunks/metadata/test_metadata.json'},
             'train': {'hflip': False,
                       'meta_file': './chunks/metadata/train_metadata.json',
                       'rebalance': False,
                       'rotate': True,
                       'vflip': False},
             'type': 'custom',
             'workers': 8},
 'evaluator': {'eval_dir': '.\\result_eval_temp',
               'key_metric': 'mean_std_auc',
               'metrics': {'auc': [{'name': 'std'},
                                   {'kwargs': {'avgpool_size': [16, 16]},
                                    'name': 'max'},
                                   {'name': 'mean'}]},
               'save_dir': 'result_eval_temp'},
 'exp_path': '.',
 'frozen_layers': ['backbone'],
 'log_path': '.\\log/',
 'net': [{'frozen': True,
          'kwargs': {'outblocks': [1, 5, 9, 21],
                     'outstrides': [2, 4, 8, 16],
                     'pretrained': True},
          'name': 'backbone',
          'type': 'models.backbones.efficientnet_b4'},
         {'kwargs': {'outplanes': [272], 'outstrides': [16]},
          'name': 'neck',
          'prev': 'backbone',
          'type': 'models.necks.MFCN'},
         {'kwargs': {'activation': 'relu',
                     'dim_feedforward': 1024,
                     'dropout': 0.1,
                     'feature_jitter': {'prob': 1.0, 'scale': 20.0},
                     'feature_size': [11, 11],
                     'hidden_dim': 256,
                     'initializer': {'method': 'xavier_uniform'},
                     'neighbor_mask': {'mask': [True, True, True],
                                       'neighbor_size': [7, 7]},
                     'nhead': 8,
                     'normalize_before': False,
                     'num_decoder_layers': 4,
                     'num_encoder_layers': 4,
                     'pos_embed_type': 'learned',
                     'save_recon': False},
          'name': 'reconstruction',
          'prev': 'neck',
          'type': 'models.reconstructions.UniAD'}],
 'port': 11111,
 'random_seed': 133,
 'save_path': '.\\stitch-o_checkpoint/',
 'saver': {'always_save': False,
           'auto_resume': False,
           'load_path': 'stitch-o_checkpoint/ckpt.pth.tar',
           'log_dir': 'log/',
           'save_dir': 'stitch-o_checkpoint/'},
 'trainer': {'clip_max_norm': 0.1,
             'lr_scheduler': {'kwargs': {'gamma': 0.1, 'step_size': 50},
                              'type': 'StepLR'},
             'max_epoch': 250,
             'optimizer': {'kwargs': {'betas': [0.9, 0.999],
                                      'lr': 0.0001,
                                      'weight_decay': 0.0001},
                           'type': 'AdamW'},
             'print_freq_step': 200,
             'tb_freq_step': 1,
             'val_freq_epoch': 10},
 'version': 'v1.0.0'}
[2024-07-15 14:48:26,855][       utils.py][line: 740][    INFO]  not exist, load from https://github.com/lukemelas/EfficientNet-PyTorch/releases/download/1.0/efficientnet-b4-6ed6700e.pth
[2024-07-15 14:48:26,952][       utils.py][line: 761][    INFO] Loaded ImageNet pretrained efficientnet-b4
[2024-07-15 14:48:27,166][   train_val.py][line:  77][    INFO] layers: ['backbone', 'neck', 'reconstruction']
[2024-07-15 14:48:27,167][   train_val.py][line:  78][    INFO] active layers: ['neck', 'reconstruction']
[2024-07-15 14:48:27,170][custom_dataset.py][line:  38][    INFO] building CustomDataset from: ./chunks/metadata/train_metadata.json
[2024-07-15 14:48:27,331][custom_dataset.py][line:  38][    INFO] building CustomDataset from: ./chunks/metadata/test_metadata.json
[2024-07-15 14:49:39,122][   train_val.py][line: 239][    INFO] Epoch: [1/250]	Iter: [200/69500]	Time 0.21 (0.36)	Data 0.00 (0.14)	Loss 3.72709 (8.05572)	LR 0.00010	
[2024-07-15 14:50:49,896][   train_val.py][line: 239][    INFO] Epoch: [2/250]	Iter: [400/69500]	Time 0.20 (0.44)	Data 0.00 (0.23)	Loss 0.95630 (1.47009)	LR 0.00010	
[2024-07-15 14:51:58,845][   train_val.py][line: 239][    INFO] Epoch: [3/250]	Iter: [600/69500]	Time 0.20 (0.85)	Data 0.00 (0.64)	Loss 0.38032 (0.41192)	LR 0.00010	
[2024-07-15 14:52:38,146][   train_val.py][line: 239][    INFO] Epoch: [3/250]	Iter: [800/69500]	Time 0.20 (0.20)	Data 0.00 (0.00)	Loss 0.17453 (0.26103)	LR 0.00010	
[2024-07-15 14:53:46,566][   train_val.py][line: 239][    INFO] Epoch: [4/250]	Iter: [1000/69500]	Time 0.20 (0.37)	Data 0.00 (0.17)	Loss 0.09336 (0.11815)	LR 0.00010	
[2024-07-15 14:54:54,961][   train_val.py][line: 239][    INFO] Epoch: [5/250]	Iter: [1200/69500]	Time 0.19 (0.52)	Data 0.00 (0.32)	Loss 0.05974 (0.06563)	LR 0.00010	
