[2024-07-15 22:58:09,513][   train_val.py][line:  52][    INFO] args: Namespace(config='./stitch-o_config.yaml', evaluate=False)
[2024-07-15 22:58:09,514][   train_val.py][line:  53][    INFO] config: {'criterion': [{'kwargs': {'weight': 1.0},
                'name': 'FeatureMSELoss',
                'type': 'FeatureMSELoss'}],
 'dataset': {'batch_size': 32,
             'image_reader': {'kwargs': {'image_dir': './chunks/'},
                              'type': 'npy'},
             'input_size': [176, 176],
             'normals': [0],
             'test': {'meta_file': './chunks/metadata/test_metadata.json'},
             'train': {'hflip': False,
                       'meta_file': './chunks/metadata/train_metadata.json',
                       'rebalance': False,
                       'rotate': True,
                       'vflip': False},
             'type': 'custom',
             'workers': 8},
 'evaluator': {'eval_dir': '.\\result_eval_temp',
               'key_metric': 'mean_std_auc',
               'metrics': {'auc': [{'name': 'std'},
                                   {'kwargs': {'avgpool_size': [16, 16]},
                                    'name': 'max'},
                                   {'name': 'mean'}]},
               'save_dir': 'result_eval_temp'},
 'exp_path': '.',
 'frozen_layers': ['backbone'],
 'log_path': '.\\log/',
 'net': [{'frozen': True,
          'kwargs': {'outblocks': [1, 5, 9, 21],
                     'outstrides': [2, 4, 8, 16],
                     'pretrained': True},
          'name': 'backbone',
          'type': 'models.backbones.efficientnet_b4'},
         {'kwargs': {'outplanes': [272], 'outstrides': [16]},
          'name': 'neck',
          'prev': 'backbone',
          'type': 'models.necks.MFCN'},
         {'kwargs': {'activation': 'relu',
                     'dim_feedforward': 1024,
                     'dropout': 0.1,
                     'feature_jitter': {'prob': 1.0, 'scale': 20.0},
                     'feature_size': [11, 11],
                     'hidden_dim': 256,
                     'initializer': {'method': 'xavier_uniform'},
                     'neighbor_mask': {'mask': [True, True, True],
                                       'neighbor_size': [7, 7]},
                     'nhead': 8,
                     'normalize_before': False,
                     'num_decoder_layers': 4,
                     'num_encoder_layers': 4,
                     'pos_embed_type': 'learned',
                     'save_recon': False},
          'name': 'reconstruction',
          'prev': 'neck',
          'type': 'models.reconstructions.UniAD'}],
 'port': 11111,
 'random_seed': 133,
 'save_path': '.\\stitch-o_checkpoint/',
 'saver': {'always_save': False,
           'auto_resume': False,
           'load_path': 'stitch-o_checkpoint/ckpt.pth.tar',
           'log_dir': 'log/',
           'save_dir': 'stitch-o_checkpoint/'},
 'trainer': {'clip_max_norm': 0.1,
             'lr_scheduler': {'kwargs': {'gamma': 0.1, 'step_size': 50},
                              'type': 'StepLR'},
             'max_epoch': 250,
             'optimizer': {'kwargs': {'betas': [0.9, 0.999],
                                      'lr': 0.0001,
                                      'weight_decay': 0.0001},
                           'type': 'AdamW'},
             'print_freq_step': 200,
             'tb_freq_step': 1,
             'val_freq_epoch': 10},
 'version': 'v1.0.0'}
[2024-07-15 22:58:09,794][       utils.py][line: 740][    INFO]  not exist, load from https://github.com/lukemelas/EfficientNet-PyTorch/releases/download/1.0/efficientnet-b4-6ed6700e.pth
[2024-07-15 22:58:09,867][       utils.py][line: 761][    INFO] Loaded ImageNet pretrained efficientnet-b4
[2024-07-15 22:58:10,051][   train_val.py][line:  72][    INFO] layers: ['backbone', 'neck', 'reconstruction']
[2024-07-15 22:58:10,052][   train_val.py][line:  73][    INFO] active layers: ['neck', 'reconstruction']
[2024-07-15 22:58:14,762][custom_dataset.py][line:  38][    INFO] building CustomDataset from: ./chunks/metadata/train_metadata.json
[2024-07-15 22:58:14,827][custom_dataset.py][line:  38][    INFO] building CustomDataset from: ./chunks/metadata/test_metadata.json
[2024-07-15 22:59:01,728][   train_val.py][line: 219][    INFO] Epoch: [1/250]	Iter: [200/138750]	Time 0.08 (0.23)	Data 0.00 (0.14)	Loss 12.83293 (15.48348)	LR 0.00010	
[2024-07-15 22:59:18,249][   train_val.py][line: 219][    INFO] Epoch: [1/250]	Iter: [400/138750]	Time 0.09 (0.08)	Data 0.00 (0.00)	Loss 11.03296 (11.87469)	LR 0.00010	
[2024-07-15 23:00:04,353][   train_val.py][line: 219][    INFO] Epoch: [2/250]	Iter: [600/138750]	Time 0.08 (0.70)	Data 0.00 (0.61)	Loss 10.11770 (10.60676)	LR 0.00010	
[2024-07-15 23:00:21,076][   train_val.py][line: 219][    INFO] Epoch: [2/250]	Iter: [800/138750]	Time 0.08 (0.08)	Data 0.00 (0.00)	Loss 9.84508 (10.30794)	LR 0.00010	
[2024-07-15 23:00:37,666][   train_val.py][line: 219][    INFO] Epoch: [2/250]	Iter: [1000/138750]	Time 0.08 (0.08)	Data 0.00 (0.00)	Loss 9.89811 (9.86113)	LR 0.00010	
[2024-07-15 23:01:22,755][   train_val.py][line: 219][    INFO] Epoch: [3/250]	Iter: [1200/138750]	Time 0.08 (0.39)	Data 0.00 (0.30)	Loss 9.41387 (9.52730)	LR 0.00010	
[2024-07-15 23:01:39,381][   train_val.py][line: 219][    INFO] Epoch: [3/250]	Iter: [1400/138750]	Time 0.08 (0.08)	Data 0.00 (0.00)	Loss 9.27149 (9.27783)	LR 0.00010	
[2024-07-15 23:01:55,904][   train_val.py][line: 219][    INFO] Epoch: [3/250]	Iter: [1600/138750]	Time 0.08 (0.08)	Data 0.00 (0.00)	Loss 8.90109 (9.06587)	LR 0.00010	
[2024-07-15 23:02:41,713][   train_val.py][line: 219][    INFO] Epoch: [4/250]	Iter: [1800/138750]	Time 0.08 (0.29)	Data 0.00 (0.21)	Loss 8.80159 (8.86618)	LR 0.00010	
[2024-07-15 23:02:59,133][   train_val.py][line: 219][    INFO] Epoch: [4/250]	Iter: [2000/138750]	Time 0.11 (0.09)	Data 0.00 (0.00)	Loss 9.23225 (8.73758)	LR 0.00010	
[2024-07-15 23:03:16,108][   train_val.py][line: 219][    INFO] Epoch: [4/250]	Iter: [2200/138750]	Time 0.08 (0.08)	Data 0.00 (0.00)	Loss 8.85936 (8.63544)	LR 0.00010	
[2024-07-15 23:04:09,242][   train_val.py][line: 219][    INFO] Epoch: [5/250]	Iter: [2400/138750]	Time 0.08 (0.28)	Data 0.00 (0.19)	Loss 8.30505 (8.53978)	LR 0.00010	
[2024-07-15 23:04:27,276][   train_val.py][line: 219][    INFO] Epoch: [5/250]	Iter: [2600/138750]	Time 0.09 (0.09)	Data 0.00 (0.00)	Loss 8.37510 (8.39280)	LR 0.00010	
[2024-07-15 23:05:15,225][   train_val.py][line: 219][    INFO] Epoch: [6/250]	Iter: [2800/138750]	Time 0.08 (1.26)	Data 0.00 (1.17)	Loss 8.59589 (8.25722)	LR 0.00010	
[2024-07-15 23:05:31,688][   train_val.py][line: 219][    INFO] Epoch: [6/250]	Iter: [3000/138750]	Time 0.08 (0.08)	Data 0.00 (0.00)	Loss 8.18339 (8.22768)	LR 0.00010	
[2024-07-15 23:05:48,241][   train_val.py][line: 219][    INFO] Epoch: [6/250]	Iter: [3200/138750]	Time 0.08 (0.08)	Data 0.00 (0.00)	Loss 8.60129 (8.18242)	LR 0.00010	
[2024-07-15 23:06:33,407][   train_val.py][line: 219][    INFO] Epoch: [7/250]	Iter: [3400/138750]	Time 0.08 (0.48)	Data 0.00 (0.39)	Loss 8.38942 (8.07186)	LR 0.00010	
[2024-07-15 23:06:49,927][   train_val.py][line: 219][    INFO] Epoch: [7/250]	Iter: [3600/138750]	Time 0.08 (0.08)	Data 0.00 (0.00)	Loss 8.36148 (8.04553)	LR 0.00010	
[2024-07-15 23:07:06,508][   train_val.py][line: 219][    INFO] Epoch: [7/250]	Iter: [3800/138750]	Time 0.08 (0.08)	Data 0.00 (0.00)	Loss 7.95968 (7.97873)	LR 0.00010	
[2024-07-15 23:07:51,826][   train_val.py][line: 219][    INFO] Epoch: [8/250]	Iter: [4000/138750]	Time 0.08 (0.33)	Data 0.00 (0.24)	Loss 8.04798 (7.92711)	LR 0.00010	
[2024-07-15 23:08:08,433][   train_val.py][line: 219][    INFO] Epoch: [8/250]	Iter: [4200/138750]	Time 0.08 (0.08)	Data 0.00 (0.00)	Loss 7.88287 (7.88663)	LR 0.00010	
[2024-07-15 23:08:25,043][   train_val.py][line: 219][    INFO] Epoch: [8/250]	Iter: [4400/138750]	Time 0.08 (0.08)	Data 0.00 (0.00)	Loss 7.62651 (7.82268)	LR 0.00010	
[2024-07-15 23:09:10,028][   train_val.py][line: 219][    INFO] Epoch: [9/250]	Iter: [4600/138750]	Time 0.08 (0.26)	Data 0.00 (0.17)	Loss 8.13274 (7.81999)	LR 0.00010	
[2024-07-15 23:09:26,696][   train_val.py][line: 219][    INFO] Epoch: [9/250]	Iter: [4800/138750]	Time 0.08 (0.08)	Data 0.00 (0.00)	Loss 7.64236 (7.74051)	LR 0.00010	
[2024-07-15 23:10:11,905][   train_val.py][line: 219][    INFO] Epoch: [10/250]	Iter: [5000/138750]	Time 0.08 (5.66)	Data 0.00 (5.51)	Loss 7.78962 (7.83531)	LR 0.00010	
[2024-07-15 23:10:28,430][   train_val.py][line: 219][    INFO] Epoch: [10/250]	Iter: [5200/138750]	Time 0.08 (0.08)	Data 0.00 (0.00)	Loss 7.92202 (7.67099)	LR 0.00010	
[2024-07-15 23:10:45,175][   train_val.py][line: 219][    INFO] Epoch: [10/250]	Iter: [5400/138750]	Time 0.08 (0.08)	Data 0.00 (0.00)	Loss 7.84031 (7.64530)	LR 0.00010	
[2024-07-15 23:11:36,369][   train_val.py][line: 282][    INFO] Gathering final results ...
[2024-07-15 23:11:36,370][   train_val.py][line: 284][    INFO]  * Loss 6.12155	total_num=2039.0
[2024-07-15 23:11:54,763][ eval_helper.py][line: 224][    INFO] 
|  clsname  |   max    |   mean   |   std    |
|:---------:|:--------:|:--------:|:--------:|
| UOG_1676  | 0.604169 | 0.640334 | 0.56217  |
| UOG_2057  | 0.573734 | 0.55868  | 0.59768  |
| UOG_1996  | 0.652222 | 0.669331 | 0.619106 |
|   mean    | 0.610041 | 0.622782 | 0.592985 |
[2024-07-15 23:11:54,778][   train_val.py][line: 130][    INFO] best_metric = 0.5929854463377614
[2024-07-15 23:12:26,936][   train_val.py][line: 219][    INFO] Epoch: [11/250]	Iter: [5600/138750]	Time 0.08 (0.64)	Data 0.00 (0.55)	Loss 7.56228 (7.53001)	LR 0.00010	
[2024-07-15 23:12:43,463][   train_val.py][line: 219][    INFO] Epoch: [11/250]	Iter: [5800/138750]	Time 0.08 (0.08)	Data 0.00 (0.00)	Loss 7.50430 (7.58132)	LR 0.00010	
[2024-07-15 23:13:00,095][   train_val.py][line: 219][    INFO] Epoch: [11/250]	Iter: [6000/138750]	Time 0.11 (0.08)	Data 0.00 (0.00)	Loss 7.39271 (7.54460)	LR 0.00010	
[2024-07-15 23:13:46,216][   train_val.py][line: 219][    INFO] Epoch: [12/250]	Iter: [6200/138750]	Time 0.08 (0.39)	Data 0.00 (0.30)	Loss 7.46265 (7.46636)	LR 0.00010	
[2024-07-15 23:14:03,334][   train_val.py][line: 219][    INFO] Epoch: [12/250]	Iter: [6400/138750]	Time 0.08 (0.09)	Data 0.00 (0.00)	Loss 7.52815 (7.46828)	LR 0.00010	
[2024-07-15 23:14:20,285][   train_val.py][line: 219][    INFO] Epoch: [12/250]	Iter: [6600/138750]	Time 0.08 (0.08)	Data 0.00 (0.00)	Loss 7.35760 (7.46141)	LR 0.00010	
[2024-07-15 23:15:06,543][   train_val.py][line: 219][    INFO] Epoch: [13/250]	Iter: [6800/138750]	Time 0.08 (0.29)	Data 0.00 (0.20)	Loss 7.38631 (7.41189)	LR 0.00010	
[2024-07-15 23:15:23,176][   train_val.py][line: 219][    INFO] Epoch: [13/250]	Iter: [7000/138750]	Time 0.09 (0.08)	Data 0.00 (0.00)	Loss 7.59141 (7.39736)	LR 0.00010	
[2024-07-15 23:15:39,806][   train_val.py][line: 219][    INFO] Epoch: [13/250]	Iter: [7200/138750]	Time 0.08 (0.08)	Data 0.00 (0.00)	Loss 7.49167 (7.37604)	LR 0.00010	
[2024-07-15 23:16:24,992][   train_val.py][line: 219][    INFO] Epoch: [14/250]	Iter: [7400/138750]	Time 0.08 (0.23)	Data 0.00 (0.15)	Loss 6.96916 (7.34923)	LR 0.00010	
[2024-07-15 23:16:41,727][   train_val.py][line: 219][    INFO] Epoch: [14/250]	Iter: [7600/138750]	Time 0.08 (0.08)	Data 0.00 (0.00)	Loss 7.31364 (7.31158)	LR 0.00010	
[2024-07-15 23:17:27,009][   train_val.py][line: 219][    INFO] Epoch: [15/250]	Iter: [7800/138750]	Time 0.09 (1.01)	Data 0.00 (0.92)	Loss 7.28336 (7.33528)	LR 0.00010	
[2024-07-15 23:17:43,575][   train_val.py][line: 219][    INFO] Epoch: [15/250]	Iter: [8000/138750]	Time 0.08 (0.08)	Data 0.00 (0.00)	Loss 7.68073 (7.28548)	LR 0.00010	
[2024-07-15 23:18:00,372][   train_val.py][line: 219][    INFO] Epoch: [15/250]	Iter: [8200/138750]	Time 0.08 (0.08)	Data 0.00 (0.00)	Loss 7.32116 (7.26927)	LR 0.00010	
[2024-07-15 23:18:45,693][   train_val.py][line: 219][    INFO] Epoch: [16/250]	Iter: [8400/138750]	Time 0.08 (0.45)	Data 0.00 (0.37)	Loss 7.33801 (7.22498)	LR 0.00010	
[2024-07-15 23:19:02,424][   train_val.py][line: 219][    INFO] Epoch: [16/250]	Iter: [8600/138750]	Time 0.08 (0.08)	Data 0.00 (0.00)	Loss 6.93500 (7.23226)	LR 0.00010	
[2024-07-15 23:19:19,055][   train_val.py][line: 219][    INFO] Epoch: [16/250]	Iter: [8800/138750]	Time 0.08 (0.08)	Data 0.00 (0.00)	Loss 7.00347 (7.21164)	LR 0.00010	
[2024-07-15 23:20:04,671][   train_val.py][line: 219][    INFO] Epoch: [17/250]	Iter: [9000/138750]	Time 0.08 (0.32)	Data 0.00 (0.23)	Loss 7.11707 (7.16515)	LR 0.00010	
[2024-07-15 23:20:21,320][   train_val.py][line: 219][    INFO] Epoch: [17/250]	Iter: [9200/138750]	Time 0.09 (0.08)	Data 0.00 (0.00)	Loss 7.20700 (7.16401)	LR 0.00010	
[2024-07-15 23:20:38,059][   train_val.py][line: 219][    INFO] Epoch: [17/250]	Iter: [9400/138750]	Time 0.08 (0.08)	Data 0.00 (0.00)	Loss 7.22538 (7.15874)	LR 0.00010	
[2024-07-15 23:21:23,282][   train_val.py][line: 219][    INFO] Epoch: [18/250]	Iter: [9600/138750]	Time 0.08 (0.25)	Data 0.00 (0.17)	Loss 7.20297 (7.12617)	LR 0.00010	
[2024-07-15 23:21:39,920][   train_val.py][line: 219][    INFO] Epoch: [18/250]	Iter: [9800/138750]	Time 0.08 (0.08)	Data 0.00 (0.00)	Loss 7.15987 (7.11703)	LR 0.00010	
[2024-07-15 23:22:25,060][   train_val.py][line: 219][    INFO] Epoch: [19/250]	Iter: [10000/138750]	Time 0.08 (2.87)	Data 0.00 (2.75)	Loss 7.15612 (7.21107)	LR 0.00010	
[2024-07-15 23:22:41,854][   train_val.py][line: 219][    INFO] Epoch: [19/250]	Iter: [10200/138750]	Time 0.09 (0.08)	Data 0.00 (0.00)	Loss 7.58682 (7.08271)	LR 0.00010	
[2024-07-15 23:22:58,569][   train_val.py][line: 219][    INFO] Epoch: [19/250]	Iter: [10400/138750]	Time 0.08 (0.08)	Data 0.00 (0.00)	Loss 6.97269 (7.06895)	LR 0.00010	
[2024-07-15 23:23:43,798][   train_val.py][line: 219][    INFO] Epoch: [20/250]	Iter: [10600/138750]	Time 0.08 (0.59)	Data 0.00 (0.50)	Loss 6.63482 (7.04669)	LR 0.00010	
[2024-07-15 23:24:00,423][   train_val.py][line: 219][    INFO] Epoch: [20/250]	Iter: [10800/138750]	Time 0.08 (0.08)	Data 0.00 (0.00)	Loss 6.95368 (7.03426)	LR 0.00010	
[2024-07-15 23:24:17,133][   train_val.py][line: 219][    INFO] Epoch: [20/250]	Iter: [11000/138750]	Time 0.08 (0.08)	Data 0.00 (0.00)	Loss 7.29746 (7.03406)	LR 0.00010	
[2024-07-15 23:25:02,671][   train_val.py][line: 282][    INFO] Gathering final results ...
[2024-07-15 23:25:02,672][   train_val.py][line: 284][    INFO]  * Loss 5.43767	total_num=2039.0
[2024-07-15 23:25:21,039][ eval_helper.py][line: 224][    INFO] 
|  clsname  |   max    |   mean   |   std    |
|:---------:|:--------:|:--------:|:--------:|
| UOG_1676  | 0.603777 | 0.638727 | 0.559362 |
| UOG_2057  | 0.574244 | 0.567214 | 0.599844 |
| UOG_1996  | 0.662147 |  0.6664  | 0.641735 |
|   mean    | 0.613389 | 0.624114 | 0.600314 |
[2024-07-15 23:25:21,067][   train_val.py][line: 130][    INFO] best_metric = 0.6003137700116931
[2024-07-15 23:25:57,497][   train_val.py][line: 219][    INFO] Epoch: [21/250]	Iter: [11200/138750]	Time 0.08 (0.36)	Data 0.00 (0.27)	Loss 6.80976 (7.02634)	LR 0.00010	
[2024-07-15 23:26:14,004][   train_val.py][line: 219][    INFO] Epoch: [21/250]	Iter: [11400/138750]	Time 0.08 (0.08)	Data 0.00 (0.00)	Loss 6.96637 (7.00220)	LR 0.00010	
[2024-07-15 23:26:30,671][   train_val.py][line: 219][    INFO] Epoch: [21/250]	Iter: [11600/138750]	Time 0.08 (0.08)	Data 0.00 (0.00)	Loss 7.00780 (6.97576)	LR 0.00010	
[2024-07-15 23:27:15,846][   train_val.py][line: 219][    INFO] Epoch: [22/250]	Iter: [11800/138750]	Time 0.08 (0.27)	Data 0.00 (0.19)	Loss 6.80038 (6.98228)	LR 0.00010	
[2024-07-15 23:27:32,461][   train_val.py][line: 219][    INFO] Epoch: [22/250]	Iter: [12000/138750]	Time 0.08 (0.08)	Data 0.00 (0.00)	Loss 6.82578 (6.96266)	LR 0.00010	
[2024-07-15 23:27:49,195][   train_val.py][line: 219][    INFO] Epoch: [22/250]	Iter: [12200/138750]	Time 0.08 (0.08)	Data 0.00 (0.00)	Loss 6.94606 (6.91620)	LR 0.00010	
[2024-07-15 23:28:34,531][   train_val.py][line: 219][    INFO] Epoch: [23/250]	Iter: [12400/138750]	Time 0.08 (0.23)	Data 0.00 (0.15)	Loss 7.29338 (6.91421)	LR 0.00010	
[2024-07-15 23:28:51,422][   train_val.py][line: 219][    INFO] Epoch: [23/250]	Iter: [12600/138750]	Time 0.08 (0.08)	Data 0.00 (0.00)	Loss 6.83020 (6.91321)	LR 0.00010	
[2024-07-15 23:29:36,765][   train_val.py][line: 219][    INFO] Epoch: [24/250]	Iter: [12800/138750]	Time 0.08 (0.88)	Data 0.00 (0.79)	Loss 7.43727 (6.94745)	LR 0.00010	
[2024-07-15 23:29:53,523][   train_val.py][line: 219][    INFO] Epoch: [24/250]	Iter: [13000/138750]	Time 0.08 (0.08)	Data 0.00 (0.00)	Loss 6.87598 (6.88892)	LR 0.00010	
[2024-07-15 23:30:10,169][   train_val.py][line: 219][    INFO] Epoch: [24/250]	Iter: [13200/138750]	Time 0.08 (0.08)	Data 0.00 (0.00)	Loss 6.52353 (6.87955)	LR 0.00010	
[2024-07-15 23:30:55,291][   train_val.py][line: 219][    INFO] Epoch: [25/250]	Iter: [13400/138750]	Time 0.11 (0.43)	Data 0.00 (0.35)	Loss 6.97900 (6.86947)	LR 0.00010	
[2024-07-15 23:31:11,851][   train_val.py][line: 219][    INFO] Epoch: [25/250]	Iter: [13600/138750]	Time 0.08 (0.08)	Data 0.00 (0.00)	Loss 6.88472 (6.84237)	LR 0.00010	
[2024-07-15 23:31:28,467][   train_val.py][line: 219][    INFO] Epoch: [25/250]	Iter: [13800/138750]	Time 0.08 (0.08)	Data 0.00 (0.00)	Loss 7.06634 (6.83700)	LR 0.00010	
[2024-07-15 23:32:13,972][   train_val.py][line: 219][    INFO] Epoch: [26/250]	Iter: [14000/138750]	Time 0.08 (0.31)	Data 0.00 (0.22)	Loss 6.50443 (6.83357)	LR 0.00010	
[2024-07-15 23:32:30,646][   train_val.py][line: 219][    INFO] Epoch: [26/250]	Iter: [14200/138750]	Time 0.09 (0.08)	Data 0.00 (0.00)	Loss 6.77277 (6.81525)	LR 0.00010	
[2024-07-15 23:32:47,345][   train_val.py][line: 219][    INFO] Epoch: [26/250]	Iter: [14400/138750]	Time 0.08 (0.08)	Data 0.00 (0.00)	Loss 6.75956 (6.81575)	LR 0.00010	
[2024-07-15 23:33:32,580][   train_val.py][line: 219][    INFO] Epoch: [27/250]	Iter: [14600/138750]	Time 0.08 (0.25)	Data 0.00 (0.16)	Loss 6.65392 (6.78656)	LR 0.00010	
[2024-07-15 23:33:49,305][   train_val.py][line: 219][    INFO] Epoch: [27/250]	Iter: [14800/138750]	Time 0.09 (0.08)	Data 0.00 (0.00)	Loss 6.79721 (6.79718)	LR 0.00010	
[2024-07-15 23:34:34,894][   train_val.py][line: 219][    INFO] Epoch: [28/250]	Iter: [15000/138750]	Time 0.08 (1.96)	Data 0.00 (1.85)	Loss 6.52119 (6.83834)	LR 0.00010	
[2024-07-15 23:34:51,568][   train_val.py][line: 219][    INFO] Epoch: [28/250]	Iter: [15200/138750]	Time 0.08 (0.08)	Data 0.00 (0.00)	Loss 6.87444 (6.75666)	LR 0.00010	
[2024-07-15 23:35:08,355][   train_val.py][line: 219][    INFO] Epoch: [28/250]	Iter: [15400/138750]	Time 0.08 (0.08)	Data 0.00 (0.00)	Loss 7.15092 (6.76586)	LR 0.00010	
[2024-07-15 23:35:53,899][   train_val.py][line: 219][    INFO] Epoch: [29/250]	Iter: [15600/138750]	Time 0.08 (0.55)	Data 0.00 (0.46)	Loss 6.68596 (6.75707)	LR 0.00010	
[2024-07-15 23:36:10,534][   train_val.py][line: 219][    INFO] Epoch: [29/250]	Iter: [15800/138750]	Time 0.08 (0.08)	Data 0.00 (0.00)	Loss 6.59445 (6.75636)	LR 0.00010	
[2024-07-15 23:36:27,226][   train_val.py][line: 219][    INFO] Epoch: [29/250]	Iter: [16000/138750]	Time 0.09 (0.08)	Data 0.00 (0.00)	Loss 6.82102 (6.71233)	LR 0.00010	
[2024-07-15 23:37:12,363][   train_val.py][line: 219][    INFO] Epoch: [30/250]	Iter: [16200/138750]	Time 0.08 (0.35)	Data 0.00 (0.26)	Loss 6.69801 (6.70204)	LR 0.00010	
[2024-07-15 23:37:29,052][   train_val.py][line: 219][    INFO] Epoch: [30/250]	Iter: [16400/138750]	Time 0.08 (0.08)	Data 0.00 (0.00)	Loss 6.61752 (6.72317)	LR 0.00010	
[2024-07-15 23:37:45,762][   train_val.py][line: 219][    INFO] Epoch: [30/250]	Iter: [16600/138750]	Time 0.08 (0.08)	Data 0.00 (0.00)	Loss 6.81652 (6.71213)	LR 0.00010	
[2024-07-15 23:38:27,192][   train_val.py][line: 282][    INFO] Gathering final results ...
[2024-07-15 23:38:27,192][   train_val.py][line: 284][    INFO]  * Loss 5.21650	total_num=2039.0
[2024-07-15 23:38:45,553][ eval_helper.py][line: 224][    INFO] 
|  clsname  |   max    |   mean   |   std    |
|:---------:|:--------:|:--------:|:--------:|
| UOG_1676  | 0.606158 | 0.642274 | 0.557066 |
| UOG_2057  | 0.575146 | 0.570188 | 0.597019 |
| UOG_1996  | 0.65402  | 0.652682 | 0.633672 |
|   mean    | 0.611775 | 0.621714 | 0.595919 |
[2024-07-15 23:38:45,573][   train_val.py][line: 130][    INFO] best_metric = 0.6003137700116931
[2024-07-15 23:39:25,838][   train_val.py][line: 219][    INFO] Epoch: [31/250]	Iter: [16800/138750]	Time 0.09 (0.27)	Data 0.00 (0.18)	Loss 6.86757 (6.70753)	LR 0.00010	
[2024-07-15 23:39:42,463][   train_val.py][line: 219][    INFO] Epoch: [31/250]	Iter: [17000/138750]	Time 0.08 (0.08)	Data 0.00 (0.00)	Loss 6.72757 (6.67116)	LR 0.00010	
[2024-07-15 23:39:59,076][   train_val.py][line: 219][    INFO] Epoch: [31/250]	Iter: [17200/138750]	Time 0.08 (0.08)	Data 0.00 (0.00)	Loss 6.46912 (6.69475)	LR 0.00010	
[2024-07-15 23:40:44,389][   train_val.py][line: 219][    INFO] Epoch: [32/250]	Iter: [17400/138750]	Time 0.08 (0.23)	Data 0.00 (0.14)	Loss 6.93519 (6.67196)	LR 0.00010	
[2024-07-15 23:41:01,125][   train_val.py][line: 219][    INFO] Epoch: [32/250]	Iter: [17600/138750]	Time 0.08 (0.08)	Data 0.00 (0.00)	Loss 6.68924 (6.67899)	LR 0.00010	
[2024-07-15 23:41:46,353][   train_val.py][line: 219][    INFO] Epoch: [33/250]	Iter: [17800/138750]	Time 0.08 (0.78)	Data 0.00 (0.69)	Loss 6.67655 (6.67068)	LR 0.00010	
[2024-07-15 23:42:03,011][   train_val.py][line: 219][    INFO] Epoch: [33/250]	Iter: [18000/138750]	Time 0.08 (0.08)	Data 0.00 (0.00)	Loss 6.66031 (6.65739)	LR 0.00010	
[2024-07-15 23:42:19,907][   train_val.py][line: 219][    INFO] Epoch: [33/250]	Iter: [18200/138750]	Time 0.08 (0.08)	Data 0.00 (0.00)	Loss 6.64963 (6.64272)	LR 0.00010	
[2024-07-15 23:43:05,532][   train_val.py][line: 219][    INFO] Epoch: [34/250]	Iter: [18400/138750]	Time 0.08 (0.41)	Data 0.00 (0.33)	Loss 6.90981 (6.63934)	LR 0.00010	
[2024-07-15 23:43:22,207][   train_val.py][line: 219][    INFO] Epoch: [34/250]	Iter: [18600/138750]	Time 0.09 (0.08)	Data 0.00 (0.00)	Loss 6.70125 (6.64376)	LR 0.00010	
[2024-07-15 23:43:38,931][   train_val.py][line: 219][    INFO] Epoch: [34/250]	Iter: [18800/138750]	Time 0.08 (0.08)	Data 0.00 (0.00)	Loss 6.46740 (6.62861)	LR 0.00010	
[2024-07-15 23:44:24,675][   train_val.py][line: 219][    INFO] Epoch: [35/250]	Iter: [19000/138750]	Time 0.11 (0.30)	Data 0.00 (0.21)	Loss 6.78607 (6.63373)	LR 0.00010	
[2024-07-15 23:44:41,470][   train_val.py][line: 219][    INFO] Epoch: [35/250]	Iter: [19200/138750]	Time 0.09 (0.08)	Data 0.00 (0.00)	Loss 6.47513 (6.60154)	LR 0.00010	
[2024-07-15 23:44:58,215][   train_val.py][line: 219][    INFO] Epoch: [35/250]	Iter: [19400/138750]	Time 0.08 (0.08)	Data 0.00 (0.00)	Loss 6.68209 (6.61599)	LR 0.00010	
[2024-07-15 23:45:43,560][   train_val.py][line: 219][    INFO] Epoch: [36/250]	Iter: [19600/138750]	Time 0.08 (0.24)	Data 0.00 (0.16)	Loss 6.55622 (6.57114)	LR 0.00010	
[2024-07-15 23:46:00,645][   train_val.py][line: 219][    INFO] Epoch: [36/250]	Iter: [19800/138750]	Time 0.08 (0.09)	Data 0.00 (0.00)	Loss 6.65353 (6.61619)	LR 0.00010	
[2024-07-15 23:46:46,257][   train_val.py][line: 219][    INFO] Epoch: [37/250]	Iter: [20000/138750]	Time 0.09 (1.49)	Data 0.00 (1.38)	Loss 6.33080 (6.65051)	LR 0.00010	
[2024-07-15 23:47:03,155][   train_val.py][line: 219][    INFO] Epoch: [37/250]	Iter: [20200/138750]	Time 0.08 (0.08)	Data 0.00 (0.00)	Loss 6.83704 (6.57662)	LR 0.00010	
[2024-07-15 23:47:19,929][   train_val.py][line: 219][    INFO] Epoch: [37/250]	Iter: [20400/138750]	Time 0.08 (0.08)	Data 0.00 (0.00)	Loss 6.33483 (6.57626)	LR 0.00010	
[2024-07-15 23:48:05,593][   train_val.py][line: 219][    INFO] Epoch: [38/250]	Iter: [20600/138750]	Time 0.08 (0.52)	Data 0.00 (0.43)	Loss 6.60708 (6.57238)	LR 0.00010	
[2024-07-15 23:48:22,449][   train_val.py][line: 219][    INFO] Epoch: [38/250]	Iter: [20800/138750]	Time 0.09 (0.08)	Data 0.00 (0.00)	Loss 6.62124 (6.56055)	LR 0.00010	
[2024-07-15 23:48:39,248][   train_val.py][line: 219][    INFO] Epoch: [38/250]	Iter: [21000/138750]	Time 0.09 (0.08)	Data 0.00 (0.00)	Loss 6.76512 (6.56548)	LR 0.00010	
[2024-07-15 23:49:24,520][   train_val.py][line: 219][    INFO] Epoch: [39/250]	Iter: [21200/138750]	Time 0.08 (0.34)	Data 0.00 (0.25)	Loss 6.39941 (6.53521)	LR 0.00010	
[2024-07-15 23:49:41,394][   train_val.py][line: 219][    INFO] Epoch: [39/250]	Iter: [21400/138750]	Time 0.08 (0.08)	Data 0.00 (0.00)	Loss 6.63134 (6.54373)	LR 0.00010	
[2024-07-15 23:49:58,296][   train_val.py][line: 219][    INFO] Epoch: [39/250]	Iter: [21600/138750]	Time 0.09 (0.08)	Data 0.00 (0.00)	Loss 6.51433 (6.55799)	LR 0.00010	
[2024-07-15 23:50:43,542][   train_val.py][line: 219][    INFO] Epoch: [40/250]	Iter: [21800/138750]	Time 0.08 (0.26)	Data 0.00 (0.18)	Loss 6.29167 (6.54934)	LR 0.00010	
[2024-07-15 23:51:00,317][   train_val.py][line: 219][    INFO] Epoch: [40/250]	Iter: [22000/138750]	Time 0.08 (0.08)	Data 0.00 (0.00)	Loss 6.47735 (6.52650)	LR 0.00010	
[2024-07-15 23:51:17,040][   train_val.py][line: 219][    INFO] Epoch: [40/250]	Iter: [22200/138750]	Time 0.07 (0.08)	Data 0.00 (0.00)	Loss 6.14097 (6.52840)	LR 0.00010	
[2024-07-15 23:51:54,133][   train_val.py][line: 282][    INFO] Gathering final results ...
[2024-07-15 23:51:54,133][   train_val.py][line: 284][    INFO]  * Loss 5.03729	total_num=2039.0
[2024-07-15 23:52:12,422][ eval_helper.py][line: 224][    INFO] 
|  clsname  |   max    |   mean   |   std    |
|:---------:|:--------:|:--------:|:--------:|
| UOG_1676  | 0.602621 | 0.638281 | 0.55468  |
| UOG_2057  | 0.576197 | 0.573764 | 0.605673 |
| UOG_1996  | 0.649216 | 0.646662 | 0.633229 |
|   mean    | 0.609345 | 0.619569 | 0.59786  |
[2024-07-15 23:52:12,454][   train_val.py][line: 130][    INFO] best_metric = 0.6003137700116931
[2024-07-15 23:52:57,293][   train_val.py][line: 219][    INFO] Epoch: [41/250]	Iter: [22400/138750]	Time 0.09 (0.22)	Data 0.00 (0.14)	Loss 6.50598 (6.50972)	LR 0.00010	
[2024-07-15 23:53:14,115][   train_val.py][line: 219][    INFO] Epoch: [41/250]	Iter: [22600/138750]	Time 0.09 (0.08)	Data 0.00 (0.00)	Loss 6.36894 (6.51402)	LR 0.00010	
[2024-07-15 23:53:59,547][   train_val.py][line: 219][    INFO] Epoch: [42/250]	Iter: [22800/138750]	Time 0.08 (0.70)	Data 0.00 (0.61)	Loss 6.38822 (6.48361)	LR 0.00010	
[2024-07-15 23:54:16,244][   train_val.py][line: 219][    INFO] Epoch: [42/250]	Iter: [23000/138750]	Time 0.08 (0.08)	Data 0.00 (0.00)	Loss 6.25698 (6.50472)	LR 0.00010	
[2024-07-15 23:54:32,989][   train_val.py][line: 219][    INFO] Epoch: [42/250]	Iter: [23200/138750]	Time 0.08 (0.08)	Data 0.00 (0.00)	Loss 6.62537 (6.51189)	LR 0.00010	
[2024-07-15 23:55:18,274][   train_val.py][line: 219][    INFO] Epoch: [43/250]	Iter: [23400/138750]	Time 0.08 (0.39)	Data 0.00 (0.31)	Loss 6.65564 (6.51860)	LR 0.00010	
[2024-07-15 23:55:35,038][   train_val.py][line: 219][    INFO] Epoch: [43/250]	Iter: [23600/138750]	Time 0.08 (0.08)	Data 0.00 (0.00)	Loss 6.14553 (6.48372)	LR 0.00010	
[2024-07-15 23:55:51,750][   train_val.py][line: 219][    INFO] Epoch: [43/250]	Iter: [23800/138750]	Time 0.08 (0.08)	Data 0.00 (0.00)	Loss 6.79723 (6.49109)	LR 0.00010	
[2024-07-15 23:56:37,047][   train_val.py][line: 219][    INFO] Epoch: [44/250]	Iter: [24000/138750]	Time 0.08 (0.29)	Data 0.00 (0.21)	Loss 6.27550 (6.50018)	LR 0.00010	
[2024-07-15 23:56:53,857][   train_val.py][line: 219][    INFO] Epoch: [44/250]	Iter: [24200/138750]	Time 0.08 (0.08)	Data 0.00 (0.00)	Loss 6.41658 (6.45911)	LR 0.00010	
[2024-07-15 23:57:10,503][   train_val.py][line: 219][    INFO] Epoch: [44/250]	Iter: [24400/138750]	Time 0.08 (0.08)	Data 0.00 (0.00)	Loss 6.46023 (6.48015)	LR 0.00010	
[2024-07-15 23:57:56,077][   train_val.py][line: 219][    INFO] Epoch: [45/250]	Iter: [24600/138750]	Time 0.10 (0.24)	Data 0.00 (0.15)	Loss 6.58722 (6.45971)	LR 0.00010	
[2024-07-15 23:58:12,864][   train_val.py][line: 219][    INFO] Epoch: [45/250]	Iter: [24800/138750]	Time 0.08 (0.08)	Data 0.00 (0.00)	Loss 6.34476 (6.46688)	LR 0.00010	
[2024-07-15 23:58:58,399][   train_val.py][line: 219][    INFO] Epoch: [46/250]	Iter: [25000/138750]	Time 0.08 (1.21)	Data 0.00 (1.11)	Loss 6.34228 (6.49315)	LR 0.00010	
[2024-07-15 23:59:15,213][   train_val.py][line: 219][    INFO] Epoch: [46/250]	Iter: [25200/138750]	Time 0.08 (0.08)	Data 0.00 (0.00)	Loss 6.33662 (6.45030)	LR 0.00010	
[2024-07-15 23:59:31,941][   train_val.py][line: 219][    INFO] Epoch: [46/250]	Iter: [25400/138750]	Time 0.08 (0.08)	Data 0.00 (0.00)	Loss 6.15814 (6.45915)	LR 0.00010	
[2024-07-16 00:00:17,289][   train_val.py][line: 219][    INFO] Epoch: [47/250]	Iter: [25600/138750]	Time 0.08 (0.48)	Data 0.00 (0.40)	Loss 6.49639 (6.42117)	LR 0.00010	
[2024-07-16 00:00:34,230][   train_val.py][line: 219][    INFO] Epoch: [47/250]	Iter: [25800/138750]	Time 0.08 (0.08)	Data 0.00 (0.00)	Loss 6.69422 (6.45782)	LR 0.00010	
[2024-07-16 00:00:51,086][   train_val.py][line: 219][    INFO] Epoch: [47/250]	Iter: [26000/138750]	Time 0.09 (0.08)	Data 0.00 (0.00)	Loss 6.69044 (6.44100)	LR 0.00010	
[2024-07-16 00:01:36,808][   train_val.py][line: 219][    INFO] Epoch: [48/250]	Iter: [26200/138750]	Time 0.08 (0.33)	Data 0.00 (0.24)	Loss 6.45752 (6.42471)	LR 0.00010	
[2024-07-16 00:01:53,614][   train_val.py][line: 219][    INFO] Epoch: [48/250]	Iter: [26400/138750]	Time 0.08 (0.08)	Data 0.00 (0.00)	Loss 6.37503 (6.41761)	LR 0.00010	
[2024-07-16 00:02:10,559][   train_val.py][line: 219][    INFO] Epoch: [48/250]	Iter: [26600/138750]	Time 0.08 (0.08)	Data 0.00 (0.00)	Loss 6.63944 (6.44173)	LR 0.00010	
[2024-07-16 00:02:56,232][   train_val.py][line: 219][    INFO] Epoch: [49/250]	Iter: [26800/138750]	Time 0.08 (0.26)	Data 0.00 (0.17)	Loss 6.43271 (6.40252)	LR 0.00010	
[2024-07-16 00:03:13,021][   train_val.py][line: 219][    INFO] Epoch: [49/250]	Iter: [27000/138750]	Time 0.09 (0.08)	Data 0.00 (0.00)	Loss 6.50917 (6.43060)	LR 0.00010	
[2024-07-16 00:03:58,644][   train_val.py][line: 219][    INFO] Epoch: [50/250]	Iter: [27200/138750]	Time 0.08 (5.68)	Data 0.00 (5.53)	Loss 6.28172 (6.48690)	LR 0.00010	
[2024-07-16 00:04:15,490][   train_val.py][line: 219][    INFO] Epoch: [50/250]	Iter: [27400/138750]	Time 0.08 (0.08)	Data 0.00 (0.00)	Loss 6.23823 (6.40643)	LR 0.00010	
[2024-07-16 00:04:32,325][   train_val.py][line: 219][    INFO] Epoch: [50/250]	Iter: [27600/138750]	Time 0.09 (0.08)	Data 0.00 (0.00)	Loss 6.30844 (6.41765)	LR 0.00010	
[2024-07-16 00:05:22,463][   train_val.py][line: 282][    INFO] Gathering final results ...
[2024-07-16 00:05:22,464][   train_val.py][line: 284][    INFO]  * Loss 4.95988	total_num=2039.0
[2024-07-16 00:05:40,571][ eval_helper.py][line: 224][    INFO] 
|  clsname  |   max    |   mean   |   std    |
|:---------:|:--------:|:--------:|:--------:|
| UOG_1676  | 0.598772 | 0.636683 | 0.552988 |
| UOG_2057  | 0.575266 | 0.581005 | 0.601737 |
| UOG_1996  | 0.652935 | 0.654028 | 0.631834 |
|   mean    | 0.608991 | 0.623905 | 0.59552  |
[2024-07-16 00:05:40,586][   train_val.py][line: 130][    INFO] best_metric = 0.6003137700116931
[2024-07-16 00:06:12,751][   train_val.py][line: 219][    INFO] Epoch: [51/250]	Iter: [27800/138750]	Time 0.08 (0.64)	Data 0.00 (0.55)	Loss 6.39291 (6.37348)	LR 0.00001	
[2024-07-16 00:06:29,475][   train_val.py][line: 219][    INFO] Epoch: [51/250]	Iter: [28000/138750]	Time 0.08 (0.08)	Data 0.00 (0.00)	Loss 6.22156 (6.38573)	LR 0.00001	
[2024-07-16 00:06:46,314][   train_val.py][line: 219][    INFO] Epoch: [51/250]	Iter: [28200/138750]	Time 0.08 (0.08)	Data 0.00 (0.00)	Loss 6.33203 (6.38562)	LR 0.00001	
[2024-07-16 00:07:31,708][   train_val.py][line: 219][    INFO] Epoch: [52/250]	Iter: [28400/138750]	Time 0.08 (0.38)	Data 0.00 (0.29)	Loss 6.36971 (6.36823)	LR 0.00001	
[2024-07-16 00:07:48,586][   train_val.py][line: 219][    INFO] Epoch: [52/250]	Iter: [28600/138750]	Time 0.08 (0.08)	Data 0.00 (0.00)	Loss 6.31138 (6.36564)	LR 0.00001	
[2024-07-16 00:08:05,501][   train_val.py][line: 219][    INFO] Epoch: [52/250]	Iter: [28800/138750]	Time 0.08 (0.08)	Data 0.00 (0.00)	Loss 6.32488 (6.38303)	LR 0.00001	
[2024-07-16 00:08:51,049][   train_val.py][line: 219][    INFO] Epoch: [53/250]	Iter: [29000/138750]	Time 0.09 (0.28)	Data 0.00 (0.20)	Loss 6.31424 (6.37117)	LR 0.00001	
[2024-07-16 00:09:07,826][   train_val.py][line: 219][    INFO] Epoch: [53/250]	Iter: [29200/138750]	Time 0.08 (0.08)	Data 0.00 (0.00)	Loss 6.53928 (6.37551)	LR 0.00001	
[2024-07-16 00:09:24,730][   train_val.py][line: 219][    INFO] Epoch: [53/250]	Iter: [29400/138750]	Time 0.08 (0.08)	Data 0.00 (0.00)	Loss 6.26231 (6.37130)	LR 0.00001	
[2024-07-16 00:10:10,190][   train_val.py][line: 219][    INFO] Epoch: [54/250]	Iter: [29600/138750]	Time 0.08 (0.23)	Data 0.00 (0.15)	Loss 6.14381 (6.36123)	LR 0.00001	
[2024-07-16 00:10:27,221][   train_val.py][line: 219][    INFO] Epoch: [54/250]	Iter: [29800/138750]	Time 0.08 (0.08)	Data 0.00 (0.00)	Loss 6.51281 (6.35678)	LR 0.00001	
[2024-07-16 00:11:13,088][   train_val.py][line: 219][    INFO] Epoch: [55/250]	Iter: [30000/138750]	Time 0.08 (1.02)	Data 0.00 (0.93)	Loss 6.29680 (6.35769)	LR 0.00001	
[2024-07-16 00:11:29,808][   train_val.py][line: 219][    INFO] Epoch: [55/250]	Iter: [30200/138750]	Time 0.08 (0.08)	Data 0.00 (0.00)	Loss 6.82065 (6.36115)	LR 0.00001	
[2024-07-16 00:11:46,757][   train_val.py][line: 219][    INFO] Epoch: [55/250]	Iter: [30400/138750]	Time 0.08 (0.08)	Data 0.00 (0.00)	Loss 6.35957 (6.37921)	LR 0.00001	
[2024-07-16 00:12:32,288][   train_val.py][line: 219][    INFO] Epoch: [56/250]	Iter: [30600/138750]	Time 0.08 (0.46)	Data 0.00 (0.37)	Loss 6.02217 (6.35360)	LR 0.00001	
[2024-07-16 00:12:49,166][   train_val.py][line: 219][    INFO] Epoch: [56/250]	Iter: [30800/138750]	Time 0.08 (0.08)	Data 0.00 (0.00)	Loss 6.31995 (6.38882)	LR 0.00001	
[2024-07-16 00:13:06,127][   train_val.py][line: 219][    INFO] Epoch: [56/250]	Iter: [31000/138750]	Time 0.08 (0.08)	Data 0.00 (0.00)	Loss 6.66156 (6.35446)	LR 0.00001	
[2024-07-16 00:13:51,818][   train_val.py][line: 219][    INFO] Epoch: [57/250]	Iter: [31200/138750]	Time 0.08 (0.32)	Data 0.00 (0.23)	Loss 6.40709 (6.36007)	LR 0.00001	
[2024-07-16 00:14:08,825][   train_val.py][line: 219][    INFO] Epoch: [57/250]	Iter: [31400/138750]	Time 0.11 (0.08)	Data 0.00 (0.00)	Loss 6.39614 (6.36122)	LR 0.00001	
[2024-07-16 00:14:25,838][   train_val.py][line: 219][    INFO] Epoch: [57/250]	Iter: [31600/138750]	Time 0.09 (0.08)	Data 0.00 (0.00)	Loss 6.41407 (6.36639)	LR 0.00001	
[2024-07-16 00:15:11,467][   train_val.py][line: 219][    INFO] Epoch: [58/250]	Iter: [31800/138750]	Time 0.08 (0.25)	Data 0.00 (0.17)	Loss 6.41827 (6.35001)	LR 0.00001	
[2024-07-16 00:15:28,436][   train_val.py][line: 219][    INFO] Epoch: [58/250]	Iter: [32000/138750]	Time 0.09 (0.08)	Data 0.00 (0.00)	Loss 6.20451 (6.36254)	LR 0.00001	
[2024-07-16 00:16:14,192][   train_val.py][line: 219][    INFO] Epoch: [59/250]	Iter: [32200/138750]	Time 0.08 (2.89)	Data 0.00 (2.77)	Loss 6.61568 (6.37421)	LR 0.00001	
[2024-07-16 00:16:31,116][   train_val.py][line: 219][    INFO] Epoch: [59/250]	Iter: [32400/138750]	Time 0.08 (0.08)	Data 0.00 (0.00)	Loss 6.25415 (6.35890)	LR 0.00001	
[2024-07-16 00:16:48,212][   train_val.py][line: 219][    INFO] Epoch: [59/250]	Iter: [32600/138750]	Time 0.08 (0.09)	Data 0.00 (0.00)	Loss 6.21203 (6.36463)	LR 0.00001	
[2024-07-16 00:17:33,933][   train_val.py][line: 219][    INFO] Epoch: [60/250]	Iter: [32800/138750]	Time 0.08 (0.60)	Data 0.00 (0.51)	Loss 6.42184 (6.33550)	LR 0.00001	
[2024-07-16 00:17:50,823][   train_val.py][line: 219][    INFO] Epoch: [60/250]	Iter: [33000/138750]	Time 0.08 (0.08)	Data 0.00 (0.00)	Loss 6.18914 (6.34915)	LR 0.00001	
[2024-07-16 00:18:07,930][   train_val.py][line: 219][    INFO] Epoch: [60/250]	Iter: [33200/138750]	Time 0.08 (0.09)	Data 0.00 (0.00)	Loss 6.30604 (6.37520)	LR 0.00001	
[2024-07-16 00:18:53,580][   train_val.py][line: 282][    INFO] Gathering final results ...
[2024-07-16 00:18:53,581][   train_val.py][line: 284][    INFO]  * Loss 5.09038	total_num=2039.0
[2024-07-16 00:19:11,593][ eval_helper.py][line: 224][    INFO] 
|  clsname  |   max    |   mean   |   std    |
|:---------:|:--------:|:--------:|:--------:|
| UOG_1676  | 0.598221 | 0.636217 | 0.55094  |
| UOG_2057  | 0.57169  | 0.578511 | 0.603509 |
| UOG_1996  | 0.646955 | 0.644246 | 0.627217 |
|   mean    | 0.605622 | 0.619658 | 0.593889 |
[2024-07-16 00:19:11,607][   train_val.py][line: 130][    INFO] best_metric = 0.6003137700116931
[2024-07-16 00:19:48,098][   train_val.py][line: 219][    INFO] Epoch: [61/250]	Iter: [33400/138750]	Time 0.11 (0.36)	Data 0.00 (0.28)	Loss 6.39264 (6.38002)	LR 0.00001	
[2024-07-16 00:20:04,928][   train_val.py][line: 219][    INFO] Epoch: [61/250]	Iter: [33600/138750]	Time 0.08 (0.08)	Data 0.00 (0.00)	Loss 6.56299 (6.34981)	LR 0.00001	
[2024-07-16 00:20:21,786][   train_val.py][line: 219][    INFO] Epoch: [61/250]	Iter: [33800/138750]	Time 0.11 (0.08)	Data 0.00 (0.00)	Loss 6.25707 (6.34526)	LR 0.00001	
[2024-07-16 00:21:07,549][   train_val.py][line: 219][    INFO] Epoch: [62/250]	Iter: [34000/138750]	Time 0.09 (0.28)	Data 0.00 (0.19)	Loss 6.73374 (6.37294)	LR 0.00001	
[2024-07-16 00:21:24,765][   train_val.py][line: 219][    INFO] Epoch: [62/250]	Iter: [34200/138750]	Time 0.08 (0.09)	Data 0.00 (0.00)	Loss 6.02914 (6.33593)	LR 0.00001	
[2024-07-16 00:21:41,566][   train_val.py][line: 219][    INFO] Epoch: [62/250]	Iter: [34400/138750]	Time 0.09 (0.08)	Data 0.00 (0.00)	Loss 6.33642 (6.36375)	LR 0.00001	
[2024-07-16 00:22:27,236][   train_val.py][line: 219][    INFO] Epoch: [63/250]	Iter: [34600/138750]	Time 0.08 (0.23)	Data 0.00 (0.15)	Loss 6.21297 (6.35263)	LR 0.00001	
[2024-07-16 00:22:44,093][   train_val.py][line: 219][    INFO] Epoch: [63/250]	Iter: [34800/138750]	Time 0.09 (0.08)	Data 0.00 (0.00)	Loss 6.37232 (6.35378)	LR 0.00001	
[2024-07-16 00:23:30,009][   train_val.py][line: 219][    INFO] Epoch: [64/250]	Iter: [35000/138750]	Time 0.08 (0.89)	Data 0.00 (0.80)	Loss 6.24851 (6.39220)	LR 0.00001	
[2024-07-16 00:23:47,099][   train_val.py][line: 219][    INFO] Epoch: [64/250]	Iter: [35200/138750]	Time 0.08 (0.09)	Data 0.00 (0.00)	Loss 6.59124 (6.34742)	LR 0.00001	
[2024-07-16 00:24:04,063][   train_val.py][line: 219][    INFO] Epoch: [64/250]	Iter: [35400/138750]	Time 0.08 (0.08)	Data 0.00 (0.00)	Loss 6.25618 (6.35141)	LR 0.00001	
[2024-07-16 00:24:49,743][   train_val.py][line: 219][    INFO] Epoch: [65/250]	Iter: [35600/138750]	Time 0.09 (0.43)	Data 0.00 (0.35)	Loss 6.17576 (6.35500)	LR 0.00001	
[2024-07-16 00:25:06,917][   train_val.py][line: 219][    INFO] Epoch: [65/250]	Iter: [35800/138750]	Time 0.09 (0.09)	Data 0.00 (0.00)	Loss 6.30948 (6.34901)	LR 0.00001	
[2024-07-16 00:25:23,784][   train_val.py][line: 219][    INFO] Epoch: [65/250]	Iter: [36000/138750]	Time 0.09 (0.08)	Data 0.00 (0.00)	Loss 6.24051 (6.35686)	LR 0.00001	
[2024-07-16 00:26:09,200][   train_val.py][line: 219][    INFO] Epoch: [66/250]	Iter: [36200/138750]	Time 0.08 (0.31)	Data 0.00 (0.22)	Loss 6.35072 (6.31799)	LR 0.00001	
[2024-07-16 00:26:26,262][   train_val.py][line: 219][    INFO] Epoch: [66/250]	Iter: [36400/138750]	Time 0.08 (0.09)	Data 0.00 (0.00)	Loss 6.52507 (6.36870)	LR 0.00001	
[2024-07-16 00:26:43,124][   train_val.py][line: 219][    INFO] Epoch: [66/250]	Iter: [36600/138750]	Time 0.08 (0.08)	Data 0.00 (0.00)	Loss 6.43694 (6.34901)	LR 0.00001	
[2024-07-16 00:27:28,717][   train_val.py][line: 219][    INFO] Epoch: [67/250]	Iter: [36800/138750]	Time 0.09 (0.25)	Data 0.00 (0.16)	Loss 6.51235 (6.34466)	LR 0.00001	
[2024-07-16 00:27:45,597][   train_val.py][line: 219][    INFO] Epoch: [67/250]	Iter: [37000/138750]	Time 0.08 (0.08)	Data 0.00 (0.00)	Loss 6.18000 (6.34606)	LR 0.00001	
[2024-07-16 00:28:31,144][   train_val.py][line: 219][    INFO] Epoch: [68/250]	Iter: [37200/138750]	Time 0.08 (1.94)	Data 0.00 (1.85)	Loss 6.15556 (6.32621)	LR 0.00001	
[2024-07-16 00:28:47,877][   train_val.py][line: 219][    INFO] Epoch: [68/250]	Iter: [37400/138750]	Time 0.08 (0.08)	Data 0.00 (0.00)	Loss 6.48671 (6.32183)	LR 0.00001	
[2024-07-16 00:29:04,668][   train_val.py][line: 219][    INFO] Epoch: [68/250]	Iter: [37600/138750]	Time 0.08 (0.08)	Data 0.00 (0.00)	Loss 6.12857 (6.35478)	LR 0.00001	
[2024-07-16 00:29:50,456][   train_val.py][line: 219][    INFO] Epoch: [69/250]	Iter: [37800/138750]	Time 0.09 (0.55)	Data 0.00 (0.46)	Loss 6.62633 (6.35552)	LR 0.00001	
[2024-07-16 00:30:07,399][   train_val.py][line: 219][    INFO] Epoch: [69/250]	Iter: [38000/138750]	Time 0.08 (0.08)	Data 0.00 (0.00)	Loss 6.65547 (6.35833)	LR 0.00001	
[2024-07-16 00:30:24,397][   train_val.py][line: 219][    INFO] Epoch: [69/250]	Iter: [38200/138750]	Time 0.08 (0.08)	Data 0.00 (0.00)	Loss 6.27108 (6.34616)	LR 0.00001	
[2024-07-16 00:31:10,093][   train_val.py][line: 219][    INFO] Epoch: [70/250]	Iter: [38400/138750]	Time 0.08 (0.35)	Data 0.00 (0.26)	Loss 6.16424 (6.35459)	LR 0.00001	
[2024-07-16 00:31:27,043][   train_val.py][line: 219][    INFO] Epoch: [70/250]	Iter: [38600/138750]	Time 0.08 (0.08)	Data 0.00 (0.00)	Loss 6.18972 (6.34098)	LR 0.00001	
[2024-07-16 00:31:43,916][   train_val.py][line: 219][    INFO] Epoch: [70/250]	Iter: [38800/138750]	Time 0.08 (0.08)	Data 0.00 (0.00)	Loss 6.30257 (6.34001)	LR 0.00001	
[2024-07-16 00:32:25,382][   train_val.py][line: 282][    INFO] Gathering final results ...
[2024-07-16 00:32:25,383][   train_val.py][line: 284][    INFO]  * Loss 5.10664	total_num=2039.0
[2024-07-16 00:32:44,074][ eval_helper.py][line: 224][    INFO] 
|  clsname  |   max    |   mean   |   std    |
|:---------:|:--------:|:--------:|:--------:|
| UOG_1676  | 0.599109 | 0.637457 | 0.55218  |
| UOG_2057  | 0.574965 | 0.580404 | 0.604471 |
| UOG_1996  | 0.649505 | 0.645561 | 0.628793 |
|   mean    | 0.60786  | 0.621141 | 0.595148 |
[2024-07-16 00:32:44,087][   train_val.py][line: 130][    INFO] best_metric = 0.6003137700116931
[2024-07-16 00:33:24,598][   train_val.py][line: 219][    INFO] Epoch: [71/250]	Iter: [39000/138750]	Time 0.09 (0.27)	Data 0.00 (0.18)	Loss 6.52416 (6.35111)	LR 0.00001	
[2024-07-16 00:33:41,421][   train_val.py][line: 219][    INFO] Epoch: [71/250]	Iter: [39200/138750]	Time 0.08 (0.08)	Data 0.00 (0.00)	Loss 6.24735 (6.33446)	LR 0.00001	
[2024-07-16 00:33:58,401][   train_val.py][line: 219][    INFO] Epoch: [71/250]	Iter: [39400/138750]	Time 0.08 (0.08)	Data 0.00 (0.00)	Loss 6.24167 (6.34690)	LR 0.00001	
[2024-07-16 00:34:44,136][   train_val.py][line: 219][    INFO] Epoch: [72/250]	Iter: [39600/138750]	Time 0.08 (0.23)	Data 0.00 (0.14)	Loss 6.09137 (6.34142)	LR 0.00001	
[2024-07-16 00:35:01,193][   train_val.py][line: 219][    INFO] Epoch: [72/250]	Iter: [39800/138750]	Time 0.08 (0.09)	Data 0.00 (0.00)	Loss 6.33526 (6.34446)	LR 0.00001	
[2024-07-16 00:35:47,248][   train_val.py][line: 219][    INFO] Epoch: [73/250]	Iter: [40000/138750]	Time 0.11 (0.79)	Data 0.00 (0.69)	Loss 6.31472 (6.39314)	LR 0.00001	
[2024-07-16 00:36:04,124][   train_val.py][line: 219][    INFO] Epoch: [73/250]	Iter: [40200/138750]	Time 0.08 (0.08)	Data 0.00 (0.00)	Loss 6.32722 (6.33866)	LR 0.00001	
[2024-07-16 00:36:21,186][   train_val.py][line: 219][    INFO] Epoch: [73/250]	Iter: [40400/138750]	Time 0.08 (0.09)	Data 0.00 (0.00)	Loss 6.11426 (6.32988)	LR 0.00001	
[2024-07-16 00:37:06,857][   train_val.py][line: 219][    INFO] Epoch: [74/250]	Iter: [40600/138750]	Time 0.08 (0.41)	Data 0.00 (0.32)	Loss 6.26363 (6.34255)	LR 0.00001	
[2024-07-16 00:37:23,753][   train_val.py][line: 219][    INFO] Epoch: [74/250]	Iter: [40800/138750]	Time 0.08 (0.08)	Data 0.00 (0.00)	Loss 6.50367 (6.32769)	LR 0.00001	
[2024-07-16 00:37:41,045][   train_val.py][line: 219][    INFO] Epoch: [74/250]	Iter: [41000/138750]	Time 0.08 (0.09)	Data 0.00 (0.00)	Loss 5.93605 (6.34737)	LR 0.00001	
[2024-07-16 00:38:27,065][   train_val.py][line: 219][    INFO] Epoch: [75/250]	Iter: [41200/138750]	Time 0.09 (0.30)	Data 0.00 (0.21)	Loss 6.01612 (6.33165)	LR 0.00001	
[2024-07-16 00:38:44,215][   train_val.py][line: 219][    INFO] Epoch: [75/250]	Iter: [41400/138750]	Time 0.09 (0.09)	Data 0.00 (0.00)	Loss 6.33022 (6.35763)	LR 0.00001	
[2024-07-16 00:39:01,337][   train_val.py][line: 219][    INFO] Epoch: [75/250]	Iter: [41600/138750]	Time 0.08 (0.09)	Data 0.00 (0.00)	Loss 6.38169 (6.32251)	LR 0.00001	
[2024-07-16 00:39:46,997][   train_val.py][line: 219][    INFO] Epoch: [76/250]	Iter: [41800/138750]	Time 0.08 (0.24)	Data 0.00 (0.16)	Loss 6.45597 (6.32155)	LR 0.00001	
[2024-07-16 00:40:03,983][   train_val.py][line: 219][    INFO] Epoch: [76/250]	Iter: [42000/138750]	Time 0.08 (0.08)	Data 0.00 (0.00)	Loss 6.14630 (6.34197)	LR 0.00001	
[2024-07-16 00:40:49,932][   train_val.py][line: 219][    INFO] Epoch: [77/250]	Iter: [42200/138750]	Time 0.08 (1.49)	Data 0.00 (1.38)	Loss 6.09383 (6.32131)	LR 0.00001	
[2024-07-16 00:41:06,753][   train_val.py][line: 219][    INFO] Epoch: [77/250]	Iter: [42400/138750]	Time 0.08 (0.08)	Data 0.00 (0.00)	Loss 6.96777 (6.34010)	LR 0.00001	
[2024-07-16 00:41:24,069][   train_val.py][line: 219][    INFO] Epoch: [77/250]	Iter: [42600/138750]	Time 0.08 (0.09)	Data 0.00 (0.00)	Loss 6.17001 (6.33417)	LR 0.00001	
[2024-07-16 00:42:09,887][   train_val.py][line: 219][    INFO] Epoch: [78/250]	Iter: [42800/138750]	Time 0.08 (0.52)	Data 0.00 (0.43)	Loss 6.45784 (6.32942)	LR 0.00001	
[2024-07-16 00:42:27,057][   train_val.py][line: 219][    INFO] Epoch: [78/250]	Iter: [43000/138750]	Time 0.08 (0.09)	Data 0.00 (0.00)	Loss 6.43790 (6.34780)	LR 0.00001	
[2024-07-16 00:42:44,265][   train_val.py][line: 219][    INFO] Epoch: [78/250]	Iter: [43200/138750]	Time 0.08 (0.09)	Data 0.00 (0.00)	Loss 6.45080 (6.32797)	LR 0.00001	
[2024-07-16 00:43:30,137][   train_val.py][line: 219][    INFO] Epoch: [79/250]	Iter: [43400/138750]	Time 0.09 (0.34)	Data 0.00 (0.25)	Loss 6.18580 (6.33979)	LR 0.00001	
[2024-07-16 00:43:46,983][   train_val.py][line: 219][    INFO] Epoch: [79/250]	Iter: [43600/138750]	Time 0.09 (0.08)	Data 0.00 (0.00)	Loss 6.49676 (6.34580)	LR 0.00001	
[2024-07-16 00:44:04,089][   train_val.py][line: 219][    INFO] Epoch: [79/250]	Iter: [43800/138750]	Time 0.08 (0.09)	Data 0.00 (0.00)	Loss 6.05252 (6.31971)	LR 0.00001	
[2024-07-16 00:44:49,558][   train_val.py][line: 219][    INFO] Epoch: [80/250]	Iter: [44000/138750]	Time 0.08 (0.26)	Data 0.00 (0.18)	Loss 6.46404 (6.33958)	LR 0.00001	
[2024-07-16 00:45:06,662][   train_val.py][line: 219][    INFO] Epoch: [80/250]	Iter: [44200/138750]	Time 0.08 (0.09)	Data 0.00 (0.00)	Loss 6.30631 (6.31540)	LR 0.00001	
[2024-07-16 00:45:23,448][   train_val.py][line: 219][    INFO] Epoch: [80/250]	Iter: [44400/138750]	Time 0.07 (0.08)	Data 0.00 (0.00)	Loss 6.23434 (6.34241)	LR 0.00001	
[2024-07-16 00:46:00,938][   train_val.py][line: 282][    INFO] Gathering final results ...
[2024-07-16 00:46:00,938][   train_val.py][line: 284][    INFO]  * Loss 5.13282	total_num=2039.0
[2024-07-16 00:46:19,097][ eval_helper.py][line: 224][    INFO] 
|  clsname  |   max    |   mean   |   std    |
|:---------:|:--------:|:--------:|:--------:|
| UOG_1676  | 0.597973 | 0.636133 | 0.550761 |
| UOG_2057  | 0.571991 | 0.57824  | 0.601556 |
| UOG_1996  | 0.646741 | 0.643953 | 0.626377 |
|   mean    | 0.605568 | 0.619442 | 0.592898 |
[2024-07-16 00:46:19,119][   train_val.py][line: 130][    INFO] best_metric = 0.6003137700116931
[2024-07-16 00:47:03,987][   train_val.py][line: 219][    INFO] Epoch: [81/250]	Iter: [44600/138750]	Time 0.08 (0.22)	Data 0.00 (0.14)	Loss 6.42999 (6.33908)	LR 0.00001	
[2024-07-16 00:47:21,092][   train_val.py][line: 219][    INFO] Epoch: [81/250]	Iter: [44800/138750]	Time 0.09 (0.09)	Data 0.00 (0.00)	Loss 6.27508 (6.33052)	LR 0.00001	
[2024-07-16 00:48:06,730][   train_val.py][line: 219][    INFO] Epoch: [82/250]	Iter: [45000/138750]	Time 0.10 (0.71)	Data 0.00 (0.61)	Loss 6.27036 (6.34963)	LR 0.00001	
[2024-07-16 00:48:24,006][   train_val.py][line: 219][    INFO] Epoch: [82/250]	Iter: [45200/138750]	Time 0.08 (0.09)	Data 0.00 (0.00)	Loss 6.63730 (6.32650)	LR 0.00001	
[2024-07-16 00:48:41,022][   train_val.py][line: 219][    INFO] Epoch: [82/250]	Iter: [45400/138750]	Time 0.08 (0.08)	Data 0.00 (0.00)	Loss 6.24567 (6.33997)	LR 0.00001	
[2024-07-16 00:49:26,806][   train_val.py][line: 219][    INFO] Epoch: [83/250]	Iter: [45600/138750]	Time 0.11 (0.40)	Data 0.00 (0.31)	Loss 6.45427 (6.30851)	LR 0.00001	
[2024-07-16 00:49:43,839][   train_val.py][line: 219][    INFO] Epoch: [83/250]	Iter: [45800/138750]	Time 0.08 (0.09)	Data 0.00 (0.00)	Loss 6.43288 (6.32764)	LR 0.00001	
[2024-07-16 00:50:00,758][   train_val.py][line: 219][    INFO] Epoch: [83/250]	Iter: [46000/138750]	Time 0.10 (0.08)	Data 0.00 (0.00)	Loss 6.50260 (6.34637)	LR 0.00001	
[2024-07-16 00:50:46,322][   train_val.py][line: 219][    INFO] Epoch: [84/250]	Iter: [46200/138750]	Time 0.08 (0.29)	Data 0.00 (0.21)	Loss 6.38317 (6.32947)	LR 0.00001	
[2024-07-16 00:51:03,482][   train_val.py][line: 219][    INFO] Epoch: [84/250]	Iter: [46400/138750]	Time 0.09 (0.09)	Data 0.00 (0.00)	Loss 6.45870 (6.34080)	LR 0.00001	
[2024-07-16 00:51:20,543][   train_val.py][line: 219][    INFO] Epoch: [84/250]	Iter: [46600/138750]	Time 0.08 (0.09)	Data 0.00 (0.00)	Loss 6.82159 (6.32540)	LR 0.00001	
[2024-07-16 00:52:06,529][   train_val.py][line: 219][    INFO] Epoch: [85/250]	Iter: [46800/138750]	Time 0.09 (0.24)	Data 0.00 (0.15)	Loss 5.77838 (6.32924)	LR 0.00001	
[2024-07-16 00:52:23,435][   train_val.py][line: 219][    INFO] Epoch: [85/250]	Iter: [47000/138750]	Time 0.08 (0.08)	Data 0.00 (0.00)	Loss 6.15701 (6.34680)	LR 0.00001	
[2024-07-16 00:53:09,121][   train_val.py][line: 219][    INFO] Epoch: [86/250]	Iter: [47200/138750]	Time 0.08 (1.20)	Data 0.00 (1.10)	Loss 6.20879 (6.31853)	LR 0.00001	
[2024-07-16 00:53:26,072][   train_val.py][line: 219][    INFO] Epoch: [86/250]	Iter: [47400/138750]	Time 0.08 (0.08)	Data 0.00 (0.00)	Loss 6.22007 (6.32148)	LR 0.00001	
[2024-07-16 00:53:42,951][   train_val.py][line: 219][    INFO] Epoch: [86/250]	Iter: [47600/138750]	Time 0.09 (0.08)	Data 0.00 (0.00)	Loss 6.40480 (6.32014)	LR 0.00001	
[2024-07-16 00:54:28,568][   train_val.py][line: 219][    INFO] Epoch: [87/250]	Iter: [47800/138750]	Time 0.08 (0.48)	Data 0.00 (0.40)	Loss 6.61904 (6.29697)	LR 0.00001	
[2024-07-16 00:54:45,515][   train_val.py][line: 219][    INFO] Epoch: [87/250]	Iter: [48000/138750]	Time 0.08 (0.08)	Data 0.00 (0.00)	Loss 6.42230 (6.32691)	LR 0.00001	
[2024-07-16 00:55:02,516][   train_val.py][line: 219][    INFO] Epoch: [87/250]	Iter: [48200/138750]	Time 0.11 (0.08)	Data 0.00 (0.00)	Loss 6.31340 (6.32419)	LR 0.00001	
[2024-07-16 00:55:48,550][   train_val.py][line: 219][    INFO] Epoch: [88/250]	Iter: [48400/138750]	Time 0.08 (0.33)	Data 0.00 (0.24)	Loss 6.36762 (6.30625)	LR 0.00001	
[2024-07-16 00:56:05,513][   train_val.py][line: 219][    INFO] Epoch: [88/250]	Iter: [48600/138750]	Time 0.08 (0.08)	Data 0.00 (0.00)	Loss 6.63126 (6.31122)	LR 0.00001	
[2024-07-16 00:56:22,486][   train_val.py][line: 219][    INFO] Epoch: [88/250]	Iter: [48800/138750]	Time 0.09 (0.08)	Data 0.00 (0.00)	Loss 6.38916 (6.33208)	LR 0.00001	
[2024-07-16 00:57:08,405][   train_val.py][line: 219][    INFO] Epoch: [89/250]	Iter: [49000/138750]	Time 0.08 (0.26)	Data 0.00 (0.17)	Loss 6.47930 (6.31887)	LR 0.00001	
[2024-07-16 00:57:25,419][   train_val.py][line: 219][    INFO] Epoch: [89/250]	Iter: [49200/138750]	Time 0.08 (0.09)	Data 0.00 (0.00)	Loss 6.22139 (6.32187)	LR 0.00001	
[2024-07-16 00:58:11,370][   train_val.py][line: 219][    INFO] Epoch: [90/250]	Iter: [49400/138750]	Time 0.08 (5.71)	Data 0.00 (5.56)	Loss 6.63928 (6.42193)	LR 0.00001	
[2024-07-16 00:58:28,126][   train_val.py][line: 219][    INFO] Epoch: [90/250]	Iter: [49600/138750]	Time 0.08 (0.08)	Data 0.00 (0.00)	Loss 6.15577 (6.30958)	LR 0.00001	
[2024-07-16 00:58:45,129][   train_val.py][line: 219][    INFO] Epoch: [90/250]	Iter: [49800/138750]	Time 0.08 (0.08)	Data 0.00 (0.00)	Loss 6.38093 (6.31951)	LR 0.00001	
[2024-07-16 00:59:35,024][   train_val.py][line: 282][    INFO] Gathering final results ...
[2024-07-16 00:59:35,024][   train_val.py][line: 284][    INFO]  * Loss 5.13471	total_num=2039.0
[2024-07-16 00:59:53,576][ eval_helper.py][line: 224][    INFO] 
|  clsname  |   max    |   mean   |   std    |
|:---------:|:--------:|:--------:|:--------:|
| UOG_1676  | 0.596937 | 0.636078 | 0.550454 |
| UOG_2057  | 0.571841 | 0.577099 | 0.601797 |
| UOG_1996  | 0.648111 | 0.647169 | 0.626385 |
|   mean    | 0.605629 | 0.620115 | 0.592879 |
[2024-07-16 00:59:53,595][   train_val.py][line: 130][    INFO] best_metric = 0.6003137700116931
[2024-07-16 01:00:25,663][   train_val.py][line: 219][    INFO] Epoch: [91/250]	Iter: [50000/138750]	Time 0.08 (0.64)	Data 0.00 (0.55)	Loss 6.27247 (6.30050)	LR 0.00001	
[2024-07-16 01:00:42,521][   train_val.py][line: 219][    INFO] Epoch: [91/250]	Iter: [50200/138750]	Time 0.09 (0.08)	Data 0.00 (0.00)	Loss 6.13522 (6.29931)	LR 0.00001	
[2024-07-16 01:00:59,570][   train_val.py][line: 219][    INFO] Epoch: [91/250]	Iter: [50400/138750]	Time 0.09 (0.09)	Data 0.00 (0.00)	Loss 5.99160 (6.32815)	LR 0.00001	
[2024-07-16 01:01:45,323][   train_val.py][line: 219][    INFO] Epoch: [92/250]	Iter: [50600/138750]	Time 0.08 (0.38)	Data 0.00 (0.29)	Loss 6.55088 (6.32142)	LR 0.00001	
[2024-07-16 01:02:02,157][   train_val.py][line: 219][    INFO] Epoch: [92/250]	Iter: [50800/138750]	Time 0.08 (0.08)	Data 0.00 (0.00)	Loss 6.45577 (6.30674)	LR 0.00001	
[2024-07-16 01:02:19,504][   train_val.py][line: 219][    INFO] Epoch: [92/250]	Iter: [51000/138750]	Time 0.08 (0.09)	Data 0.00 (0.00)	Loss 6.59653 (6.33006)	LR 0.00001	
[2024-07-16 01:03:05,495][   train_val.py][line: 219][    INFO] Epoch: [93/250]	Iter: [51200/138750]	Time 0.09 (0.29)	Data 0.00 (0.20)	Loss 6.07736 (6.31083)	LR 0.00001	
[2024-07-16 01:03:22,506][   train_val.py][line: 219][    INFO] Epoch: [93/250]	Iter: [51400/138750]	Time 0.08 (0.08)	Data 0.00 (0.00)	Loss 6.29870 (6.32978)	LR 0.00001	
[2024-07-16 01:03:39,262][   train_val.py][line: 219][    INFO] Epoch: [93/250]	Iter: [51600/138750]	Time 0.08 (0.08)	Data 0.00 (0.00)	Loss 6.44891 (6.30538)	LR 0.00001	
[2024-07-16 01:04:24,815][   train_val.py][line: 219][    INFO] Epoch: [94/250]	Iter: [51800/138750]	Time 0.08 (0.24)	Data 0.00 (0.15)	Loss 6.17386 (6.30364)	LR 0.00001	
[2024-07-16 01:04:42,066][   train_val.py][line: 219][    INFO] Epoch: [94/250]	Iter: [52000/138750]	Time 0.08 (0.09)	Data 0.00 (0.00)	Loss 6.29953 (6.32284)	LR 0.00001	
[2024-07-16 01:05:27,718][   train_val.py][line: 219][    INFO] Epoch: [95/250]	Iter: [52200/138750]	Time 0.08 (1.01)	Data 0.00 (0.92)	Loss 6.73193 (6.35015)	LR 0.00001	
[2024-07-16 01:05:44,699][   train_val.py][line: 219][    INFO] Epoch: [95/250]	Iter: [52400/138750]	Time 0.09 (0.08)	Data 0.00 (0.00)	Loss 6.55174 (6.32370)	LR 0.00001	
[2024-07-16 01:06:01,965][   train_val.py][line: 219][    INFO] Epoch: [95/250]	Iter: [52600/138750]	Time 0.13 (0.09)	Data 0.00 (0.00)	Loss 6.29162 (6.30658)	LR 0.00001	
[2024-07-16 01:06:47,519][   train_val.py][line: 219][    INFO] Epoch: [96/250]	Iter: [52800/138750]	Time 0.08 (0.46)	Data 0.00 (0.37)	Loss 5.94333 (6.27627)	LR 0.00001	
[2024-07-16 01:07:04,483][   train_val.py][line: 219][    INFO] Epoch: [96/250]	Iter: [53000/138750]	Time 0.08 (0.08)	Data 0.00 (0.00)	Loss 6.08967 (6.30104)	LR 0.00001	
[2024-07-16 01:07:21,614][   train_val.py][line: 219][    INFO] Epoch: [96/250]	Iter: [53200/138750]	Time 0.08 (0.09)	Data 0.00 (0.00)	Loss 6.43897 (6.33490)	LR 0.00001	
[2024-07-16 01:08:07,382][   train_val.py][line: 219][    INFO] Epoch: [97/250]	Iter: [53400/138750]	Time 0.08 (0.32)	Data 0.00 (0.23)	Loss 6.23436 (6.30413)	LR 0.00001	
[2024-07-16 01:08:24,517][   train_val.py][line: 219][    INFO] Epoch: [97/250]	Iter: [53600/138750]	Time 0.08 (0.09)	Data 0.00 (0.00)	Loss 6.42514 (6.31204)	LR 0.00001	
[2024-07-16 01:08:41,522][   train_val.py][line: 219][    INFO] Epoch: [97/250]	Iter: [53800/138750]	Time 0.08 (0.08)	Data 0.00 (0.00)	Loss 6.55466 (6.31840)	LR 0.00001	
[2024-07-16 01:09:27,177][   train_val.py][line: 219][    INFO] Epoch: [98/250]	Iter: [54000/138750]	Time 0.08 (0.25)	Data 0.00 (0.17)	Loss 6.60225 (6.30848)	LR 0.00001	
[2024-07-16 01:09:44,077][   train_val.py][line: 219][    INFO] Epoch: [98/250]	Iter: [54200/138750]	Time 0.08 (0.08)	Data 0.00 (0.00)	Loss 6.31911 (6.30571)	LR 0.00001	
[2024-07-16 01:10:29,756][   train_val.py][line: 219][    INFO] Epoch: [99/250]	Iter: [54400/138750]	Time 0.08 (2.88)	Data 0.00 (2.76)	Loss 6.54229 (6.25230)	LR 0.00001	
[2024-07-16 01:10:47,012][   train_val.py][line: 219][    INFO] Epoch: [99/250]	Iter: [54600/138750]	Time 0.08 (0.09)	Data 0.00 (0.00)	Loss 5.99870 (6.32448)	LR 0.00001	
[2024-07-16 01:11:04,346][   train_val.py][line: 219][    INFO] Epoch: [99/250]	Iter: [54800/138750]	Time 0.08 (0.09)	Data 0.00 (0.00)	Loss 6.52165 (6.31327)	LR 0.00001	
[2024-07-16 01:11:50,035][   train_val.py][line: 219][    INFO] Epoch: [100/250]	Iter: [55000/138750]	Time 0.08 (0.59)	Data 0.00 (0.50)	Loss 6.27883 (6.32691)	LR 0.00001	
[2024-07-16 01:12:07,321][   train_val.py][line: 219][    INFO] Epoch: [100/250]	Iter: [55200/138750]	Time 0.08 (0.09)	Data 0.00 (0.00)	Loss 6.18908 (6.31548)	LR 0.00001	
[2024-07-16 01:12:24,360][   train_val.py][line: 219][    INFO] Epoch: [100/250]	Iter: [55400/138750]	Time 0.08 (0.09)	Data 0.00 (0.00)	Loss 6.52892 (6.30819)	LR 0.00001	
[2024-07-16 01:13:10,136][   train_val.py][line: 282][    INFO] Gathering final results ...
[2024-07-16 01:13:10,136][   train_val.py][line: 284][    INFO]  * Loss 5.14937	total_num=2039.0
[2024-07-16 01:13:28,154][ eval_helper.py][line: 224][    INFO] 
|  clsname  |   max    |   mean   |   std    |
|:---------:|:--------:|:--------:|:--------:|
| UOG_1676  | 0.596718 | 0.635136 | 0.550027 |
| UOG_2057  | 0.573673 | 0.581335 | 0.605132 |
| UOG_1996  | 0.644951 | 0.644753 | 0.624825 |
|   mean    | 0.605114 | 0.620408 | 0.593328 |
[2024-07-16 01:13:28,168][   train_val.py][line: 130][    INFO] best_metric = 0.6003137700116931
[2024-07-16 01:14:04,950][   train_val.py][line: 219][    INFO] Epoch: [101/250]	Iter: [55600/138750]	Time 0.08 (0.37)	Data 0.00 (0.28)	Loss 6.34522 (6.27285)	LR 0.00000	
[2024-07-16 01:14:22,023][   train_val.py][line: 219][    INFO] Epoch: [101/250]	Iter: [55800/138750]	Time 0.09 (0.09)	Data 0.00 (0.00)	Loss 6.15756 (6.32791)	LR 0.00000	
[2024-07-16 01:14:39,031][   train_val.py][line: 219][    INFO] Epoch: [101/250]	Iter: [56000/138750]	Time 0.09 (0.08)	Data 0.00 (0.00)	Loss 6.25434 (6.30931)	LR 0.00000	
[2024-07-16 01:15:24,902][   train_val.py][line: 219][    INFO] Epoch: [102/250]	Iter: [56200/138750]	Time 0.08 (0.28)	Data 0.00 (0.19)	Loss 6.63192 (6.30003)	LR 0.00000	
[2024-07-16 01:15:41,948][   train_val.py][line: 219][    INFO] Epoch: [102/250]	Iter: [56400/138750]	Time 0.08 (0.09)	Data 0.00 (0.00)	Loss 6.36704 (6.30528)	LR 0.00000	
[2024-07-16 01:15:58,986][   train_val.py][line: 219][    INFO] Epoch: [102/250]	Iter: [56600/138750]	Time 0.08 (0.09)	Data 0.00 (0.00)	Loss 6.46809 (6.32138)	LR 0.00000	
[2024-07-16 01:16:44,794][   train_val.py][line: 219][    INFO] Epoch: [103/250]	Iter: [56800/138750]	Time 0.08 (0.23)	Data 0.00 (0.15)	Loss 6.39966 (6.31365)	LR 0.00000	
[2024-07-16 01:17:01,813][   train_val.py][line: 219][    INFO] Epoch: [103/250]	Iter: [57000/138750]	Time 0.08 (0.08)	Data 0.00 (0.00)	Loss 6.27740 (6.31430)	LR 0.00000	
[2024-07-16 01:17:47,841][   train_val.py][line: 219][    INFO] Epoch: [104/250]	Iter: [57200/138750]	Time 0.08 (0.89)	Data 0.00 (0.79)	Loss 6.26367 (6.29177)	LR 0.00000	
[2024-07-16 01:18:04,860][   train_val.py][line: 219][    INFO] Epoch: [104/250]	Iter: [57400/138750]	Time 0.08 (0.08)	Data 0.00 (0.00)	Loss 6.36150 (6.29957)	LR 0.00000	
[2024-07-16 01:18:21,685][   train_val.py][line: 219][    INFO] Epoch: [104/250]	Iter: [57600/138750]	Time 0.08 (0.08)	Data 0.00 (0.00)	Loss 6.23076 (6.31879)	LR 0.00000	
[2024-07-16 01:19:07,236][   train_val.py][line: 219][    INFO] Epoch: [105/250]	Iter: [57800/138750]	Time 0.08 (0.43)	Data 0.00 (0.35)	Loss 6.07774 (6.29985)	LR 0.00000	
[2024-07-16 01:19:24,154][   train_val.py][line: 219][    INFO] Epoch: [105/250]	Iter: [58000/138750]	Time 0.09 (0.08)	Data 0.00 (0.00)	Loss 6.11886 (6.30413)	LR 0.00000	
[2024-07-16 01:19:41,241][   train_val.py][line: 219][    INFO] Epoch: [105/250]	Iter: [58200/138750]	Time 0.09 (0.09)	Data 0.00 (0.00)	Loss 6.20810 (6.31601)	LR 0.00000	
[2024-07-16 01:20:27,188][   train_val.py][line: 219][    INFO] Epoch: [106/250]	Iter: [58400/138750]	Time 0.08 (0.31)	Data 0.00 (0.22)	Loss 6.57889 (6.31299)	LR 0.00000	
[2024-07-16 01:20:44,198][   train_val.py][line: 219][    INFO] Epoch: [106/250]	Iter: [58600/138750]	Time 0.08 (0.08)	Data 0.00 (0.00)	Loss 6.46660 (6.30501)	LR 0.00000	
[2024-07-16 01:21:01,480][   train_val.py][line: 219][    INFO] Epoch: [106/250]	Iter: [58800/138750]	Time 0.08 (0.09)	Data 0.00 (0.00)	Loss 6.45501 (6.30877)	LR 0.00000	
[2024-07-16 01:21:47,255][   train_val.py][line: 219][    INFO] Epoch: [107/250]	Iter: [59000/138750]	Time 0.08 (0.25)	Data 0.00 (0.16)	Loss 6.42874 (6.29985)	LR 0.00000	
[2024-07-16 01:22:04,478][   train_val.py][line: 219][    INFO] Epoch: [107/250]	Iter: [59200/138750]	Time 0.11 (0.09)	Data 0.00 (0.00)	Loss 6.63456 (6.33011)	LR 0.00000	
[2024-07-16 01:22:50,385][   train_val.py][line: 219][    INFO] Epoch: [108/250]	Iter: [59400/138750]	Time 0.10 (1.96)	Data 0.00 (1.85)	Loss 6.18530 (6.34123)	LR 0.00000	
[2024-07-16 01:23:07,417][   train_val.py][line: 219][    INFO] Epoch: [108/250]	Iter: [59600/138750]	Time 0.09 (0.09)	Data 0.00 (0.00)	Loss 6.16530 (6.30516)	LR 0.00000	
[2024-07-16 01:23:24,326][   train_val.py][line: 219][    INFO] Epoch: [108/250]	Iter: [59800/138750]	Time 0.08 (0.08)	Data 0.00 (0.00)	Loss 6.21045 (6.30453)	LR 0.00000	
[2024-07-16 01:24:10,091][   train_val.py][line: 219][    INFO] Epoch: [109/250]	Iter: [60000/138750]	Time 0.09 (0.55)	Data 0.00 (0.46)	Loss 6.29050 (6.32233)	LR 0.00000	
[2024-07-16 01:24:27,135][   train_val.py][line: 219][    INFO] Epoch: [109/250]	Iter: [60200/138750]	Time 0.08 (0.09)	Data 0.00 (0.00)	Loss 6.43186 (6.27955)	LR 0.00000	
[2024-07-16 01:24:44,283][   train_val.py][line: 219][    INFO] Epoch: [109/250]	Iter: [60400/138750]	Time 0.08 (0.09)	Data 0.00 (0.00)	Loss 6.60452 (6.32219)	LR 0.00000	
[2024-07-16 01:25:30,058][   train_val.py][line: 219][    INFO] Epoch: [110/250]	Iter: [60600/138750]	Time 0.08 (0.35)	Data 0.00 (0.26)	Loss 6.34880 (6.27751)	LR 0.00000	
[2024-07-16 01:25:47,224][   train_val.py][line: 219][    INFO] Epoch: [110/250]	Iter: [60800/138750]	Time 0.08 (0.09)	Data 0.00 (0.00)	Loss 6.47848 (6.29893)	LR 0.00000	
[2024-07-16 01:26:04,466][   train_val.py][line: 219][    INFO] Epoch: [110/250]	Iter: [61000/138750]	Time 0.08 (0.09)	Data 0.00 (0.00)	Loss 6.54023 (6.32903)	LR 0.00000	
[2024-07-16 01:26:45,917][   train_val.py][line: 282][    INFO] Gathering final results ...
[2024-07-16 01:26:45,917][   train_val.py][line: 284][    INFO]  * Loss 5.15833	total_num=2039.0
[2024-07-16 01:27:04,693][ eval_helper.py][line: 224][    INFO] 
|  clsname  |   max    |   mean   |   std    |
|:---------:|:--------:|:--------:|:--------:|
| UOG_1676  | 0.597115 | 0.635766 | 0.550786 |
| UOG_2057  | 0.573463 | 0.580404 | 0.604621 |
| UOG_1996  | 0.645185 | 0.643517 | 0.625237 |
|   mean    | 0.605254 | 0.619896 | 0.593548 |
[2024-07-16 01:27:04,707][   train_val.py][line: 130][    INFO] best_metric = 0.6003137700116931
[2024-07-16 01:27:45,478][   train_val.py][line: 219][    INFO] Epoch: [111/250]	Iter: [61200/138750]	Time 0.08 (0.27)	Data 0.00 (0.18)	Loss 6.14722 (6.31285)	LR 0.00000	
[2024-07-16 01:28:02,816][   train_val.py][line: 219][    INFO] Epoch: [111/250]	Iter: [61400/138750]	Time 0.08 (0.09)	Data 0.00 (0.00)	Loss 6.45506 (6.30099)	LR 0.00000	
[2024-07-16 01:28:19,940][   train_val.py][line: 219][    INFO] Epoch: [111/250]	Iter: [61600/138750]	Time 0.09 (0.09)	Data 0.00 (0.00)	Loss 6.34892 (6.30215)	LR 0.00000	
[2024-07-16 01:29:05,450][   train_val.py][line: 219][    INFO] Epoch: [112/250]	Iter: [61800/138750]	Time 0.08 (0.23)	Data 0.00 (0.14)	Loss 6.61663 (6.31128)	LR 0.00000	
[2024-07-16 01:29:22,441][   train_val.py][line: 219][    INFO] Epoch: [112/250]	Iter: [62000/138750]	Time 0.08 (0.08)	Data 0.00 (0.00)	Loss 6.01608 (6.30913)	LR 0.00000	
[2024-07-16 01:30:08,112][   train_val.py][line: 219][    INFO] Epoch: [113/250]	Iter: [62200/138750]	Time 0.08 (0.79)	Data 0.00 (0.69)	Loss 6.32616 (6.31549)	LR 0.00000	
[2024-07-16 01:30:25,117][   train_val.py][line: 219][    INFO] Epoch: [113/250]	Iter: [62400/138750]	Time 0.08 (0.08)	Data 0.00 (0.00)	Loss 6.02971 (6.31358)	LR 0.00000	
[2024-07-16 01:30:42,185][   train_val.py][line: 219][    INFO] Epoch: [113/250]	Iter: [62600/138750]	Time 0.08 (0.09)	Data 0.00 (0.00)	Loss 6.33547 (6.30164)	LR 0.00000	
[2024-07-16 01:31:27,953][   train_val.py][line: 219][    INFO] Epoch: [114/250]	Iter: [62800/138750]	Time 0.09 (0.41)	Data 0.00 (0.33)	Loss 6.30648 (6.27382)	LR 0.00000	
[2024-07-16 01:31:45,032][   train_val.py][line: 219][    INFO] Epoch: [114/250]	Iter: [63000/138750]	Time 0.08 (0.09)	Data 0.00 (0.00)	Loss 6.35006 (6.30255)	LR 0.00000	
[2024-07-16 01:32:01,993][   train_val.py][line: 219][    INFO] Epoch: [114/250]	Iter: [63200/138750]	Time 0.08 (0.08)	Data 0.00 (0.00)	Loss 6.16927 (6.31250)	LR 0.00000	
[2024-07-16 01:32:47,852][   train_val.py][line: 219][    INFO] Epoch: [115/250]	Iter: [63400/138750]	Time 0.09 (0.30)	Data 0.00 (0.21)	Loss 6.36027 (6.31038)	LR 0.00000	
[2024-07-16 01:33:05,009][   train_val.py][line: 219][    INFO] Epoch: [115/250]	Iter: [63600/138750]	Time 0.09 (0.09)	Data 0.00 (0.00)	Loss 6.30982 (6.31810)	LR 0.00000	
[2024-07-16 01:33:21,997][   train_val.py][line: 219][    INFO] Epoch: [115/250]	Iter: [63800/138750]	Time 0.08 (0.08)	Data 0.00 (0.00)	Loss 6.14733 (6.28901)	LR 0.00000	
[2024-07-16 01:34:07,965][   train_val.py][line: 219][    INFO] Epoch: [116/250]	Iter: [64000/138750]	Time 0.09 (0.25)	Data 0.00 (0.16)	Loss 6.39571 (6.31397)	LR 0.00000	
[2024-07-16 01:34:25,031][   train_val.py][line: 219][    INFO] Epoch: [116/250]	Iter: [64200/138750]	Time 0.09 (0.09)	Data 0.00 (0.00)	Loss 6.65018 (6.30144)	LR 0.00000	
[2024-07-16 01:35:10,923][   train_val.py][line: 219][    INFO] Epoch: [117/250]	Iter: [64400/138750]	Time 0.12 (1.49)	Data 0.00 (1.39)	Loss 6.23293 (6.25002)	LR 0.00000	
[2024-07-16 01:35:28,246][   train_val.py][line: 219][    INFO] Epoch: [117/250]	Iter: [64600/138750]	Time 0.09 (0.09)	Data 0.00 (0.00)	Loss 6.61227 (6.32064)	LR 0.00000	
[2024-07-16 01:35:45,216][   train_val.py][line: 219][    INFO] Epoch: [117/250]	Iter: [64800/138750]	Time 0.09 (0.08)	Data 0.00 (0.00)	Loss 6.22206 (6.31130)	LR 0.00000	
[2024-07-16 01:36:31,176][   train_val.py][line: 219][    INFO] Epoch: [118/250]	Iter: [65000/138750]	Time 0.08 (0.52)	Data 0.00 (0.43)	Loss 6.35704 (6.27780)	LR 0.00000	
[2024-07-16 01:36:48,293][   train_val.py][line: 219][    INFO] Epoch: [118/250]	Iter: [65200/138750]	Time 0.08 (0.09)	Data 0.00 (0.00)	Loss 6.25916 (6.31653)	LR 0.00000	
[2024-07-16 01:37:05,427][   train_val.py][line: 219][    INFO] Epoch: [118/250]	Iter: [65400/138750]	Time 0.08 (0.09)	Data 0.00 (0.00)	Loss 6.28116 (6.31214)	LR 0.00000	
[2024-07-16 01:37:51,194][   train_val.py][line: 219][    INFO] Epoch: [119/250]	Iter: [65600/138750]	Time 0.08 (0.34)	Data 0.00 (0.25)	Loss 6.05894 (6.30656)	LR 0.00000	
[2024-07-16 01:38:08,244][   train_val.py][line: 219][    INFO] Epoch: [119/250]	Iter: [65800/138750]	Time 0.09 (0.09)	Data 0.00 (0.00)	Loss 6.09399 (6.30588)	LR 0.00000	
[2024-07-16 01:38:25,378][   train_val.py][line: 219][    INFO] Epoch: [119/250]	Iter: [66000/138750]	Time 0.11 (0.09)	Data 0.00 (0.00)	Loss 6.54410 (6.29708)	LR 0.00000	
[2024-07-16 01:39:11,087][   train_val.py][line: 219][    INFO] Epoch: [120/250]	Iter: [66200/138750]	Time 0.08 (0.26)	Data 0.00 (0.18)	Loss 6.54426 (6.29769)	LR 0.00000	
[2024-07-16 01:39:28,018][   train_val.py][line: 219][    INFO] Epoch: [120/250]	Iter: [66400/138750]	Time 0.08 (0.08)	Data 0.00 (0.00)	Loss 6.24362 (6.31838)	LR 0.00000	
[2024-07-16 01:39:45,324][   train_val.py][line: 219][    INFO] Epoch: [120/250]	Iter: [66600/138750]	Time 0.07 (0.09)	Data 0.00 (0.00)	Loss 6.75547 (6.29802)	LR 0.00000	
[2024-07-16 01:40:22,569][   train_val.py][line: 282][    INFO] Gathering final results ...
[2024-07-16 01:40:22,569][   train_val.py][line: 284][    INFO]  * Loss 5.16688	total_num=2039.0
[2024-07-16 01:40:40,816][ eval_helper.py][line: 224][    INFO] 
|  clsname  |   max    |   mean   |   std    |
|:---------:|:--------:|:--------:|:--------:|
| UOG_1676  | 0.597026 | 0.635962 | 0.550652 |
| UOG_2057  | 0.573403 | 0.580178 | 0.60414  |
| UOG_1996  | 0.645719 | 0.644048 | 0.625458 |
|   mean    | 0.605383 | 0.620063 | 0.593417 |
[2024-07-16 01:40:40,830][   train_val.py][line: 130][    INFO] best_metric = 0.6003137700116931
[2024-07-16 01:41:25,864][   train_val.py][line: 219][    INFO] Epoch: [121/250]	Iter: [66800/138750]	Time 0.10 (0.22)	Data 0.00 (0.14)	Loss 6.37271 (6.29697)	LR 0.00000	
[2024-07-16 01:41:42,944][   train_val.py][line: 219][    INFO] Epoch: [121/250]	Iter: [67000/138750]	Time 0.09 (0.09)	Data 0.00 (0.00)	Loss 6.22520 (6.30428)	LR 0.00000	
[2024-07-16 01:42:28,646][   train_val.py][line: 219][    INFO] Epoch: [122/250]	Iter: [67200/138750]	Time 0.08 (0.71)	Data 0.00 (0.62)	Loss 6.09162 (6.30063)	LR 0.00000	
[2024-07-16 01:42:45,565][   train_val.py][line: 219][    INFO] Epoch: [122/250]	Iter: [67400/138750]	Time 0.08 (0.08)	Data 0.00 (0.00)	Loss 6.45472 (6.31380)	LR 0.00000	
[2024-07-16 01:43:02,706][   train_val.py][line: 219][    INFO] Epoch: [122/250]	Iter: [67600/138750]	Time 0.08 (0.09)	Data 0.00 (0.00)	Loss 6.35974 (6.30558)	LR 0.00000	
[2024-07-16 01:43:48,639][   train_val.py][line: 219][    INFO] Epoch: [123/250]	Iter: [67800/138750]	Time 0.10 (0.40)	Data 0.00 (0.31)	Loss 6.44641 (6.28367)	LR 0.00000	
[2024-07-16 01:44:05,673][   train_val.py][line: 219][    INFO] Epoch: [123/250]	Iter: [68000/138750]	Time 0.09 (0.09)	Data 0.00 (0.00)	Loss 6.34344 (6.31146)	LR 0.00000	
[2024-07-16 01:44:22,732][   train_val.py][line: 219][    INFO] Epoch: [123/250]	Iter: [68200/138750]	Time 0.08 (0.09)	Data 0.00 (0.00)	Loss 6.44448 (6.30824)	LR 0.00000	
[2024-07-16 01:45:08,559][   train_val.py][line: 219][    INFO] Epoch: [124/250]	Iter: [68400/138750]	Time 0.08 (0.29)	Data 0.00 (0.20)	Loss 6.41356 (6.30276)	LR 0.00000	
[2024-07-16 01:45:25,638][   train_val.py][line: 219][    INFO] Epoch: [124/250]	Iter: [68600/138750]	Time 0.08 (0.09)	Data 0.00 (0.00)	Loss 6.30611 (6.30466)	LR 0.00000	
[2024-07-16 01:45:42,533][   train_val.py][line: 219][    INFO] Epoch: [124/250]	Iter: [68800/138750]	Time 0.08 (0.08)	Data 0.00 (0.00)	Loss 6.42441 (6.30872)	LR 0.00000	
[2024-07-16 01:46:28,525][   train_val.py][line: 219][    INFO] Epoch: [125/250]	Iter: [69000/138750]	Time 0.11 (0.24)	Data 0.00 (0.16)	Loss 6.24519 (6.30091)	LR 0.00000	
[2024-07-16 01:46:45,909][   train_val.py][line: 219][    INFO] Epoch: [125/250]	Iter: [69200/138750]	Time 0.11 (0.09)	Data 0.00 (0.00)	Loss 6.14752 (6.31328)	LR 0.00000	
[2024-07-16 01:47:31,738][   train_val.py][line: 219][    INFO] Epoch: [126/250]	Iter: [69400/138750]	Time 0.08 (1.21)	Data 0.00 (1.11)	Loss 6.51347 (6.35928)	LR 0.00000	
[2024-07-16 01:47:48,878][   train_val.py][line: 219][    INFO] Epoch: [126/250]	Iter: [69600/138750]	Time 0.08 (0.09)	Data 0.00 (0.00)	Loss 6.29146 (6.30785)	LR 0.00000	
[2024-07-16 01:48:06,327][   train_val.py][line: 219][    INFO] Epoch: [126/250]	Iter: [69800/138750]	Time 0.10 (0.09)	Data 0.00 (0.00)	Loss 6.26790 (6.29578)	LR 0.00000	
[2024-07-16 01:48:52,085][   train_val.py][line: 219][    INFO] Epoch: [127/250]	Iter: [70000/138750]	Time 0.08 (0.48)	Data 0.00 (0.40)	Loss 6.24716 (6.31188)	LR 0.00000	
[2024-07-16 01:49:09,383][   train_val.py][line: 219][    INFO] Epoch: [127/250]	Iter: [70200/138750]	Time 0.10 (0.09)	Data 0.00 (0.00)	Loss 6.27593 (6.30263)	LR 0.00000	
[2024-07-16 01:49:26,455][   train_val.py][line: 219][    INFO] Epoch: [127/250]	Iter: [70400/138750]	Time 0.09 (0.09)	Data 0.00 (0.00)	Loss 6.31754 (6.30092)	LR 0.00000	
