[2024-07-16 12:46:27,859][   train_val.py][line:  52][    INFO] args: Namespace(config='./stitch-o_config.yaml', evaluate=False)
[2024-07-16 12:46:27,861][   train_val.py][line:  53][    INFO] config: {'criterion': [{'kwargs': {'weight': 1.0},
                'name': 'FeatureMSELoss',
                'type': 'FeatureMSELoss'}],
 'dataset': {'batch_size': 32,
             'image_reader': {'kwargs': {'image_dir': './chunks/'},
                              'type': 'npy'},
             'input_size': [176, 176],
             'normals': [0],
             'test': {'meta_file': './chunks/metadata/test_metadata.json'},
             'train': {'hflip': False,
                       'meta_file': './chunks/metadata/train_metadata.json',
                       'rebalance': False,
                       'rotate': True,
                       'vflip': False},
             'type': 'custom',
             'workers': 8},
 'evaluator': {'eval_dir': '.\\result_eval_temp',
               'key_metric': 'mean_std_auc',
               'metrics': {'auc': [{'name': 'std'},
                                   {'kwargs': {'avgpool_size': [16, 16]},
                                    'name': 'max'},
                                   {'name': 'mean'}]},
               'save_dir': 'result_eval_temp'},
 'exp_path': '.',
 'frozen_layers': ['backbone'],
 'log_path': '.\\log/',
 'net': [{'frozen': True,
          'kwargs': {'outblocks': [1, 5, 9, 21],
                     'outstrides': [2, 4, 8, 16],
                     'pretrained': True},
          'name': 'backbone',
          'type': 'models.backbones.efficientnet_b4'},
         {'kwargs': {'outplanes': [272], 'outstrides': [16]},
          'name': 'neck',
          'prev': 'backbone',
          'type': 'models.necks.MFCN'},
         {'kwargs': {'activation': 'relu',
                     'dim_feedforward': 1024,
                     'dropout': 0.1,
                     'feature_jitter': {'prob': 1.0, 'scale': 20.0},
                     'feature_size': [11, 11],
                     'hidden_dim': 256,
                     'initializer': {'method': 'xavier_uniform'},
                     'neighbor_mask': {'mask': [True, True, True],
                                       'neighbor_size': [7, 7]},
                     'nhead': 8,
                     'normalize_before': False,
                     'num_decoder_layers': 4,
                     'num_encoder_layers': 4,
                     'pos_embed_type': 'learned',
                     'save_recon': False},
          'name': 'reconstruction',
          'prev': 'neck',
          'type': 'models.reconstructions.UniAD'}],
 'port': 11111,
 'random_seed': 133,
 'save_path': '.\\stitch-o_checkpoint/',
 'saver': {'always_save': False,
           'auto_resume': False,
           'load_path': 'stitch-o_checkpoint/ckpt.pth.tar',
           'log_dir': 'log/',
           'save_dir': 'stitch-o_checkpoint/'},
 'trainer': {'clip_max_norm': 0.1,
             'lr_scheduler': {'kwargs': {'gamma': 0.1, 'step_size': 50},
                              'type': 'StepLR'},
             'max_epoch': 250,
             'optimizer': {'kwargs': {'betas': [0.9, 0.999],
                                      'lr': 0.0001,
                                      'weight_decay': 0.0001},
                           'type': 'AdamW'},
             'print_freq_step': 200,
             'tb_freq_step': 1,
             'val_freq_epoch': 10},
 'version': 'v1.0.0'}
[2024-07-16 12:46:28,105][       utils.py][line: 740][    INFO]  not exist, load from https://github.com/lukemelas/EfficientNet-PyTorch/releases/download/1.0/efficientnet-b4-6ed6700e.pth
[2024-07-16 12:46:28,172][       utils.py][line: 761][    INFO] Loaded ImageNet pretrained efficientnet-b4
[2024-07-16 12:46:28,354][   train_val.py][line:  72][    INFO] layers: ['backbone', 'neck', 'reconstruction']
[2024-07-16 12:46:28,354][   train_val.py][line:  73][    INFO] active layers: ['reconstruction', 'neck']
[2024-07-16 12:46:28,357][custom_dataset.py][line:  40][    INFO] building CustomDataset from: ./chunks/metadata/train_metadata.json
[2024-07-16 12:46:28,410][custom_dataset.py][line:  40][    INFO] building CustomDataset from: ./chunks/metadata/test_metadata.json
[2024-07-16 12:47:22,223][   train_val.py][line: 219][    INFO] Epoch: [1/250]	Iter: [200/138750]	Time 0.11 (0.27)	Data 0.00 (0.15)	Loss 22.90507 (29.73254)	LR 0.00010	
[2024-07-16 12:47:44,052][   train_val.py][line: 219][    INFO] Epoch: [1/250]	Iter: [400/138750]	Time 0.11 (0.11)	Data 0.00 (0.00)	Loss 20.87907 (25.79984)	LR 0.00010	
[2024-07-16 12:48:39,485][   train_val.py][line: 219][    INFO] Epoch: [2/250]	Iter: [600/138750]	Time 0.11 (0.81)	Data 0.00 (0.69)	Loss 19.19962 (20.27034)	LR 0.00010	
[2024-07-16 12:49:02,060][   train_val.py][line: 219][    INFO] Epoch: [2/250]	Iter: [800/138750]	Time 0.14 (0.11)	Data 0.00 (0.00)	Loss 19.06068 (19.46958)	LR 0.00010	
[2024-07-16 12:49:24,495][   train_val.py][line: 219][    INFO] Epoch: [2/250]	Iter: [1000/138750]	Time 0.11 (0.11)	Data 0.00 (0.00)	Loss 18.20555 (18.51985)	LR 0.00010	
[2024-07-16 12:50:16,697][   train_val.py][line: 219][    INFO] Epoch: [3/250]	Iter: [1200/138750]	Time 0.09 (0.44)	Data 0.00 (0.34)	Loss 17.62626 (17.79676)	LR 0.00010	
[2024-07-16 12:50:35,585][   train_val.py][line: 219][    INFO] Epoch: [3/250]	Iter: [1400/138750]	Time 0.10 (0.09)	Data 0.00 (0.00)	Loss 17.01939 (17.45107)	LR 0.00010	
[2024-07-16 12:50:57,355][   train_val.py][line: 219][    INFO] Epoch: [3/250]	Iter: [1600/138750]	Time 0.11 (0.11)	Data 0.00 (0.00)	Loss 16.57043 (16.97948)	LR 0.00010	
[2024-07-16 12:51:51,180][   train_val.py][line: 219][    INFO] Epoch: [4/250]	Iter: [1800/138750]	Time 0.12 (0.34)	Data 0.00 (0.24)	Loss 16.37454 (16.53620)	LR 0.00010	
[2024-07-16 12:52:13,838][   train_val.py][line: 219][    INFO] Epoch: [4/250]	Iter: [2000/138750]	Time 0.11 (0.11)	Data 0.00 (0.00)	Loss 16.13685 (16.27866)	LR 0.00010	
[2024-07-16 12:52:36,770][   train_val.py][line: 219][    INFO] Epoch: [4/250]	Iter: [2200/138750]	Time 0.10 (0.11)	Data 0.00 (0.00)	Loss 15.53249 (15.94046)	LR 0.00010	
[2024-07-16 12:53:30,025][   train_val.py][line: 219][    INFO] Epoch: [5/250]	Iter: [2400/138750]	Time 0.09 (0.28)	Data 0.00 (0.17)	Loss 16.04422 (15.63926)	LR 0.00010	
